[0.096s] DEBUG:colcon:Command line arguments: ['/usr/bin/colcon', 'build']
[0.096s] DEBUG:colcon:Parsed command line arguments: Namespace(log_base=None, log_level=None, verb_name='build', build_base='build', install_base='install', merge_install=False, symlink_install=False, test_result_base=None, continue_on_error=False, executor='parallel', parallel_workers=12, event_handlers=None, ignore_user_meta=False, metas=['./colcon.meta'], base_paths=['.'], packages_ignore=None, packages_ignore_regex=None, paths=None, packages_up_to=None, packages_up_to_regex=None, packages_above=None, packages_above_and_dependencies=None, packages_above_depth=None, packages_select_by_dep=None, packages_skip_by_dep=None, packages_skip_up_to=None, packages_select_build_failed=False, packages_skip_build_finished=False, packages_select_test_failures=False, packages_skip_test_passed=False, packages_select=None, packages_skip=None, packages_select_regex=None, packages_skip_regex=None, packages_start=None, packages_end=None, allow_overriding=[], cmake_args=None, cmake_target=None, cmake_target_skip_unavailable=False, cmake_clean_cache=False, cmake_clean_first=False, cmake_force_configure=False, ament_cmake_args=None, catkin_cmake_args=None, catkin_skip_building_tests=False, mixin_files=None, mixin=None, verb_parser=<colcon_mixin.mixin.mixin_argument.MixinArgumentDecorator object at 0x7cba7e071ab0>, verb_extension=<colcon_core.verb.build.BuildVerb object at 0x7cba7e0714e0>, main=<bound method BuildVerb.main of <colcon_core.verb.build.BuildVerb object at 0x7cba7e0714e0>>, mixin_verb=('build',))
[0.265s] Level 1:colcon.colcon_core.package_discovery:discover_packages(colcon_meta) check parameters
[0.265s] Level 1:colcon.colcon_core.package_discovery:discover_packages(recursive) check parameters
[0.265s] Level 1:colcon.colcon_core.package_discovery:discover_packages(ignore) check parameters
[0.265s] Level 1:colcon.colcon_core.package_discovery:discover_packages(path) check parameters
[0.265s] Level 1:colcon.colcon_core.package_discovery:discover_packages(colcon_meta) discover
[0.266s] Level 1:colcon.colcon_core.package_discovery:discover_packages(recursive) discover
[0.266s] INFO:colcon.colcon_core.package_discovery:Crawling recursively for packages in '/home/min/dev_ws/pinkbot2'
[0.266s] Level 1:colcon.colcon_core.package_identification:_identify(.) by extensions ['ignore', 'ignore_ament_install']
[0.266s] Level 1:colcon.colcon_core.package_identification:_identify(.) by extension 'ignore'
[0.266s] Level 1:colcon.colcon_core.package_identification:_identify(.) by extension 'ignore_ament_install'
[0.266s] Level 1:colcon.colcon_core.package_identification:_identify(.) by extensions ['colcon_pkg']
[0.266s] Level 1:colcon.colcon_core.package_identification:_identify(.) by extension 'colcon_pkg'
[0.266s] Level 1:colcon.colcon_core.package_identification:_identify(.) by extensions ['colcon_meta']
[0.266s] Level 1:colcon.colcon_core.package_identification:_identify(.) by extension 'colcon_meta'
[0.266s] Level 1:colcon.colcon_core.package_identification:_identify(.) by extensions ['ros']
[0.266s] Level 1:colcon.colcon_core.package_identification:_identify(.) by extension 'ros'
[0.282s] Level 1:colcon.colcon_core.package_identification:_identify(.) by extensions ['cmake', 'python']
[0.282s] Level 1:colcon.colcon_core.package_identification:_identify(.) by extension 'cmake'
[0.282s] Level 1:colcon.colcon_core.package_identification:_identify(.) by extension 'python'
[0.282s] Level 1:colcon.colcon_core.package_identification:_identify(.) by extensions ['python_setup_py']
[0.282s] Level 1:colcon.colcon_core.package_identification:_identify(.) by extension 'python_setup_py'
[0.282s] Level 1:colcon.colcon_core.package_identification:_identify(build) by extensions ['ignore', 'ignore_ament_install']
[0.282s] Level 1:colcon.colcon_core.package_identification:_identify(build) by extension 'ignore'
[0.282s] Level 1:colcon.colcon_core.package_identification:_identify(build) ignored
[0.282s] Level 1:colcon.colcon_core.package_identification:_identify(install) by extensions ['ignore', 'ignore_ament_install']
[0.283s] Level 1:colcon.colcon_core.package_identification:_identify(install) by extension 'ignore'
[0.283s] Level 1:colcon.colcon_core.package_identification:_identify(install) ignored
[0.283s] Level 1:colcon.colcon_core.package_identification:_identify(log) by extensions ['ignore', 'ignore_ament_install']
[0.283s] Level 1:colcon.colcon_core.package_identification:_identify(log) by extension 'ignore'
[0.283s] Level 1:colcon.colcon_core.package_identification:_identify(log) ignored
[0.283s] Level 1:colcon.colcon_core.package_identification:_identify(src) by extensions ['ignore', 'ignore_ament_install']
[0.283s] Level 1:colcon.colcon_core.package_identification:_identify(src) by extension 'ignore'
[0.283s] Level 1:colcon.colcon_core.package_identification:_identify(src) by extension 'ignore_ament_install'
[0.283s] Level 1:colcon.colcon_core.package_identification:_identify(src) by extensions ['colcon_pkg']
[0.283s] Level 1:colcon.colcon_core.package_identification:_identify(src) by extension 'colcon_pkg'
[0.283s] Level 1:colcon.colcon_core.package_identification:_identify(src) by extensions ['colcon_meta']
[0.283s] Level 1:colcon.colcon_core.package_identification:_identify(src) by extension 'colcon_meta'
[0.283s] Level 1:colcon.colcon_core.package_identification:_identify(src) by extensions ['ros']
[0.283s] Level 1:colcon.colcon_core.package_identification:_identify(src) by extension 'ros'
[0.283s] Level 1:colcon.colcon_core.package_identification:_identify(src) by extensions ['cmake', 'python']
[0.283s] Level 1:colcon.colcon_core.package_identification:_identify(src) by extension 'cmake'
[0.283s] Level 1:colcon.colcon_core.package_identification:_identify(src) by extension 'python'
[0.283s] Level 1:colcon.colcon_core.package_identification:_identify(src) by extensions ['python_setup_py']
[0.283s] Level 1:colcon.colcon_core.package_identification:_identify(src) by extension 'python_setup_py'
[0.283s] Level 1:colcon.colcon_core.package_identification:_identify(src/pinklab_minibot_robot) by extensions ['ignore', 'ignore_ament_install']
[0.284s] Level 1:colcon.colcon_core.package_identification:_identify(src/pinklab_minibot_robot) by extension 'ignore'
[0.284s] Level 1:colcon.colcon_core.package_identification:_identify(src/pinklab_minibot_robot) by extension 'ignore_ament_install'
[0.284s] Level 1:colcon.colcon_core.package_identification:_identify(src/pinklab_minibot_robot) by extensions ['colcon_pkg']
[0.284s] Level 1:colcon.colcon_core.package_identification:_identify(src/pinklab_minibot_robot) by extension 'colcon_pkg'
[0.284s] Level 1:colcon.colcon_core.package_identification:_identify(src/pinklab_minibot_robot) by extensions ['colcon_meta']
[0.284s] Level 1:colcon.colcon_core.package_identification:_identify(src/pinklab_minibot_robot) by extension 'colcon_meta'
[0.284s] Level 1:colcon.colcon_core.package_identification:_identify(src/pinklab_minibot_robot) by extensions ['ros']
[0.284s] Level 1:colcon.colcon_core.package_identification:_identify(src/pinklab_minibot_robot) by extension 'ros'
[0.284s] Level 1:colcon.colcon_core.package_identification:_identify(src/pinklab_minibot_robot) by extensions ['cmake', 'python']
[0.284s] Level 1:colcon.colcon_core.package_identification:_identify(src/pinklab_minibot_robot) by extension 'cmake'
[0.284s] Level 1:colcon.colcon_core.package_identification:_identify(src/pinklab_minibot_robot) by extension 'python'
[0.284s] Level 1:colcon.colcon_core.package_identification:_identify(src/pinklab_minibot_robot) by extensions ['python_setup_py']
[0.284s] Level 1:colcon.colcon_core.package_identification:_identify(src/pinklab_minibot_robot) by extension 'python_setup_py'
[0.284s] Level 1:colcon.colcon_core.package_identification:_identify(src/pinklab_minibot_robot/docs) by extensions ['ignore', 'ignore_ament_install']
[0.284s] Level 1:colcon.colcon_core.package_identification:_identify(src/pinklab_minibot_robot/docs) by extension 'ignore'
[0.284s] Level 1:colcon.colcon_core.package_identification:_identify(src/pinklab_minibot_robot/docs) by extension 'ignore_ament_install'
[0.284s] Level 1:colcon.colcon_core.package_identification:_identify(src/pinklab_minibot_robot/docs) by extensions ['colcon_pkg']
[0.284s] Level 1:colcon.colcon_core.package_identification:_identify(src/pinklab_minibot_robot/docs) by extension 'colcon_pkg'
[0.284s] Level 1:colcon.colcon_core.package_identification:_identify(src/pinklab_minibot_robot/docs) by extensions ['colcon_meta']
[0.284s] Level 1:colcon.colcon_core.package_identification:_identify(src/pinklab_minibot_robot/docs) by extension 'colcon_meta'
[0.284s] Level 1:colcon.colcon_core.package_identification:_identify(src/pinklab_minibot_robot/docs) by extensions ['ros']
[0.284s] Level 1:colcon.colcon_core.package_identification:_identify(src/pinklab_minibot_robot/docs) by extension 'ros'
[0.284s] Level 1:colcon.colcon_core.package_identification:_identify(src/pinklab_minibot_robot/docs) by extensions ['cmake', 'python']
[0.284s] Level 1:colcon.colcon_core.package_identification:_identify(src/pinklab_minibot_robot/docs) by extension 'cmake'
[0.285s] Level 1:colcon.colcon_core.package_identification:_identify(src/pinklab_minibot_robot/docs) by extension 'python'
[0.285s] Level 1:colcon.colcon_core.package_identification:_identify(src/pinklab_minibot_robot/docs) by extensions ['python_setup_py']
[0.285s] Level 1:colcon.colcon_core.package_identification:_identify(src/pinklab_minibot_robot/docs) by extension 'python_setup_py'
[0.285s] Level 1:colcon.colcon_core.package_identification:_identify(src/pinklab_minibot_robot/docs/blender) by extensions ['ignore', 'ignore_ament_install']
[0.285s] Level 1:colcon.colcon_core.package_identification:_identify(src/pinklab_minibot_robot/docs/blender) by extension 'ignore'
[0.285s] Level 1:colcon.colcon_core.package_identification:_identify(src/pinklab_minibot_robot/docs/blender) by extension 'ignore_ament_install'
[0.285s] Level 1:colcon.colcon_core.package_identification:_identify(src/pinklab_minibot_robot/docs/blender) by extensions ['colcon_pkg']
[0.285s] Level 1:colcon.colcon_core.package_identification:_identify(src/pinklab_minibot_robot/docs/blender) by extension 'colcon_pkg'
[0.285s] Level 1:colcon.colcon_core.package_identification:_identify(src/pinklab_minibot_robot/docs/blender) by extensions ['colcon_meta']
[0.285s] Level 1:colcon.colcon_core.package_identification:_identify(src/pinklab_minibot_robot/docs/blender) by extension 'colcon_meta'
[0.285s] Level 1:colcon.colcon_core.package_identification:_identify(src/pinklab_minibot_robot/docs/blender) by extensions ['ros']
[0.285s] Level 1:colcon.colcon_core.package_identification:_identify(src/pinklab_minibot_robot/docs/blender) by extension 'ros'
[0.285s] Level 1:colcon.colcon_core.package_identification:_identify(src/pinklab_minibot_robot/docs/blender) by extensions ['cmake', 'python']
[0.285s] Level 1:colcon.colcon_core.package_identification:_identify(src/pinklab_minibot_robot/docs/blender) by extension 'cmake'
[0.285s] Level 1:colcon.colcon_core.package_identification:_identify(src/pinklab_minibot_robot/docs/blender) by extension 'python'
[0.285s] Level 1:colcon.colcon_core.package_identification:_identify(src/pinklab_minibot_robot/docs/blender) by extensions ['python_setup_py']
[0.285s] Level 1:colcon.colcon_core.package_identification:_identify(src/pinklab_minibot_robot/docs/blender) by extension 'python_setup_py'
[0.285s] Level 1:colcon.colcon_core.package_identification:_identify(src/pinklab_minibot_robot/minibot_bringup) by extensions ['ignore', 'ignore_ament_install']
[0.285s] Level 1:colcon.colcon_core.package_identification:_identify(src/pinklab_minibot_robot/minibot_bringup) by extension 'ignore'
[0.285s] Level 1:colcon.colcon_core.package_identification:_identify(src/pinklab_minibot_robot/minibot_bringup) by extension 'ignore_ament_install'
[0.286s] Level 1:colcon.colcon_core.package_identification:_identify(src/pinklab_minibot_robot/minibot_bringup) by extensions ['colcon_pkg']
[0.286s] Level 1:colcon.colcon_core.package_identification:_identify(src/pinklab_minibot_robot/minibot_bringup) by extension 'colcon_pkg'
[0.286s] Level 1:colcon.colcon_core.package_identification:_identify(src/pinklab_minibot_robot/minibot_bringup) by extensions ['colcon_meta']
[0.286s] Level 1:colcon.colcon_core.package_identification:_identify(src/pinklab_minibot_robot/minibot_bringup) by extension 'colcon_meta'
[0.286s] Level 1:colcon.colcon_core.package_identification:_identify(src/pinklab_minibot_robot/minibot_bringup) by extensions ['ros']
[0.286s] Level 1:colcon.colcon_core.package_identification:_identify(src/pinklab_minibot_robot/minibot_bringup) by extension 'ros'
[0.288s] DEBUG:colcon.colcon_core.package_identification:Package 'src/pinklab_minibot_robot/minibot_bringup' with type 'ros.ament_cmake' and name 'minibot_bringup'
[0.288s] Level 1:colcon.colcon_core.package_identification:_identify(src/pinklab_minibot_robot/minibot_controllers) by extensions ['ignore', 'ignore_ament_install']
[0.288s] Level 1:colcon.colcon_core.package_identification:_identify(src/pinklab_minibot_robot/minibot_controllers) by extension 'ignore'
[0.288s] Level 1:colcon.colcon_core.package_identification:_identify(src/pinklab_minibot_robot/minibot_controllers) by extension 'ignore_ament_install'
[0.288s] Level 1:colcon.colcon_core.package_identification:_identify(src/pinklab_minibot_robot/minibot_controllers) by extensions ['colcon_pkg']
[0.288s] Level 1:colcon.colcon_core.package_identification:_identify(src/pinklab_minibot_robot/minibot_controllers) by extension 'colcon_pkg'
[0.288s] Level 1:colcon.colcon_core.package_identification:_identify(src/pinklab_minibot_robot/minibot_controllers) by extensions ['colcon_meta']
[0.288s] Level 1:colcon.colcon_core.package_identification:_identify(src/pinklab_minibot_robot/minibot_controllers) by extension 'colcon_meta'
[0.288s] Level 1:colcon.colcon_core.package_identification:_identify(src/pinklab_minibot_robot/minibot_controllers) by extensions ['ros']
[0.288s] Level 1:colcon.colcon_core.package_identification:_identify(src/pinklab_minibot_robot/minibot_controllers) by extension 'ros'
[0.289s] DEBUG:colcon.colcon_core.package_identification:Package 'src/pinklab_minibot_robot/minibot_controllers' with type 'ros.ament_cmake' and name 'minibot_controllers'
[0.289s] Level 1:colcon.colcon_core.package_identification:_identify(src/pinklab_minibot_robot/minibot_description) by extensions ['ignore', 'ignore_ament_install']
[0.289s] Level 1:colcon.colcon_core.package_identification:_identify(src/pinklab_minibot_robot/minibot_description) by extension 'ignore'
[0.290s] Level 1:colcon.colcon_core.package_identification:_identify(src/pinklab_minibot_robot/minibot_description) by extension 'ignore_ament_install'
[0.290s] Level 1:colcon.colcon_core.package_identification:_identify(src/pinklab_minibot_robot/minibot_description) by extensions ['colcon_pkg']
[0.290s] Level 1:colcon.colcon_core.package_identification:_identify(src/pinklab_minibot_robot/minibot_description) by extension 'colcon_pkg'
[0.290s] Level 1:colcon.colcon_core.package_identification:_identify(src/pinklab_minibot_robot/minibot_description) by extensions ['colcon_meta']
[0.290s] Level 1:colcon.colcon_core.package_identification:_identify(src/pinklab_minibot_robot/minibot_description) by extension 'colcon_meta'
[0.290s] Level 1:colcon.colcon_core.package_identification:_identify(src/pinklab_minibot_robot/minibot_description) by extensions ['ros']
[0.290s] Level 1:colcon.colcon_core.package_identification:_identify(src/pinklab_minibot_robot/minibot_description) by extension 'ros'
[0.290s] DEBUG:colcon.colcon_core.package_identification:Package 'src/pinklab_minibot_robot/minibot_description' with type 'ros.ament_cmake' and name 'minibot_description'
[0.290s] Level 1:colcon.colcon_core.package_identification:_identify(src/pinklab_minibot_robot/minibot_gazebo) by extensions ['ignore', 'ignore_ament_install']
[0.290s] Level 1:colcon.colcon_core.package_identification:_identify(src/pinklab_minibot_robot/minibot_gazebo) by extension 'ignore'
[0.291s] Level 1:colcon.colcon_core.package_identification:_identify(src/pinklab_minibot_robot/minibot_gazebo) by extension 'ignore_ament_install'
[0.291s] Level 1:colcon.colcon_core.package_identification:_identify(src/pinklab_minibot_robot/minibot_gazebo) by extensions ['colcon_pkg']
[0.291s] Level 1:colcon.colcon_core.package_identification:_identify(src/pinklab_minibot_robot/minibot_gazebo) by extension 'colcon_pkg'
[0.291s] Level 1:colcon.colcon_core.package_identification:_identify(src/pinklab_minibot_robot/minibot_gazebo) by extensions ['colcon_meta']
[0.291s] Level 1:colcon.colcon_core.package_identification:_identify(src/pinklab_minibot_robot/minibot_gazebo) by extension 'colcon_meta'
[0.291s] Level 1:colcon.colcon_core.package_identification:_identify(src/pinklab_minibot_robot/minibot_gazebo) by extensions ['ros']
[0.291s] Level 1:colcon.colcon_core.package_identification:_identify(src/pinklab_minibot_robot/minibot_gazebo) by extension 'ros'
[0.291s] DEBUG:colcon.colcon_core.package_identification:Package 'src/pinklab_minibot_robot/minibot_gazebo' with type 'ros.ament_cmake' and name 'minibot_gazebo'
[0.292s] Level 1:colcon.colcon_core.package_identification:_identify(src/pinklab_minibot_robot/minibot_hardware_interface) by extensions ['ignore', 'ignore_ament_install']
[0.292s] Level 1:colcon.colcon_core.package_identification:_identify(src/pinklab_minibot_robot/minibot_hardware_interface) by extension 'ignore'
[0.292s] Level 1:colcon.colcon_core.package_identification:_identify(src/pinklab_minibot_robot/minibot_hardware_interface) by extension 'ignore_ament_install'
[0.292s] Level 1:colcon.colcon_core.package_identification:_identify(src/pinklab_minibot_robot/minibot_hardware_interface) by extensions ['colcon_pkg']
[0.292s] Level 1:colcon.colcon_core.package_identification:_identify(src/pinklab_minibot_robot/minibot_hardware_interface) by extension 'colcon_pkg'
[0.292s] Level 1:colcon.colcon_core.package_identification:_identify(src/pinklab_minibot_robot/minibot_hardware_interface) by extensions ['colcon_meta']
[0.292s] Level 1:colcon.colcon_core.package_identification:_identify(src/pinklab_minibot_robot/minibot_hardware_interface) by extension 'colcon_meta'
[0.292s] Level 1:colcon.colcon_core.package_identification:_identify(src/pinklab_minibot_robot/minibot_hardware_interface) by extensions ['ros']
[0.292s] Level 1:colcon.colcon_core.package_identification:_identify(src/pinklab_minibot_robot/minibot_hardware_interface) by extension 'ros'
[0.293s] DEBUG:colcon.colcon_core.package_identification:Package 'src/pinklab_minibot_robot/minibot_hardware_interface' with type 'ros.ament_cmake' and name 'minibot_hardware_interface'
[0.293s] Level 1:colcon.colcon_core.package_identification:_identify(src/pinklab_minibot_robot/minibot_interfaces) by extensions ['ignore', 'ignore_ament_install']
[0.293s] Level 1:colcon.colcon_core.package_identification:_identify(src/pinklab_minibot_robot/minibot_interfaces) by extension 'ignore'
[0.293s] Level 1:colcon.colcon_core.package_identification:_identify(src/pinklab_minibot_robot/minibot_interfaces) by extension 'ignore_ament_install'
[0.293s] Level 1:colcon.colcon_core.package_identification:_identify(src/pinklab_minibot_robot/minibot_interfaces) by extensions ['colcon_pkg']
[0.293s] Level 1:colcon.colcon_core.package_identification:_identify(src/pinklab_minibot_robot/minibot_interfaces) by extension 'colcon_pkg'
[0.293s] Level 1:colcon.colcon_core.package_identification:_identify(src/pinklab_minibot_robot/minibot_interfaces) by extensions ['colcon_meta']
[0.293s] Level 1:colcon.colcon_core.package_identification:_identify(src/pinklab_minibot_robot/minibot_interfaces) by extension 'colcon_meta'
[0.293s] Level 1:colcon.colcon_core.package_identification:_identify(src/pinklab_minibot_robot/minibot_interfaces) by extensions ['ros']
[0.293s] Level 1:colcon.colcon_core.package_identification:_identify(src/pinklab_minibot_robot/minibot_interfaces) by extension 'ros'
[0.294s] DEBUG:colcon.colcon_core.package_identification:Package 'src/pinklab_minibot_robot/minibot_interfaces' with type 'ros.ament_cmake' and name 'minibot_interfaces'
[0.294s] Level 1:colcon.colcon_core.package_identification:_identify(src/pinklab_minibot_robot/minibot_navigation2) by extensions ['ignore', 'ignore_ament_install']
[0.294s] Level 1:colcon.colcon_core.package_identification:_identify(src/pinklab_minibot_robot/minibot_navigation2) by extension 'ignore'
[0.294s] Level 1:colcon.colcon_core.package_identification:_identify(src/pinklab_minibot_robot/minibot_navigation2) by extension 'ignore_ament_install'
[0.294s] Level 1:colcon.colcon_core.package_identification:_identify(src/pinklab_minibot_robot/minibot_navigation2) by extensions ['colcon_pkg']
[0.294s] Level 1:colcon.colcon_core.package_identification:_identify(src/pinklab_minibot_robot/minibot_navigation2) by extension 'colcon_pkg'
[0.294s] Level 1:colcon.colcon_core.package_identification:_identify(src/pinklab_minibot_robot/minibot_navigation2) by extensions ['colcon_meta']
[0.294s] Level 1:colcon.colcon_core.package_identification:_identify(src/pinklab_minibot_robot/minibot_navigation2) by extension 'colcon_meta'
[0.294s] Level 1:colcon.colcon_core.package_identification:_identify(src/pinklab_minibot_robot/minibot_navigation2) by extensions ['ros']
[0.294s] Level 1:colcon.colcon_core.package_identification:_identify(src/pinklab_minibot_robot/minibot_navigation2) by extension 'ros'
[0.295s] DEBUG:colcon.colcon_core.package_identification:Package 'src/pinklab_minibot_robot/minibot_navigation2' with type 'ros.ament_cmake' and name 'minibot_navigation2'
[0.295s] Level 1:colcon.colcon_core.package_discovery:discover_packages(recursive) using defaults
[0.295s] Level 1:colcon.colcon_core.package_discovery:discover_packages(ignore) discover
[0.295s] Level 1:colcon.colcon_core.package_discovery:discover_packages(ignore) using defaults
[0.295s] Level 1:colcon.colcon_core.package_discovery:discover_packages(path) discover
[0.295s] Level 1:colcon.colcon_core.package_discovery:discover_packages(path) using defaults
[0.311s] Level 1:colcon.colcon_core.package_discovery:discover_packages(prefix_path) check parameters
[0.311s] Level 1:colcon.colcon_core.package_discovery:discover_packages(prefix_path) discover
[0.313s] DEBUG:colcon.colcon_installed_package_information.package_discovery:Found 7 installed packages in /home/min/dev_ws/pinkbot2/install
[0.314s] DEBUG:colcon.colcon_installed_package_information.package_discovery:Found 393 installed packages in /opt/ros/humble
[0.316s] Level 1:colcon.colcon_core.package_discovery:discover_packages(prefix_path) using defaults
[0.357s] Level 5:colcon.colcon_core.verb:set package 'minibot_description' build argument 'cmake_args' from command line to 'None'
[0.357s] Level 5:colcon.colcon_core.verb:set package 'minibot_description' build argument 'cmake_target' from command line to 'None'
[0.357s] Level 5:colcon.colcon_core.verb:set package 'minibot_description' build argument 'cmake_target_skip_unavailable' from command line to 'False'
[0.357s] Level 5:colcon.colcon_core.verb:set package 'minibot_description' build argument 'cmake_clean_cache' from command line to 'False'
[0.357s] Level 5:colcon.colcon_core.verb:set package 'minibot_description' build argument 'cmake_clean_first' from command line to 'False'
[0.357s] Level 5:colcon.colcon_core.verb:set package 'minibot_description' build argument 'cmake_force_configure' from command line to 'False'
[0.357s] Level 5:colcon.colcon_core.verb:set package 'minibot_description' build argument 'ament_cmake_args' from command line to 'None'
[0.357s] Level 5:colcon.colcon_core.verb:set package 'minibot_description' build argument 'catkin_cmake_args' from command line to 'None'
[0.357s] Level 5:colcon.colcon_core.verb:set package 'minibot_description' build argument 'catkin_skip_building_tests' from command line to 'False'
[0.357s] DEBUG:colcon.colcon_core.verb:Building package 'minibot_description' with the following arguments: {'ament_cmake_args': None, 'build_base': '/home/min/dev_ws/pinkbot2/build/minibot_description', 'catkin_cmake_args': None, 'catkin_skip_building_tests': False, 'cmake_args': None, 'cmake_clean_cache': False, 'cmake_clean_first': False, 'cmake_force_configure': False, 'cmake_target': None, 'cmake_target_skip_unavailable': False, 'install_base': '/home/min/dev_ws/pinkbot2/install/minibot_description', 'merge_install': False, 'path': '/home/min/dev_ws/pinkbot2/src/pinklab_minibot_robot/minibot_description', 'symlink_install': False, 'test_result_base': None}
[0.357s] Level 5:colcon.colcon_core.verb:set package 'minibot_hardware_interface' build argument 'cmake_args' from command line to 'None'
[0.357s] Level 5:colcon.colcon_core.verb:set package 'minibot_hardware_interface' build argument 'cmake_target' from command line to 'None'
[0.357s] Level 5:colcon.colcon_core.verb:set package 'minibot_hardware_interface' build argument 'cmake_target_skip_unavailable' from command line to 'False'
[0.357s] Level 5:colcon.colcon_core.verb:set package 'minibot_hardware_interface' build argument 'cmake_clean_cache' from command line to 'False'
[0.358s] Level 5:colcon.colcon_core.verb:set package 'minibot_hardware_interface' build argument 'cmake_clean_first' from command line to 'False'
[0.358s] Level 5:colcon.colcon_core.verb:set package 'minibot_hardware_interface' build argument 'cmake_force_configure' from command line to 'False'
[0.358s] Level 5:colcon.colcon_core.verb:set package 'minibot_hardware_interface' build argument 'ament_cmake_args' from command line to 'None'
[0.358s] Level 5:colcon.colcon_core.verb:set package 'minibot_hardware_interface' build argument 'catkin_cmake_args' from command line to 'None'
[0.358s] Level 5:colcon.colcon_core.verb:set package 'minibot_hardware_interface' build argument 'catkin_skip_building_tests' from command line to 'False'
[0.358s] DEBUG:colcon.colcon_core.verb:Building package 'minibot_hardware_interface' with the following arguments: {'ament_cmake_args': None, 'build_base': '/home/min/dev_ws/pinkbot2/build/minibot_hardware_interface', 'catkin_cmake_args': None, 'catkin_skip_building_tests': False, 'cmake_args': None, 'cmake_clean_cache': False, 'cmake_clean_first': False, 'cmake_force_configure': False, 'cmake_target': None, 'cmake_target_skip_unavailable': False, 'install_base': '/home/min/dev_ws/pinkbot2/install/minibot_hardware_interface', 'merge_install': False, 'path': '/home/min/dev_ws/pinkbot2/src/pinklab_minibot_robot/minibot_hardware_interface', 'symlink_install': False, 'test_result_base': None}
[0.358s] Level 5:colcon.colcon_core.verb:set package 'minibot_interfaces' build argument 'cmake_args' from command line to 'None'
[0.358s] Level 5:colcon.colcon_core.verb:set package 'minibot_interfaces' build argument 'cmake_target' from command line to 'None'
[0.358s] Level 5:colcon.colcon_core.verb:set package 'minibot_interfaces' build argument 'cmake_target_skip_unavailable' from command line to 'False'
[0.358s] Level 5:colcon.colcon_core.verb:set package 'minibot_interfaces' build argument 'cmake_clean_cache' from command line to 'False'
[0.358s] Level 5:colcon.colcon_core.verb:set package 'minibot_interfaces' build argument 'cmake_clean_first' from command line to 'False'
[0.358s] Level 5:colcon.colcon_core.verb:set package 'minibot_interfaces' build argument 'cmake_force_configure' from command line to 'False'
[0.358s] Level 5:colcon.colcon_core.verb:set package 'minibot_interfaces' build argument 'ament_cmake_args' from command line to 'None'
[0.358s] Level 5:colcon.colcon_core.verb:set package 'minibot_interfaces' build argument 'catkin_cmake_args' from command line to 'None'
[0.358s] Level 5:colcon.colcon_core.verb:set package 'minibot_interfaces' build argument 'catkin_skip_building_tests' from command line to 'False'
[0.358s] DEBUG:colcon.colcon_core.verb:Building package 'minibot_interfaces' with the following arguments: {'ament_cmake_args': None, 'build_base': '/home/min/dev_ws/pinkbot2/build/minibot_interfaces', 'catkin_cmake_args': None, 'catkin_skip_building_tests': False, 'cmake_args': None, 'cmake_clean_cache': False, 'cmake_clean_first': False, 'cmake_force_configure': False, 'cmake_target': None, 'cmake_target_skip_unavailable': False, 'install_base': '/home/min/dev_ws/pinkbot2/install/minibot_interfaces', 'merge_install': False, 'path': '/home/min/dev_ws/pinkbot2/src/pinklab_minibot_robot/minibot_interfaces', 'symlink_install': False, 'test_result_base': None}
[0.358s] Level 5:colcon.colcon_core.verb:set package 'minibot_navigation2' build argument 'cmake_args' from command line to 'None'
[0.358s] Level 5:colcon.colcon_core.verb:set package 'minibot_navigation2' build argument 'cmake_target' from command line to 'None'
[0.359s] Level 5:colcon.colcon_core.verb:set package 'minibot_navigation2' build argument 'cmake_target_skip_unavailable' from command line to 'False'
[0.359s] Level 5:colcon.colcon_core.verb:set package 'minibot_navigation2' build argument 'cmake_clean_cache' from command line to 'False'
[0.359s] Level 5:colcon.colcon_core.verb:set package 'minibot_navigation2' build argument 'cmake_clean_first' from command line to 'False'
[0.359s] Level 5:colcon.colcon_core.verb:set package 'minibot_navigation2' build argument 'cmake_force_configure' from command line to 'False'
[0.359s] Level 5:colcon.colcon_core.verb:set package 'minibot_navigation2' build argument 'ament_cmake_args' from command line to 'None'
[0.359s] Level 5:colcon.colcon_core.verb:set package 'minibot_navigation2' build argument 'catkin_cmake_args' from command line to 'None'
[0.359s] Level 5:colcon.colcon_core.verb:set package 'minibot_navigation2' build argument 'catkin_skip_building_tests' from command line to 'False'
[0.359s] DEBUG:colcon.colcon_core.verb:Building package 'minibot_navigation2' with the following arguments: {'ament_cmake_args': None, 'build_base': '/home/min/dev_ws/pinkbot2/build/minibot_navigation2', 'catkin_cmake_args': None, 'catkin_skip_building_tests': False, 'cmake_args': None, 'cmake_clean_cache': False, 'cmake_clean_first': False, 'cmake_force_configure': False, 'cmake_target': None, 'cmake_target_skip_unavailable': False, 'install_base': '/home/min/dev_ws/pinkbot2/install/minibot_navigation2', 'merge_install': False, 'path': '/home/min/dev_ws/pinkbot2/src/pinklab_minibot_robot/minibot_navigation2', 'symlink_install': False, 'test_result_base': None}
[0.359s] Level 5:colcon.colcon_core.verb:set package 'minibot_controllers' build argument 'cmake_args' from command line to 'None'
[0.359s] Level 5:colcon.colcon_core.verb:set package 'minibot_controllers' build argument 'cmake_target' from command line to 'None'
[0.359s] Level 5:colcon.colcon_core.verb:set package 'minibot_controllers' build argument 'cmake_target_skip_unavailable' from command line to 'False'
[0.359s] Level 5:colcon.colcon_core.verb:set package 'minibot_controllers' build argument 'cmake_clean_cache' from command line to 'False'
[0.359s] Level 5:colcon.colcon_core.verb:set package 'minibot_controllers' build argument 'cmake_clean_first' from command line to 'False'
[0.359s] Level 5:colcon.colcon_core.verb:set package 'minibot_controllers' build argument 'cmake_force_configure' from command line to 'False'
[0.359s] Level 5:colcon.colcon_core.verb:set package 'minibot_controllers' build argument 'ament_cmake_args' from command line to 'None'
[0.359s] Level 5:colcon.colcon_core.verb:set package 'minibot_controllers' build argument 'catkin_cmake_args' from command line to 'None'
[0.359s] Level 5:colcon.colcon_core.verb:set package 'minibot_controllers' build argument 'catkin_skip_building_tests' from command line to 'False'
[0.359s] DEBUG:colcon.colcon_core.verb:Building package 'minibot_controllers' with the following arguments: {'ament_cmake_args': None, 'build_base': '/home/min/dev_ws/pinkbot2/build/minibot_controllers', 'catkin_cmake_args': None, 'catkin_skip_building_tests': False, 'cmake_args': None, 'cmake_clean_cache': False, 'cmake_clean_first': False, 'cmake_force_configure': False, 'cmake_target': None, 'cmake_target_skip_unavailable': False, 'install_base': '/home/min/dev_ws/pinkbot2/install/minibot_controllers', 'merge_install': False, 'path': '/home/min/dev_ws/pinkbot2/src/pinklab_minibot_robot/minibot_controllers', 'symlink_install': False, 'test_result_base': None}
[0.359s] Level 5:colcon.colcon_core.verb:set package 'minibot_gazebo' build argument 'cmake_args' from command line to 'None'
[0.359s] Level 5:colcon.colcon_core.verb:set package 'minibot_gazebo' build argument 'cmake_target' from command line to 'None'
[0.360s] Level 5:colcon.colcon_core.verb:set package 'minibot_gazebo' build argument 'cmake_target_skip_unavailable' from command line to 'False'
[0.360s] Level 5:colcon.colcon_core.verb:set package 'minibot_gazebo' build argument 'cmake_clean_cache' from command line to 'False'
[0.360s] Level 5:colcon.colcon_core.verb:set package 'minibot_gazebo' build argument 'cmake_clean_first' from command line to 'False'
[0.360s] Level 5:colcon.colcon_core.verb:set package 'minibot_gazebo' build argument 'cmake_force_configure' from command line to 'False'
[0.360s] Level 5:colcon.colcon_core.verb:set package 'minibot_gazebo' build argument 'ament_cmake_args' from command line to 'None'
[0.360s] Level 5:colcon.colcon_core.verb:set package 'minibot_gazebo' build argument 'catkin_cmake_args' from command line to 'None'
[0.360s] Level 5:colcon.colcon_core.verb:set package 'minibot_gazebo' build argument 'catkin_skip_building_tests' from command line to 'False'
[0.360s] DEBUG:colcon.colcon_core.verb:Building package 'minibot_gazebo' with the following arguments: {'ament_cmake_args': None, 'build_base': '/home/min/dev_ws/pinkbot2/build/minibot_gazebo', 'catkin_cmake_args': None, 'catkin_skip_building_tests': False, 'cmake_args': None, 'cmake_clean_cache': False, 'cmake_clean_first': False, 'cmake_force_configure': False, 'cmake_target': None, 'cmake_target_skip_unavailable': False, 'install_base': '/home/min/dev_ws/pinkbot2/install/minibot_gazebo', 'merge_install': False, 'path': '/home/min/dev_ws/pinkbot2/src/pinklab_minibot_robot/minibot_gazebo', 'symlink_install': False, 'test_result_base': None}
[0.360s] Level 5:colcon.colcon_core.verb:set package 'minibot_bringup' build argument 'cmake_args' from command line to 'None'
[0.360s] Level 5:colcon.colcon_core.verb:set package 'minibot_bringup' build argument 'cmake_target' from command line to 'None'
[0.360s] Level 5:colcon.colcon_core.verb:set package 'minibot_bringup' build argument 'cmake_target_skip_unavailable' from command line to 'False'
[0.360s] Level 5:colcon.colcon_core.verb:set package 'minibot_bringup' build argument 'cmake_clean_cache' from command line to 'False'
[0.360s] Level 5:colcon.colcon_core.verb:set package 'minibot_bringup' build argument 'cmake_clean_first' from command line to 'False'
[0.360s] Level 5:colcon.colcon_core.verb:set package 'minibot_bringup' build argument 'cmake_force_configure' from command line to 'False'
[0.360s] Level 5:colcon.colcon_core.verb:set package 'minibot_bringup' build argument 'ament_cmake_args' from command line to 'None'
[0.360s] Level 5:colcon.colcon_core.verb:set package 'minibot_bringup' build argument 'catkin_cmake_args' from command line to 'None'
[0.360s] Level 5:colcon.colcon_core.verb:set package 'minibot_bringup' build argument 'catkin_skip_building_tests' from command line to 'False'
[0.360s] DEBUG:colcon.colcon_core.verb:Building package 'minibot_bringup' with the following arguments: {'ament_cmake_args': None, 'build_base': '/home/min/dev_ws/pinkbot2/build/minibot_bringup', 'catkin_cmake_args': None, 'catkin_skip_building_tests': False, 'cmake_args': None, 'cmake_clean_cache': False, 'cmake_clean_first': False, 'cmake_force_configure': False, 'cmake_target': None, 'cmake_target_skip_unavailable': False, 'install_base': '/home/min/dev_ws/pinkbot2/install/minibot_bringup', 'merge_install': False, 'path': '/home/min/dev_ws/pinkbot2/src/pinklab_minibot_robot/minibot_bringup', 'symlink_install': False, 'test_result_base': None}
[0.360s] INFO:colcon.colcon_core.executor:Executing jobs using 'parallel' executor
[0.361s] DEBUG:colcon.colcon_parallel_executor.executor.parallel:run_until_complete
[0.361s] INFO:colcon.colcon_ros.task.ament_cmake.build:Building ROS package in '/home/min/dev_ws/pinkbot2/src/pinklab_minibot_robot/minibot_description' with build type 'ament_cmake'
[0.362s] INFO:colcon.colcon_cmake.task.cmake.build:Building CMake package in '/home/min/dev_ws/pinkbot2/src/pinklab_minibot_robot/minibot_description'
[0.363s] INFO:colcon.colcon_core.plugin_system:Skipping extension 'colcon_core.shell.bat': Not used on non-Windows systems
[0.364s] INFO:colcon.colcon_core.shell:Skip shell extension 'powershell' for command environment: Not usable outside of PowerShell
[0.364s] DEBUG:colcon.colcon_core.shell:Skip shell extension 'dsv' for command environment
[0.367s] INFO:colcon.colcon_ros.task.ament_cmake.build:Building ROS package in '/home/min/dev_ws/pinkbot2/src/pinklab_minibot_robot/minibot_interfaces' with build type 'ament_cmake'
[0.367s] INFO:colcon.colcon_cmake.task.cmake.build:Building CMake package in '/home/min/dev_ws/pinkbot2/src/pinklab_minibot_robot/minibot_interfaces'
[0.367s] INFO:colcon.colcon_core.shell:Skip shell extension 'powershell' for command environment: Not usable outside of PowerShell
[0.367s] DEBUG:colcon.colcon_core.shell:Skip shell extension 'dsv' for command environment
[0.370s] INFO:colcon.colcon_ros.task.ament_cmake.build:Building ROS package in '/home/min/dev_ws/pinkbot2/src/pinklab_minibot_robot/minibot_hardware_interface' with build type 'ament_cmake'
[0.370s] INFO:colcon.colcon_cmake.task.cmake.build:Building CMake package in '/home/min/dev_ws/pinkbot2/src/pinklab_minibot_robot/minibot_hardware_interface'
[0.371s] INFO:colcon.colcon_core.shell:Skip shell extension 'powershell' for command environment: Not usable outside of PowerShell
[0.371s] DEBUG:colcon.colcon_core.shell:Skip shell extension 'dsv' for command environment
[0.373s] INFO:colcon.colcon_ros.task.ament_cmake.build:Building ROS package in '/home/min/dev_ws/pinkbot2/src/pinklab_minibot_robot/minibot_navigation2' with build type 'ament_cmake'
[0.374s] INFO:colcon.colcon_cmake.task.cmake.build:Building CMake package in '/home/min/dev_ws/pinkbot2/src/pinklab_minibot_robot/minibot_navigation2'
[0.374s] INFO:colcon.colcon_core.shell:Skip shell extension 'powershell' for command environment: Not usable outside of PowerShell
[0.374s] DEBUG:colcon.colcon_core.shell:Skip shell extension 'dsv' for command environment
[0.381s] DEBUG:colcon.colcon_core.event_handler.log_command:Invoking command in '/home/min/dev_ws/pinkbot2/build/minibot_description': CMAKE_PREFIX_PATH=${CMAKE_PREFIX_PATH}:/opt/ros/humble /usr/bin/cmake --build /home/min/dev_ws/pinkbot2/build/minibot_description -- -j12 -l12
[0.384s] DEBUG:colcon.colcon_core.event_handler.log_command:Invoking command in '/home/min/dev_ws/pinkbot2/build/minibot_interfaces': CMAKE_PREFIX_PATH=${CMAKE_PREFIX_PATH}:/opt/ros/humble /usr/bin/cmake --build /home/min/dev_ws/pinkbot2/build/minibot_interfaces -- -j12 -l12
[0.386s] DEBUG:colcon.colcon_core.event_handler.log_command:Invoking command in '/home/min/dev_ws/pinkbot2/build/minibot_hardware_interface': CMAKE_PREFIX_PATH=${CMAKE_PREFIX_PATH}:/opt/ros/humble /usr/bin/cmake --build /home/min/dev_ws/pinkbot2/build/minibot_hardware_interface -- -j12 -l12
[0.390s] DEBUG:colcon.colcon_core.event_handler.log_command:Invoking command in '/home/min/dev_ws/pinkbot2/build/minibot_navigation2': CMAKE_PREFIX_PATH=${CMAKE_PREFIX_PATH}:/opt/ros/humble /usr/bin/cmake --build /home/min/dev_ws/pinkbot2/build/minibot_navigation2 -- -j12 -l12
[0.414s] DEBUG:colcon.colcon_core.event_handler.log_command:Invoked command in '/home/min/dev_ws/pinkbot2/build/minibot_description' returned '0': CMAKE_PREFIX_PATH=${CMAKE_PREFIX_PATH}:/opt/ros/humble /usr/bin/cmake --build /home/min/dev_ws/pinkbot2/build/minibot_description -- -j12 -l12
[0.427s] DEBUG:colcon.colcon_core.event_handler.log_command:Invoked command in '/home/min/dev_ws/pinkbot2/build/minibot_navigation2' returned '0': CMAKE_PREFIX_PATH=${CMAKE_PREFIX_PATH}:/opt/ros/humble /usr/bin/cmake --build /home/min/dev_ws/pinkbot2/build/minibot_navigation2 -- -j12 -l12
[0.443s] DEBUG:colcon.colcon_core.event_handler.log_command:Invoking command in '/home/min/dev_ws/pinkbot2/build/minibot_description': CMAKE_PREFIX_PATH=${CMAKE_PREFIX_PATH}:/opt/ros/humble /usr/bin/cmake --install /home/min/dev_ws/pinkbot2/build/minibot_description
[0.448s] DEBUG:colcon.colcon_core.event_handler.log_command:Invoked command in '/home/min/dev_ws/pinkbot2/build/minibot_hardware_interface' returned '0': CMAKE_PREFIX_PATH=${CMAKE_PREFIX_PATH}:/opt/ros/humble /usr/bin/cmake --build /home/min/dev_ws/pinkbot2/build/minibot_hardware_interface -- -j12 -l12
[0.455s] Level 1:colcon.colcon_core.environment:create_environment_scripts_only(minibot_description)
[0.460s] Level 1:colcon.colcon_core.environment:checking '/home/min/dev_ws/pinkbot2/install/minibot_description' for CMake module files
[0.461s] Level 1:colcon.colcon_core.environment:checking '/home/min/dev_ws/pinkbot2/install/minibot_description' for CMake config files
[0.464s] DEBUG:colcon.colcon_core.event_handler.log_command:Invoking command in '/home/min/dev_ws/pinkbot2/build/minibot_navigation2': CMAKE_PREFIX_PATH=${CMAKE_PREFIX_PATH}:/opt/ros/humble /usr/bin/cmake --install /home/min/dev_ws/pinkbot2/build/minibot_navigation2
[0.465s] DEBUG:colcon.colcon_core.event_handler.log_command:Invoked command in '/home/min/dev_ws/pinkbot2/build/minibot_description' returned '0': CMAKE_PREFIX_PATH=${CMAKE_PREFIX_PATH}:/opt/ros/humble /usr/bin/cmake --install /home/min/dev_ws/pinkbot2/build/minibot_description
[0.466s] Level 1:colcon.colcon_core.shell:create_environment_hook('minibot_description', 'cmake_prefix_path')
[0.466s] INFO:colcon.colcon_core.shell:Creating environment hook '/home/min/dev_ws/pinkbot2/install/minibot_description/share/minibot_description/hook/cmake_prefix_path.ps1'
[0.467s] INFO:colcon.colcon_core.shell:Creating environment descriptor '/home/min/dev_ws/pinkbot2/install/minibot_description/share/minibot_description/hook/cmake_prefix_path.dsv'
[0.468s] INFO:colcon.colcon_core.shell:Creating environment hook '/home/min/dev_ws/pinkbot2/install/minibot_description/share/minibot_description/hook/cmake_prefix_path.sh'
[0.469s] Level 1:colcon.colcon_core.environment:checking '/home/min/dev_ws/pinkbot2/install/minibot_description/bin'
[0.469s] Level 1:colcon.colcon_core.environment:checking '/home/min/dev_ws/pinkbot2/install/minibot_description/lib/pkgconfig/minibot_description.pc'
[0.470s] Level 1:colcon.colcon_core.environment:checking '/home/min/dev_ws/pinkbot2/install/minibot_description/lib/python3.10/site-packages'
[0.470s] Level 1:colcon.colcon_core.environment:checking '/home/min/dev_ws/pinkbot2/install/minibot_description/bin'
[0.470s] INFO:colcon.colcon_core.shell:Creating package script '/home/min/dev_ws/pinkbot2/install/minibot_description/share/minibot_description/package.ps1'
[0.471s] INFO:colcon.colcon_core.shell:Creating package descriptor '/home/min/dev_ws/pinkbot2/install/minibot_description/share/minibot_description/package.dsv'
[0.472s] INFO:colcon.colcon_core.shell:Creating package script '/home/min/dev_ws/pinkbot2/install/minibot_description/share/minibot_description/package.sh'
[0.473s] INFO:colcon.colcon_core.shell:Creating package script '/home/min/dev_ws/pinkbot2/install/minibot_description/share/minibot_description/package.bash'
[0.474s] INFO:colcon.colcon_core.shell:Creating package script '/home/min/dev_ws/pinkbot2/install/minibot_description/share/minibot_description/package.zsh'
[0.475s] Level 1:colcon.colcon_core.environment:create_file_with_runtime_dependencies(/home/min/dev_ws/pinkbot2/install/minibot_description/share/colcon-core/packages/minibot_description)
[0.477s] DEBUG:colcon.colcon_core.event_handler.log_command:Invoking command in '/home/min/dev_ws/pinkbot2/build/minibot_hardware_interface': CMAKE_PREFIX_PATH=${CMAKE_PREFIX_PATH}:/opt/ros/humble /usr/bin/cmake --install /home/min/dev_ws/pinkbot2/build/minibot_hardware_interface
[0.477s] Level 1:colcon.colcon_core.environment:create_environment_scripts_only(minibot_navigation2)
[0.478s] Level 1:colcon.colcon_core.environment:checking '/home/min/dev_ws/pinkbot2/install/minibot_navigation2' for CMake module files
[0.478s] DEBUG:colcon.colcon_core.event_handler.log_command:Invoked command in '/home/min/dev_ws/pinkbot2/build/minibot_navigation2' returned '0': CMAKE_PREFIX_PATH=${CMAKE_PREFIX_PATH}:/opt/ros/humble /usr/bin/cmake --install /home/min/dev_ws/pinkbot2/build/minibot_navigation2
[0.479s] Level 1:colcon.colcon_core.environment:checking '/home/min/dev_ws/pinkbot2/install/minibot_navigation2' for CMake config files
[0.479s] Level 1:colcon.colcon_core.shell:create_environment_hook('minibot_navigation2', 'cmake_prefix_path')
[0.480s] INFO:colcon.colcon_core.shell:Creating environment hook '/home/min/dev_ws/pinkbot2/install/minibot_navigation2/share/minibot_navigation2/hook/cmake_prefix_path.ps1'
[0.480s] INFO:colcon.colcon_core.shell:Creating environment descriptor '/home/min/dev_ws/pinkbot2/install/minibot_navigation2/share/minibot_navigation2/hook/cmake_prefix_path.dsv'
[0.481s] INFO:colcon.colcon_core.shell:Creating environment hook '/home/min/dev_ws/pinkbot2/install/minibot_navigation2/share/minibot_navigation2/hook/cmake_prefix_path.sh'
[0.481s] Level 1:colcon.colcon_core.environment:checking '/home/min/dev_ws/pinkbot2/install/minibot_navigation2/bin'
[0.481s] Level 1:colcon.colcon_core.environment:checking '/home/min/dev_ws/pinkbot2/install/minibot_navigation2/lib/pkgconfig/minibot_navigation2.pc'
[0.482s] Level 1:colcon.colcon_core.environment:checking '/home/min/dev_ws/pinkbot2/install/minibot_navigation2/lib/python3.10/site-packages'
[0.482s] Level 1:colcon.colcon_core.environment:checking '/home/min/dev_ws/pinkbot2/install/minibot_navigation2/bin'
[0.483s] INFO:colcon.colcon_core.shell:Creating package script '/home/min/dev_ws/pinkbot2/install/minibot_navigation2/share/minibot_navigation2/package.ps1'
[0.483s] INFO:colcon.colcon_core.shell:Creating package descriptor '/home/min/dev_ws/pinkbot2/install/minibot_navigation2/share/minibot_navigation2/package.dsv'
[0.485s] INFO:colcon.colcon_core.shell:Creating package script '/home/min/dev_ws/pinkbot2/install/minibot_navigation2/share/minibot_navigation2/package.sh'
[0.486s] INFO:colcon.colcon_core.shell:Creating package script '/home/min/dev_ws/pinkbot2/install/minibot_navigation2/share/minibot_navigation2/package.bash'
[0.487s] INFO:colcon.colcon_core.shell:Creating package script '/home/min/dev_ws/pinkbot2/install/minibot_navigation2/share/minibot_navigation2/package.zsh'
[0.487s] Level 1:colcon.colcon_core.environment:create_file_with_runtime_dependencies(/home/min/dev_ws/pinkbot2/install/minibot_navigation2/share/colcon-core/packages/minibot_navigation2)
[0.489s] Level 1:colcon.colcon_core.environment:create_environment_scripts_only(minibot_hardware_interface)
[0.490s] Level 1:colcon.colcon_core.environment:checking '/home/min/dev_ws/pinkbot2/install/minibot_hardware_interface' for CMake module files
[0.490s] DEBUG:colcon.colcon_core.event_handler.log_command:Invoked command in '/home/min/dev_ws/pinkbot2/build/minibot_hardware_interface' returned '0': CMAKE_PREFIX_PATH=${CMAKE_PREFIX_PATH}:/opt/ros/humble /usr/bin/cmake --install /home/min/dev_ws/pinkbot2/build/minibot_hardware_interface
[0.491s] Level 1:colcon.colcon_core.environment:checking '/home/min/dev_ws/pinkbot2/install/minibot_hardware_interface' for CMake config files
[0.491s] Level 1:colcon.colcon_core.shell:create_environment_hook('minibot_hardware_interface', 'cmake_prefix_path')
[0.491s] INFO:colcon.colcon_core.shell:Creating environment hook '/home/min/dev_ws/pinkbot2/install/minibot_hardware_interface/share/minibot_hardware_interface/hook/cmake_prefix_path.ps1'
[0.492s] INFO:colcon.colcon_core.shell:Creating environment descriptor '/home/min/dev_ws/pinkbot2/install/minibot_hardware_interface/share/minibot_hardware_interface/hook/cmake_prefix_path.dsv'
[0.492s] INFO:colcon.colcon_core.shell:Creating environment hook '/home/min/dev_ws/pinkbot2/install/minibot_hardware_interface/share/minibot_hardware_interface/hook/cmake_prefix_path.sh'
[0.493s] Level 1:colcon.colcon_core.environment:checking '/home/min/dev_ws/pinkbot2/install/minibot_hardware_interface/lib'
[0.493s] Level 1:colcon.colcon_core.shell:create_environment_hook('minibot_hardware_interface', 'ld_library_path_lib')
[0.493s] INFO:colcon.colcon_core.shell:Creating environment hook '/home/min/dev_ws/pinkbot2/install/minibot_hardware_interface/share/minibot_hardware_interface/hook/ld_library_path_lib.ps1'
[0.493s] INFO:colcon.colcon_core.shell:Creating environment descriptor '/home/min/dev_ws/pinkbot2/install/minibot_hardware_interface/share/minibot_hardware_interface/hook/ld_library_path_lib.dsv'
[0.494s] INFO:colcon.colcon_core.shell:Creating environment hook '/home/min/dev_ws/pinkbot2/install/minibot_hardware_interface/share/minibot_hardware_interface/hook/ld_library_path_lib.sh'
[0.494s] Level 1:colcon.colcon_core.environment:checking '/home/min/dev_ws/pinkbot2/install/minibot_hardware_interface/bin'
[0.494s] Level 1:colcon.colcon_core.environment:checking '/home/min/dev_ws/pinkbot2/install/minibot_hardware_interface/lib/pkgconfig/minibot_hardware_interface.pc'
[0.494s] Level 1:colcon.colcon_core.environment:checking '/home/min/dev_ws/pinkbot2/install/minibot_hardware_interface/lib/python3.10/site-packages'
[0.494s] Level 1:colcon.colcon_core.environment:checking '/home/min/dev_ws/pinkbot2/install/minibot_hardware_interface/bin'
[0.495s] INFO:colcon.colcon_core.shell:Creating package script '/home/min/dev_ws/pinkbot2/install/minibot_hardware_interface/share/minibot_hardware_interface/package.ps1'
[0.495s] INFO:colcon.colcon_core.shell:Creating package descriptor '/home/min/dev_ws/pinkbot2/install/minibot_hardware_interface/share/minibot_hardware_interface/package.dsv'
[0.495s] INFO:colcon.colcon_core.shell:Creating package script '/home/min/dev_ws/pinkbot2/install/minibot_hardware_interface/share/minibot_hardware_interface/package.sh'
[0.495s] INFO:colcon.colcon_core.shell:Creating package script '/home/min/dev_ws/pinkbot2/install/minibot_hardware_interface/share/minibot_hardware_interface/package.bash'
[0.496s] INFO:colcon.colcon_core.shell:Creating package script '/home/min/dev_ws/pinkbot2/install/minibot_hardware_interface/share/minibot_hardware_interface/package.zsh'
[0.496s] Level 1:colcon.colcon_core.environment:create_file_with_runtime_dependencies(/home/min/dev_ws/pinkbot2/install/minibot_hardware_interface/share/colcon-core/packages/minibot_hardware_interface)
[0.498s] Level 1:colcon.colcon_core.environment:create_environment_scripts_only(minibot_description)
[0.498s] Level 1:colcon.colcon_core.environment:checking '/home/min/dev_ws/pinkbot2/install/minibot_description' for CMake module files
[0.499s] Level 1:colcon.colcon_core.environment:checking '/home/min/dev_ws/pinkbot2/install/minibot_description' for CMake config files
[0.499s] Level 1:colcon.colcon_core.shell:create_environment_hook('minibot_description', 'cmake_prefix_path')
[0.499s] INFO:colcon.colcon_core.shell:Creating environment hook '/home/min/dev_ws/pinkbot2/install/minibot_description/share/minibot_description/hook/cmake_prefix_path.ps1'
[0.500s] INFO:colcon.colcon_core.shell:Creating environment descriptor '/home/min/dev_ws/pinkbot2/install/minibot_description/share/minibot_description/hook/cmake_prefix_path.dsv'
[0.500s] INFO:colcon.colcon_core.shell:Creating environment hook '/home/min/dev_ws/pinkbot2/install/minibot_description/share/minibot_description/hook/cmake_prefix_path.sh'
[0.501s] Level 1:colcon.colcon_core.environment:checking '/home/min/dev_ws/pinkbot2/install/minibot_description/bin'
[0.501s] Level 1:colcon.colcon_core.environment:checking '/home/min/dev_ws/pinkbot2/install/minibot_description/lib/pkgconfig/minibot_description.pc'
[0.501s] Level 1:colcon.colcon_core.environment:checking '/home/min/dev_ws/pinkbot2/install/minibot_description/lib/python3.10/site-packages'
[0.502s] Level 1:colcon.colcon_core.environment:checking '/home/min/dev_ws/pinkbot2/install/minibot_description/bin'
[0.502s] INFO:colcon.colcon_core.shell:Creating package script '/home/min/dev_ws/pinkbot2/install/minibot_description/share/minibot_description/package.ps1'
[0.503s] INFO:colcon.colcon_core.shell:Creating package descriptor '/home/min/dev_ws/pinkbot2/install/minibot_description/share/minibot_description/package.dsv'
[0.503s] INFO:colcon.colcon_core.shell:Creating package script '/home/min/dev_ws/pinkbot2/install/minibot_description/share/minibot_description/package.sh'
[0.504s] INFO:colcon.colcon_core.shell:Creating package script '/home/min/dev_ws/pinkbot2/install/minibot_description/share/minibot_description/package.bash'
[0.504s] INFO:colcon.colcon_core.shell:Creating package script '/home/min/dev_ws/pinkbot2/install/minibot_description/share/minibot_description/package.zsh'
[0.505s] Level 1:colcon.colcon_core.environment:create_file_with_runtime_dependencies(/home/min/dev_ws/pinkbot2/install/minibot_description/share/colcon-core/packages/minibot_description)
[0.505s] INFO:colcon.colcon_ros.task.ament_cmake.build:Building ROS package in '/home/min/dev_ws/pinkbot2/src/pinklab_minibot_robot/minibot_gazebo' with build type 'ament_cmake'
[0.505s] INFO:colcon.colcon_cmake.task.cmake.build:Building CMake package in '/home/min/dev_ws/pinkbot2/src/pinklab_minibot_robot/minibot_gazebo'
[0.506s] INFO:colcon.colcon_core.shell:Skip shell extension 'powershell' for command environment: Not usable outside of PowerShell
[0.506s] DEBUG:colcon.colcon_core.shell:Skip shell extension 'dsv' for command environment
[0.511s] Level 1:colcon.colcon_core.environment:create_environment_scripts_only(minibot_navigation2)
[0.511s] Level 1:colcon.colcon_core.environment:checking '/home/min/dev_ws/pinkbot2/install/minibot_navigation2' for CMake module files
[0.511s] Level 1:colcon.colcon_core.environment:checking '/home/min/dev_ws/pinkbot2/install/minibot_navigation2' for CMake config files
[0.511s] Level 1:colcon.colcon_core.shell:create_environment_hook('minibot_navigation2', 'cmake_prefix_path')
[0.512s] INFO:colcon.colcon_core.shell:Creating environment hook '/home/min/dev_ws/pinkbot2/install/minibot_navigation2/share/minibot_navigation2/hook/cmake_prefix_path.ps1'
[0.512s] INFO:colcon.colcon_core.shell:Creating environment descriptor '/home/min/dev_ws/pinkbot2/install/minibot_navigation2/share/minibot_navigation2/hook/cmake_prefix_path.dsv'
[0.512s] INFO:colcon.colcon_core.shell:Creating environment hook '/home/min/dev_ws/pinkbot2/install/minibot_navigation2/share/minibot_navigation2/hook/cmake_prefix_path.sh'
[0.513s] Level 1:colcon.colcon_core.environment:checking '/home/min/dev_ws/pinkbot2/install/minibot_navigation2/bin'
[0.513s] Level 1:colcon.colcon_core.environment:checking '/home/min/dev_ws/pinkbot2/install/minibot_navigation2/lib/pkgconfig/minibot_navigation2.pc'
[0.513s] Level 1:colcon.colcon_core.environment:checking '/home/min/dev_ws/pinkbot2/install/minibot_navigation2/lib/python3.10/site-packages'
[0.513s] Level 1:colcon.colcon_core.environment:checking '/home/min/dev_ws/pinkbot2/install/minibot_navigation2/bin'
[0.513s] INFO:colcon.colcon_core.shell:Creating package script '/home/min/dev_ws/pinkbot2/install/minibot_navigation2/share/minibot_navigation2/package.ps1'
[0.514s] INFO:colcon.colcon_core.shell:Creating package descriptor '/home/min/dev_ws/pinkbot2/install/minibot_navigation2/share/minibot_navigation2/package.dsv'
[0.514s] INFO:colcon.colcon_core.shell:Creating package script '/home/min/dev_ws/pinkbot2/install/minibot_navigation2/share/minibot_navigation2/package.sh'
[0.514s] INFO:colcon.colcon_core.shell:Creating package script '/home/min/dev_ws/pinkbot2/install/minibot_navigation2/share/minibot_navigation2/package.bash'
[0.515s] INFO:colcon.colcon_core.shell:Creating package script '/home/min/dev_ws/pinkbot2/install/minibot_navigation2/share/minibot_navigation2/package.zsh'
[0.515s] Level 1:colcon.colcon_core.environment:create_file_with_runtime_dependencies(/home/min/dev_ws/pinkbot2/install/minibot_navigation2/share/colcon-core/packages/minibot_navigation2)
[0.519s] DEBUG:colcon.colcon_core.event_handler.log_command:Invoking command in '/home/min/dev_ws/pinkbot2/build/minibot_gazebo': CMAKE_PREFIX_PATH=/home/min/dev_ws/pinkbot2/install/minibot_description:/home/min/dev_ws/pinkbot2/install/minibot_navigation2:/home/min/dev_ws/pinkbot2/install/minibot_controllers:/home/min/dev_ws/pinkbot2/install/minibot_interfaces:/home/min/dev_ws/pinkbot2/install/minibot_hardware_interface:/home/min/dev_ws/pinkbot2/install/minibot_bringup:/home/min/dev_ws/pinkbot2/install/minibot_gazebo:/opt/ros/humble /usr/bin/cmake --build /home/min/dev_ws/pinkbot2/build/minibot_gazebo -- -j12 -l12
[0.520s] Level 1:colcon.colcon_core.environment:create_environment_scripts_only(minibot_hardware_interface)
[0.521s] Level 1:colcon.colcon_core.environment:checking '/home/min/dev_ws/pinkbot2/install/minibot_hardware_interface' for CMake module files
[0.521s] Level 1:colcon.colcon_core.environment:checking '/home/min/dev_ws/pinkbot2/install/minibot_hardware_interface' for CMake config files
[0.521s] Level 1:colcon.colcon_core.shell:create_environment_hook('minibot_hardware_interface', 'cmake_prefix_path')
[0.522s] INFO:colcon.colcon_core.shell:Creating environment hook '/home/min/dev_ws/pinkbot2/install/minibot_hardware_interface/share/minibot_hardware_interface/hook/cmake_prefix_path.ps1'
[0.522s] INFO:colcon.colcon_core.shell:Creating environment descriptor '/home/min/dev_ws/pinkbot2/install/minibot_hardware_interface/share/minibot_hardware_interface/hook/cmake_prefix_path.dsv'
[0.522s] INFO:colcon.colcon_core.shell:Creating environment hook '/home/min/dev_ws/pinkbot2/install/minibot_hardware_interface/share/minibot_hardware_interface/hook/cmake_prefix_path.sh'
[0.523s] Level 1:colcon.colcon_core.environment:checking '/home/min/dev_ws/pinkbot2/install/minibot_hardware_interface/lib'
[0.523s] Level 1:colcon.colcon_core.shell:create_environment_hook('minibot_hardware_interface', 'ld_library_path_lib')
[0.523s] INFO:colcon.colcon_core.shell:Creating environment hook '/home/min/dev_ws/pinkbot2/install/minibot_hardware_interface/share/minibot_hardware_interface/hook/ld_library_path_lib.ps1'
[0.524s] INFO:colcon.colcon_core.shell:Creating environment descriptor '/home/min/dev_ws/pinkbot2/install/minibot_hardware_interface/share/minibot_hardware_interface/hook/ld_library_path_lib.dsv'
[0.524s] INFO:colcon.colcon_core.shell:Creating environment hook '/home/min/dev_ws/pinkbot2/install/minibot_hardware_interface/share/minibot_hardware_interface/hook/ld_library_path_lib.sh'
[0.525s] Level 1:colcon.colcon_core.environment:checking '/home/min/dev_ws/pinkbot2/install/minibot_hardware_interface/bin'
[0.525s] Level 1:colcon.colcon_core.environment:checking '/home/min/dev_ws/pinkbot2/install/minibot_hardware_interface/lib/pkgconfig/minibot_hardware_interface.pc'
[0.525s] Level 1:colcon.colcon_core.environment:checking '/home/min/dev_ws/pinkbot2/install/minibot_hardware_interface/lib/python3.10/site-packages'
[0.525s] Level 1:colcon.colcon_core.environment:checking '/home/min/dev_ws/pinkbot2/install/minibot_hardware_interface/bin'
[0.526s] INFO:colcon.colcon_core.shell:Creating package script '/home/min/dev_ws/pinkbot2/install/minibot_hardware_interface/share/minibot_hardware_interface/package.ps1'
[0.526s] INFO:colcon.colcon_core.shell:Creating package descriptor '/home/min/dev_ws/pinkbot2/install/minibot_hardware_interface/share/minibot_hardware_interface/package.dsv'
[0.527s] INFO:colcon.colcon_core.shell:Creating package script '/home/min/dev_ws/pinkbot2/install/minibot_hardware_interface/share/minibot_hardware_interface/package.sh'
[0.527s] INFO:colcon.colcon_core.shell:Creating package script '/home/min/dev_ws/pinkbot2/install/minibot_hardware_interface/share/minibot_hardware_interface/package.bash'
[0.528s] INFO:colcon.colcon_core.shell:Creating package script '/home/min/dev_ws/pinkbot2/install/minibot_hardware_interface/share/minibot_hardware_interface/package.zsh'
[0.528s] Level 1:colcon.colcon_core.environment:create_file_with_runtime_dependencies(/home/min/dev_ws/pinkbot2/install/minibot_hardware_interface/share/colcon-core/packages/minibot_hardware_interface)
[0.555s] DEBUG:colcon.colcon_core.event_handler.log_command:Invoked command in '/home/min/dev_ws/pinkbot2/build/minibot_gazebo' returned '0': CMAKE_PREFIX_PATH=/home/min/dev_ws/pinkbot2/install/minibot_description:/home/min/dev_ws/pinkbot2/install/minibot_navigation2:/home/min/dev_ws/pinkbot2/install/minibot_controllers:/home/min/dev_ws/pinkbot2/install/minibot_interfaces:/home/min/dev_ws/pinkbot2/install/minibot_hardware_interface:/home/min/dev_ws/pinkbot2/install/minibot_bringup:/home/min/dev_ws/pinkbot2/install/minibot_gazebo:/opt/ros/humble /usr/bin/cmake --build /home/min/dev_ws/pinkbot2/build/minibot_gazebo -- -j12 -l12
[0.574s] DEBUG:colcon.colcon_core.event_handler.log_command:Invoking command in '/home/min/dev_ws/pinkbot2/build/minibot_gazebo': CMAKE_PREFIX_PATH=/home/min/dev_ws/pinkbot2/install/minibot_description:/home/min/dev_ws/pinkbot2/install/minibot_navigation2:/home/min/dev_ws/pinkbot2/install/minibot_controllers:/home/min/dev_ws/pinkbot2/install/minibot_interfaces:/home/min/dev_ws/pinkbot2/install/minibot_hardware_interface:/home/min/dev_ws/pinkbot2/install/minibot_bringup:/home/min/dev_ws/pinkbot2/install/minibot_gazebo:/opt/ros/humble /usr/bin/cmake --install /home/min/dev_ws/pinkbot2/build/minibot_gazebo
[0.584s] Level 1:colcon.colcon_core.environment:create_environment_scripts_only(minibot_gazebo)
[0.585s] Level 1:colcon.colcon_core.environment:checking '/home/min/dev_ws/pinkbot2/install/minibot_gazebo' for CMake module files
[0.585s] DEBUG:colcon.colcon_core.event_handler.log_command:Invoked command in '/home/min/dev_ws/pinkbot2/build/minibot_gazebo' returned '0': CMAKE_PREFIX_PATH=/home/min/dev_ws/pinkbot2/install/minibot_description:/home/min/dev_ws/pinkbot2/install/minibot_navigation2:/home/min/dev_ws/pinkbot2/install/minibot_controllers:/home/min/dev_ws/pinkbot2/install/minibot_interfaces:/home/min/dev_ws/pinkbot2/install/minibot_hardware_interface:/home/min/dev_ws/pinkbot2/install/minibot_bringup:/home/min/dev_ws/pinkbot2/install/minibot_gazebo:/opt/ros/humble /usr/bin/cmake --install /home/min/dev_ws/pinkbot2/build/minibot_gazebo
[0.586s] Level 1:colcon.colcon_core.environment:checking '/home/min/dev_ws/pinkbot2/install/minibot_gazebo' for CMake config files
[0.586s] Level 1:colcon.colcon_core.shell:create_environment_hook('minibot_gazebo', 'cmake_prefix_path')
[0.586s] INFO:colcon.colcon_core.shell:Creating environment hook '/home/min/dev_ws/pinkbot2/install/minibot_gazebo/share/minibot_gazebo/hook/cmake_prefix_path.ps1'
[0.587s] INFO:colcon.colcon_core.shell:Creating environment descriptor '/home/min/dev_ws/pinkbot2/install/minibot_gazebo/share/minibot_gazebo/hook/cmake_prefix_path.dsv'
[0.587s] INFO:colcon.colcon_core.shell:Creating environment hook '/home/min/dev_ws/pinkbot2/install/minibot_gazebo/share/minibot_gazebo/hook/cmake_prefix_path.sh'
[0.588s] Level 1:colcon.colcon_core.environment:checking '/home/min/dev_ws/pinkbot2/install/minibot_gazebo/bin'
[0.588s] Level 1:colcon.colcon_core.environment:checking '/home/min/dev_ws/pinkbot2/install/minibot_gazebo/lib/pkgconfig/minibot_gazebo.pc'
[0.588s] Level 1:colcon.colcon_core.environment:checking '/home/min/dev_ws/pinkbot2/install/minibot_gazebo/lib/python3.10/site-packages'
[0.588s] Level 1:colcon.colcon_core.environment:checking '/home/min/dev_ws/pinkbot2/install/minibot_gazebo/bin'
[0.589s] INFO:colcon.colcon_core.shell:Creating package script '/home/min/dev_ws/pinkbot2/install/minibot_gazebo/share/minibot_gazebo/package.ps1'
[0.589s] INFO:colcon.colcon_core.shell:Creating package descriptor '/home/min/dev_ws/pinkbot2/install/minibot_gazebo/share/minibot_gazebo/package.dsv'
[0.590s] INFO:colcon.colcon_core.shell:Creating package script '/home/min/dev_ws/pinkbot2/install/minibot_gazebo/share/minibot_gazebo/package.sh'
[0.590s] INFO:colcon.colcon_core.shell:Creating package script '/home/min/dev_ws/pinkbot2/install/minibot_gazebo/share/minibot_gazebo/package.bash'
[0.590s] INFO:colcon.colcon_core.shell:Creating package script '/home/min/dev_ws/pinkbot2/install/minibot_gazebo/share/minibot_gazebo/package.zsh'
[0.591s] Level 1:colcon.colcon_core.environment:create_file_with_runtime_dependencies(/home/min/dev_ws/pinkbot2/install/minibot_gazebo/share/colcon-core/packages/minibot_gazebo)
[0.608s] Level 1:colcon.colcon_core.environment:create_environment_scripts_only(minibot_gazebo)
[0.608s] Level 1:colcon.colcon_core.environment:checking '/home/min/dev_ws/pinkbot2/install/minibot_gazebo' for CMake module files
[0.609s] Level 1:colcon.colcon_core.environment:checking '/home/min/dev_ws/pinkbot2/install/minibot_gazebo' for CMake config files
[0.609s] Level 1:colcon.colcon_core.shell:create_environment_hook('minibot_gazebo', 'cmake_prefix_path')
[0.609s] INFO:colcon.colcon_core.shell:Creating environment hook '/home/min/dev_ws/pinkbot2/install/minibot_gazebo/share/minibot_gazebo/hook/cmake_prefix_path.ps1'
[0.609s] INFO:colcon.colcon_core.shell:Creating environment descriptor '/home/min/dev_ws/pinkbot2/install/minibot_gazebo/share/minibot_gazebo/hook/cmake_prefix_path.dsv'
[0.610s] INFO:colcon.colcon_core.shell:Creating environment hook '/home/min/dev_ws/pinkbot2/install/minibot_gazebo/share/minibot_gazebo/hook/cmake_prefix_path.sh'
[0.610s] Level 1:colcon.colcon_core.environment:checking '/home/min/dev_ws/pinkbot2/install/minibot_gazebo/bin'
[0.610s] Level 1:colcon.colcon_core.environment:checking '/home/min/dev_ws/pinkbot2/install/minibot_gazebo/lib/pkgconfig/minibot_gazebo.pc'
[0.610s] Level 1:colcon.colcon_core.environment:checking '/home/min/dev_ws/pinkbot2/install/minibot_gazebo/lib/python3.10/site-packages'
[0.610s] Level 1:colcon.colcon_core.environment:checking '/home/min/dev_ws/pinkbot2/install/minibot_gazebo/bin'
[0.611s] INFO:colcon.colcon_core.shell:Creating package script '/home/min/dev_ws/pinkbot2/install/minibot_gazebo/share/minibot_gazebo/package.ps1'
[0.611s] INFO:colcon.colcon_core.shell:Creating package descriptor '/home/min/dev_ws/pinkbot2/install/minibot_gazebo/share/minibot_gazebo/package.dsv'
[0.611s] INFO:colcon.colcon_core.shell:Creating package script '/home/min/dev_ws/pinkbot2/install/minibot_gazebo/share/minibot_gazebo/package.sh'
[0.611s] INFO:colcon.colcon_core.shell:Creating package script '/home/min/dev_ws/pinkbot2/install/minibot_gazebo/share/minibot_gazebo/package.bash'
[0.612s] INFO:colcon.colcon_core.shell:Creating package script '/home/min/dev_ws/pinkbot2/install/minibot_gazebo/share/minibot_gazebo/package.zsh'
[0.612s] Level 1:colcon.colcon_core.environment:create_file_with_runtime_dependencies(/home/min/dev_ws/pinkbot2/install/minibot_gazebo/share/colcon-core/packages/minibot_gazebo)
[0.613s] INFO:colcon.colcon_ros.task.ament_cmake.build:Building ROS package in '/home/min/dev_ws/pinkbot2/src/pinklab_minibot_robot/minibot_bringup' with build type 'ament_cmake'
[0.613s] INFO:colcon.colcon_cmake.task.cmake.build:Building CMake package in '/home/min/dev_ws/pinkbot2/src/pinklab_minibot_robot/minibot_bringup'
[0.613s] INFO:colcon.colcon_core.shell:Skip shell extension 'powershell' for command environment: Not usable outside of PowerShell
[0.613s] DEBUG:colcon.colcon_core.shell:Skip shell extension 'dsv' for command environment
[0.621s] DEBUG:colcon.colcon_core.event_handler.log_command:Invoking command in '/home/min/dev_ws/pinkbot2/build/minibot_bringup': CMAKE_PREFIX_PATH=/home/min/dev_ws/pinkbot2/install/minibot_gazebo:/home/min/dev_ws/pinkbot2/install/minibot_description:/home/min/dev_ws/pinkbot2/install/minibot_navigation2:/home/min/dev_ws/pinkbot2/install/minibot_controllers:/home/min/dev_ws/pinkbot2/install/minibot_interfaces:/home/min/dev_ws/pinkbot2/install/minibot_hardware_interface:/home/min/dev_ws/pinkbot2/install/minibot_bringup:/opt/ros/humble /usr/bin/cmake --build /home/min/dev_ws/pinkbot2/build/minibot_bringup -- -j12 -l12
[0.652s] DEBUG:colcon.colcon_core.event_handler.log_command:Invoked command in '/home/min/dev_ws/pinkbot2/build/minibot_bringup' returned '0': CMAKE_PREFIX_PATH=/home/min/dev_ws/pinkbot2/install/minibot_gazebo:/home/min/dev_ws/pinkbot2/install/minibot_description:/home/min/dev_ws/pinkbot2/install/minibot_navigation2:/home/min/dev_ws/pinkbot2/install/minibot_controllers:/home/min/dev_ws/pinkbot2/install/minibot_interfaces:/home/min/dev_ws/pinkbot2/install/minibot_hardware_interface:/home/min/dev_ws/pinkbot2/install/minibot_bringup:/opt/ros/humble /usr/bin/cmake --build /home/min/dev_ws/pinkbot2/build/minibot_bringup -- -j12 -l12
[0.670s] DEBUG:colcon.colcon_core.event_handler.log_command:Invoking command in '/home/min/dev_ws/pinkbot2/build/minibot_bringup': CMAKE_PREFIX_PATH=/home/min/dev_ws/pinkbot2/install/minibot_gazebo:/home/min/dev_ws/pinkbot2/install/minibot_description:/home/min/dev_ws/pinkbot2/install/minibot_navigation2:/home/min/dev_ws/pinkbot2/install/minibot_controllers:/home/min/dev_ws/pinkbot2/install/minibot_interfaces:/home/min/dev_ws/pinkbot2/install/minibot_hardware_interface:/home/min/dev_ws/pinkbot2/install/minibot_bringup:/opt/ros/humble /usr/bin/cmake --install /home/min/dev_ws/pinkbot2/build/minibot_bringup
[0.679s] Level 1:colcon.colcon_core.environment:create_environment_scripts_only(minibot_bringup)
[0.679s] Level 1:colcon.colcon_core.environment:checking '/home/min/dev_ws/pinkbot2/install/minibot_bringup' for CMake module files
[0.680s] DEBUG:colcon.colcon_core.event_handler.log_command:Invoked command in '/home/min/dev_ws/pinkbot2/build/minibot_bringup' returned '0': CMAKE_PREFIX_PATH=/home/min/dev_ws/pinkbot2/install/minibot_gazebo:/home/min/dev_ws/pinkbot2/install/minibot_description:/home/min/dev_ws/pinkbot2/install/minibot_navigation2:/home/min/dev_ws/pinkbot2/install/minibot_controllers:/home/min/dev_ws/pinkbot2/install/minibot_interfaces:/home/min/dev_ws/pinkbot2/install/minibot_hardware_interface:/home/min/dev_ws/pinkbot2/install/minibot_bringup:/opt/ros/humble /usr/bin/cmake --install /home/min/dev_ws/pinkbot2/build/minibot_bringup
[0.680s] Level 1:colcon.colcon_core.environment:checking '/home/min/dev_ws/pinkbot2/install/minibot_bringup' for CMake config files
[0.681s] Level 1:colcon.colcon_core.shell:create_environment_hook('minibot_bringup', 'cmake_prefix_path')
[0.681s] INFO:colcon.colcon_core.shell:Creating environment hook '/home/min/dev_ws/pinkbot2/install/minibot_bringup/share/minibot_bringup/hook/cmake_prefix_path.ps1'
[0.682s] INFO:colcon.colcon_core.shell:Creating environment descriptor '/home/min/dev_ws/pinkbot2/install/minibot_bringup/share/minibot_bringup/hook/cmake_prefix_path.dsv'
[0.682s] INFO:colcon.colcon_core.shell:Creating environment hook '/home/min/dev_ws/pinkbot2/install/minibot_bringup/share/minibot_bringup/hook/cmake_prefix_path.sh'
[0.683s] Level 1:colcon.colcon_core.environment:checking '/home/min/dev_ws/pinkbot2/install/minibot_bringup/bin'
[0.683s] Level 1:colcon.colcon_core.environment:checking '/home/min/dev_ws/pinkbot2/install/minibot_bringup/lib/pkgconfig/minibot_bringup.pc'
[0.683s] Level 1:colcon.colcon_core.environment:checking '/home/min/dev_ws/pinkbot2/install/minibot_bringup/lib/python3.10/site-packages'
[0.683s] Level 1:colcon.colcon_core.environment:checking '/home/min/dev_ws/pinkbot2/install/minibot_bringup/bin'
[0.684s] INFO:colcon.colcon_core.shell:Creating package script '/home/min/dev_ws/pinkbot2/install/minibot_bringup/share/minibot_bringup/package.ps1'
[0.684s] INFO:colcon.colcon_core.shell:Creating package descriptor '/home/min/dev_ws/pinkbot2/install/minibot_bringup/share/minibot_bringup/package.dsv'
[0.684s] INFO:colcon.colcon_core.shell:Creating package script '/home/min/dev_ws/pinkbot2/install/minibot_bringup/share/minibot_bringup/package.sh'
[0.685s] INFO:colcon.colcon_core.shell:Creating package script '/home/min/dev_ws/pinkbot2/install/minibot_bringup/share/minibot_bringup/package.bash'
[0.685s] INFO:colcon.colcon_core.shell:Creating package script '/home/min/dev_ws/pinkbot2/install/minibot_bringup/share/minibot_bringup/package.zsh'
[0.685s] Level 1:colcon.colcon_core.environment:create_file_with_runtime_dependencies(/home/min/dev_ws/pinkbot2/install/minibot_bringup/share/colcon-core/packages/minibot_bringup)
[0.703s] Level 1:colcon.colcon_core.environment:create_environment_scripts_only(minibot_bringup)
[0.704s] Level 1:colcon.colcon_core.environment:checking '/home/min/dev_ws/pinkbot2/install/minibot_bringup' for CMake module files
[0.704s] Level 1:colcon.colcon_core.environment:checking '/home/min/dev_ws/pinkbot2/install/minibot_bringup' for CMake config files
[0.704s] Level 1:colcon.colcon_core.shell:create_environment_hook('minibot_bringup', 'cmake_prefix_path')
[0.704s] INFO:colcon.colcon_core.shell:Creating environment hook '/home/min/dev_ws/pinkbot2/install/minibot_bringup/share/minibot_bringup/hook/cmake_prefix_path.ps1'
[0.705s] INFO:colcon.colcon_core.shell:Creating environment descriptor '/home/min/dev_ws/pinkbot2/install/minibot_bringup/share/minibot_bringup/hook/cmake_prefix_path.dsv'
[0.705s] INFO:colcon.colcon_core.shell:Creating environment hook '/home/min/dev_ws/pinkbot2/install/minibot_bringup/share/minibot_bringup/hook/cmake_prefix_path.sh'
[0.706s] Level 1:colcon.colcon_core.environment:checking '/home/min/dev_ws/pinkbot2/install/minibot_bringup/bin'
[0.706s] Level 1:colcon.colcon_core.environment:checking '/home/min/dev_ws/pinkbot2/install/minibot_bringup/lib/pkgconfig/minibot_bringup.pc'
[0.706s] Level 1:colcon.colcon_core.environment:checking '/home/min/dev_ws/pinkbot2/install/minibot_bringup/lib/python3.10/site-packages'
[0.706s] Level 1:colcon.colcon_core.environment:checking '/home/min/dev_ws/pinkbot2/install/minibot_bringup/bin'
[0.706s] INFO:colcon.colcon_core.shell:Creating package script '/home/min/dev_ws/pinkbot2/install/minibot_bringup/share/minibot_bringup/package.ps1'
[0.707s] INFO:colcon.colcon_core.shell:Creating package descriptor '/home/min/dev_ws/pinkbot2/install/minibot_bringup/share/minibot_bringup/package.dsv'
[0.707s] INFO:colcon.colcon_core.shell:Creating package script '/home/min/dev_ws/pinkbot2/install/minibot_bringup/share/minibot_bringup/package.sh'
[0.707s] INFO:colcon.colcon_core.shell:Creating package script '/home/min/dev_ws/pinkbot2/install/minibot_bringup/share/minibot_bringup/package.bash'
[0.707s] INFO:colcon.colcon_core.shell:Creating package script '/home/min/dev_ws/pinkbot2/install/minibot_bringup/share/minibot_bringup/package.zsh'
[0.708s] Level 1:colcon.colcon_core.environment:create_file_with_runtime_dependencies(/home/min/dev_ws/pinkbot2/install/minibot_bringup/share/colcon-core/packages/minibot_bringup)
[0.736s] DEBUG:colcon.colcon_core.event_handler.log_command:Invoked command in '/home/min/dev_ws/pinkbot2/build/minibot_interfaces' returned '0': CMAKE_PREFIX_PATH=${CMAKE_PREFIX_PATH}:/opt/ros/humble /usr/bin/cmake --build /home/min/dev_ws/pinkbot2/build/minibot_interfaces -- -j12 -l12
[0.797s] DEBUG:colcon.colcon_core.event_handler.log_command:Invoking command in '/home/min/dev_ws/pinkbot2/build/minibot_interfaces': CMAKE_PREFIX_PATH=${CMAKE_PREFIX_PATH}:/opt/ros/humble /usr/bin/cmake --install /home/min/dev_ws/pinkbot2/build/minibot_interfaces
[0.837s] Level 1:colcon.colcon_core.environment:create_environment_scripts_only(minibot_interfaces)
[0.837s] Level 1:colcon.colcon_core.environment:checking '/home/min/dev_ws/pinkbot2/install/minibot_interfaces' for CMake module files
[0.838s] DEBUG:colcon.colcon_core.event_handler.log_command:Invoked command in '/home/min/dev_ws/pinkbot2/build/minibot_interfaces' returned '0': CMAKE_PREFIX_PATH=${CMAKE_PREFIX_PATH}:/opt/ros/humble /usr/bin/cmake --install /home/min/dev_ws/pinkbot2/build/minibot_interfaces
[0.838s] Level 1:colcon.colcon_core.environment:checking '/home/min/dev_ws/pinkbot2/install/minibot_interfaces' for CMake config files
[0.839s] Level 1:colcon.colcon_core.shell:create_environment_hook('minibot_interfaces', 'cmake_prefix_path')
[0.839s] INFO:colcon.colcon_core.shell:Creating environment hook '/home/min/dev_ws/pinkbot2/install/minibot_interfaces/share/minibot_interfaces/hook/cmake_prefix_path.ps1'
[0.839s] INFO:colcon.colcon_core.shell:Creating environment descriptor '/home/min/dev_ws/pinkbot2/install/minibot_interfaces/share/minibot_interfaces/hook/cmake_prefix_path.dsv'
[0.839s] INFO:colcon.colcon_core.shell:Creating environment hook '/home/min/dev_ws/pinkbot2/install/minibot_interfaces/share/minibot_interfaces/hook/cmake_prefix_path.sh'
[0.840s] Level 1:colcon.colcon_core.environment:checking '/home/min/dev_ws/pinkbot2/install/minibot_interfaces/lib'
[0.840s] Level 1:colcon.colcon_core.shell:create_environment_hook('minibot_interfaces', 'ld_library_path_lib')
[0.840s] INFO:colcon.colcon_core.shell:Creating environment hook '/home/min/dev_ws/pinkbot2/install/minibot_interfaces/share/minibot_interfaces/hook/ld_library_path_lib.ps1'
[0.840s] INFO:colcon.colcon_core.shell:Creating environment descriptor '/home/min/dev_ws/pinkbot2/install/minibot_interfaces/share/minibot_interfaces/hook/ld_library_path_lib.dsv'
[0.840s] INFO:colcon.colcon_core.shell:Creating environment hook '/home/min/dev_ws/pinkbot2/install/minibot_interfaces/share/minibot_interfaces/hook/ld_library_path_lib.sh'
[0.841s] Level 1:colcon.colcon_core.environment:checking '/home/min/dev_ws/pinkbot2/install/minibot_interfaces/bin'
[0.841s] Level 1:colcon.colcon_core.environment:checking '/home/min/dev_ws/pinkbot2/install/minibot_interfaces/lib/pkgconfig/minibot_interfaces.pc'
[0.841s] Level 1:colcon.colcon_core.environment:checking '/home/min/dev_ws/pinkbot2/install/minibot_interfaces/lib/python3.10/site-packages'
[0.841s] Level 1:colcon.colcon_core.environment:checking '/home/min/dev_ws/pinkbot2/install/minibot_interfaces/bin'
[0.841s] INFO:colcon.colcon_core.shell:Creating package script '/home/min/dev_ws/pinkbot2/install/minibot_interfaces/share/minibot_interfaces/package.ps1'
[0.842s] INFO:colcon.colcon_core.shell:Creating package descriptor '/home/min/dev_ws/pinkbot2/install/minibot_interfaces/share/minibot_interfaces/package.dsv'
[0.842s] INFO:colcon.colcon_core.shell:Creating package script '/home/min/dev_ws/pinkbot2/install/minibot_interfaces/share/minibot_interfaces/package.sh'
[0.843s] INFO:colcon.colcon_core.shell:Creating package script '/home/min/dev_ws/pinkbot2/install/minibot_interfaces/share/minibot_interfaces/package.bash'
[0.843s] INFO:colcon.colcon_core.shell:Creating package script '/home/min/dev_ws/pinkbot2/install/minibot_interfaces/share/minibot_interfaces/package.zsh'
[0.843s] Level 1:colcon.colcon_core.environment:create_file_with_runtime_dependencies(/home/min/dev_ws/pinkbot2/install/minibot_interfaces/share/colcon-core/packages/minibot_interfaces)
[0.903s] Level 1:colcon.colcon_core.environment:create_environment_scripts_only(minibot_interfaces)
[0.903s] Level 1:colcon.colcon_core.environment:checking '/home/min/dev_ws/pinkbot2/install/minibot_interfaces' for CMake module files
[0.904s] Level 1:colcon.colcon_core.environment:checking '/home/min/dev_ws/pinkbot2/install/minibot_interfaces' for CMake config files
[0.904s] Level 1:colcon.colcon_core.shell:create_environment_hook('minibot_interfaces', 'cmake_prefix_path')
[0.904s] INFO:colcon.colcon_core.shell:Creating environment hook '/home/min/dev_ws/pinkbot2/install/minibot_interfaces/share/minibot_interfaces/hook/cmake_prefix_path.ps1'
[0.905s] INFO:colcon.colcon_core.shell:Creating environment descriptor '/home/min/dev_ws/pinkbot2/install/minibot_interfaces/share/minibot_interfaces/hook/cmake_prefix_path.dsv'
[0.905s] INFO:colcon.colcon_core.shell:Creating environment hook '/home/min/dev_ws/pinkbot2/install/minibot_interfaces/share/minibot_interfaces/hook/cmake_prefix_path.sh'
[0.906s] Level 1:colcon.colcon_core.environment:checking '/home/min/dev_ws/pinkbot2/install/minibot_interfaces/lib'
[0.906s] Level 1:colcon.colcon_core.shell:create_environment_hook('minibot_interfaces', 'ld_library_path_lib')
[0.906s] INFO:colcon.colcon_core.shell:Creating environment hook '/home/min/dev_ws/pinkbot2/install/minibot_interfaces/share/minibot_interfaces/hook/ld_library_path_lib.ps1'
[0.906s] INFO:colcon.colcon_core.shell:Creating environment descriptor '/home/min/dev_ws/pinkbot2/install/minibot_interfaces/share/minibot_interfaces/hook/ld_library_path_lib.dsv'
[0.907s] INFO:colcon.colcon_core.shell:Creating environment hook '/home/min/dev_ws/pinkbot2/install/minibot_interfaces/share/minibot_interfaces/hook/ld_library_path_lib.sh'
[0.907s] Level 1:colcon.colcon_core.environment:checking '/home/min/dev_ws/pinkbot2/install/minibot_interfaces/bin'
[0.907s] Level 1:colcon.colcon_core.environment:checking '/home/min/dev_ws/pinkbot2/install/minibot_interfaces/lib/pkgconfig/minibot_interfaces.pc'
[0.907s] Level 1:colcon.colcon_core.environment:checking '/home/min/dev_ws/pinkbot2/install/minibot_interfaces/lib/python3.10/site-packages'
[0.908s] Level 1:colcon.colcon_core.environment:checking '/home/min/dev_ws/pinkbot2/install/minibot_interfaces/bin'
[0.908s] INFO:colcon.colcon_core.shell:Creating package script '/home/min/dev_ws/pinkbot2/install/minibot_interfaces/share/minibot_interfaces/package.ps1'
[0.908s] INFO:colcon.colcon_core.shell:Creating package descriptor '/home/min/dev_ws/pinkbot2/install/minibot_interfaces/share/minibot_interfaces/package.dsv'
[0.909s] INFO:colcon.colcon_core.shell:Creating package script '/home/min/dev_ws/pinkbot2/install/minibot_interfaces/share/minibot_interfaces/package.sh'
[0.909s] INFO:colcon.colcon_core.shell:Creating package script '/home/min/dev_ws/pinkbot2/install/minibot_interfaces/share/minibot_interfaces/package.bash'
[0.910s] INFO:colcon.colcon_core.shell:Creating package script '/home/min/dev_ws/pinkbot2/install/minibot_interfaces/share/minibot_interfaces/package.zsh'
[0.910s] Level 1:colcon.colcon_core.environment:create_file_with_runtime_dependencies(/home/min/dev_ws/pinkbot2/install/minibot_interfaces/share/colcon-core/packages/minibot_interfaces)
[0.910s] INFO:colcon.colcon_ros.task.ament_cmake.build:Building ROS package in '/home/min/dev_ws/pinkbot2/src/pinklab_minibot_robot/minibot_controllers' with build type 'ament_cmake'
[0.911s] INFO:colcon.colcon_cmake.task.cmake.build:Building CMake package in '/home/min/dev_ws/pinkbot2/src/pinklab_minibot_robot/minibot_controllers'
[0.911s] INFO:colcon.colcon_core.shell:Skip shell extension 'powershell' for command environment: Not usable outside of PowerShell
[0.911s] DEBUG:colcon.colcon_core.shell:Skip shell extension 'dsv' for command environment
[0.920s] DEBUG:colcon.colcon_core.event_handler.log_command:Invoking command in '/home/min/dev_ws/pinkbot2/build/minibot_controllers': CMAKE_PREFIX_PATH=/home/min/dev_ws/pinkbot2/install/minibot_interfaces:/home/min/dev_ws/pinkbot2/install/minibot_navigation2:/home/min/dev_ws/pinkbot2/install/minibot_controllers:/home/min/dev_ws/pinkbot2/install/minibot_hardware_interface:/home/min/dev_ws/pinkbot2/install/minibot_bringup:/home/min/dev_ws/pinkbot2/install/minibot_gazebo:/home/min/dev_ws/pinkbot2/install/minibot_description:/opt/ros/humble LD_LIBRARY_PATH=/home/min/dev_ws/pinkbot2/install/minibot_interfaces/lib:/home/min/dev_ws/pinkbot2/install/minibot_controllers/lib:/home/min/dev_ws/pinkbot2/install/minibot_hardware_interface/lib:/usr/lib/x86_64-linux-gnu/gazebo-11/plugins:/opt/ros/humble/opt/rviz_ogre_vendor/lib:/opt/ros/humble/lib/x86_64-linux-gnu:/opt/ros/humble/lib:/usr/local/cuda/lib64:/usr/local/cuda/extras/CUPTI/lib64:/usr/local/cuda-12.1/lib64:/usr/local/cuda-12.1/lib64:/usr/local/cuda-12.1/lib64/:/usr/lib/x86_64-linux-gnu/gazebo-11/plugins /usr/bin/cmake --build /home/min/dev_ws/pinkbot2/build/minibot_controllers -- -j12 -l12
[0.978s] DEBUG:colcon.colcon_core.event_handler.log_command:Invoked command in '/home/min/dev_ws/pinkbot2/build/minibot_controllers' returned '0': CMAKE_PREFIX_PATH=/home/min/dev_ws/pinkbot2/install/minibot_interfaces:/home/min/dev_ws/pinkbot2/install/minibot_navigation2:/home/min/dev_ws/pinkbot2/install/minibot_controllers:/home/min/dev_ws/pinkbot2/install/minibot_hardware_interface:/home/min/dev_ws/pinkbot2/install/minibot_bringup:/home/min/dev_ws/pinkbot2/install/minibot_gazebo:/home/min/dev_ws/pinkbot2/install/minibot_description:/opt/ros/humble LD_LIBRARY_PATH=/home/min/dev_ws/pinkbot2/install/minibot_interfaces/lib:/home/min/dev_ws/pinkbot2/install/minibot_controllers/lib:/home/min/dev_ws/pinkbot2/install/minibot_hardware_interface/lib:/usr/lib/x86_64-linux-gnu/gazebo-11/plugins:/opt/ros/humble/opt/rviz_ogre_vendor/lib:/opt/ros/humble/lib/x86_64-linux-gnu:/opt/ros/humble/lib:/usr/local/cuda/lib64:/usr/local/cuda/extras/CUPTI/lib64:/usr/local/cuda-12.1/lib64:/usr/local/cuda-12.1/lib64:/usr/local/cuda-12.1/lib64/:/usr/lib/x86_64-linux-gnu/gazebo-11/plugins /usr/bin/cmake --build /home/min/dev_ws/pinkbot2/build/minibot_controllers -- -j12 -l12
[1.001s] DEBUG:colcon.colcon_core.event_handler.log_command:Invoking command in '/home/min/dev_ws/pinkbot2/build/minibot_controllers': CMAKE_PREFIX_PATH=/home/min/dev_ws/pinkbot2/install/minibot_interfaces:/home/min/dev_ws/pinkbot2/install/minibot_navigation2:/home/min/dev_ws/pinkbot2/install/minibot_controllers:/home/min/dev_ws/pinkbot2/install/minibot_hardware_interface:/home/min/dev_ws/pinkbot2/install/minibot_bringup:/home/min/dev_ws/pinkbot2/install/minibot_gazebo:/home/min/dev_ws/pinkbot2/install/minibot_description:/opt/ros/humble LD_LIBRARY_PATH=/home/min/dev_ws/pinkbot2/install/minibot_interfaces/lib:/home/min/dev_ws/pinkbot2/install/minibot_controllers/lib:/home/min/dev_ws/pinkbot2/install/minibot_hardware_interface/lib:/usr/lib/x86_64-linux-gnu/gazebo-11/plugins:/opt/ros/humble/opt/rviz_ogre_vendor/lib:/opt/ros/humble/lib/x86_64-linux-gnu:/opt/ros/humble/lib:/usr/local/cuda/lib64:/usr/local/cuda/extras/CUPTI/lib64:/usr/local/cuda-12.1/lib64:/usr/local/cuda-12.1/lib64:/usr/local/cuda-12.1/lib64/:/usr/lib/x86_64-linux-gnu/gazebo-11/plugins /usr/bin/cmake --install /home/min/dev_ws/pinkbot2/build/minibot_controllers
[1.012s] Level 1:colcon.colcon_core.environment:create_environment_scripts_only(minibot_controllers)
[1.012s] Level 1:colcon.colcon_core.environment:checking '/home/min/dev_ws/pinkbot2/install/minibot_controllers' for CMake module files
[1.013s] Level 1:colcon.colcon_core.environment:checking '/home/min/dev_ws/pinkbot2/install/minibot_controllers' for CMake config files
[1.013s] DEBUG:colcon.colcon_core.event_handler.log_command:Invoked command in '/home/min/dev_ws/pinkbot2/build/minibot_controllers' returned '0': CMAKE_PREFIX_PATH=/home/min/dev_ws/pinkbot2/install/minibot_interfaces:/home/min/dev_ws/pinkbot2/install/minibot_navigation2:/home/min/dev_ws/pinkbot2/install/minibot_controllers:/home/min/dev_ws/pinkbot2/install/minibot_hardware_interface:/home/min/dev_ws/pinkbot2/install/minibot_bringup:/home/min/dev_ws/pinkbot2/install/minibot_gazebo:/home/min/dev_ws/pinkbot2/install/minibot_description:/opt/ros/humble LD_LIBRARY_PATH=/home/min/dev_ws/pinkbot2/install/minibot_interfaces/lib:/home/min/dev_ws/pinkbot2/install/minibot_controllers/lib:/home/min/dev_ws/pinkbot2/install/minibot_hardware_interface/lib:/usr/lib/x86_64-linux-gnu/gazebo-11/plugins:/opt/ros/humble/opt/rviz_ogre_vendor/lib:/opt/ros/humble/lib/x86_64-linux-gnu:/opt/ros/humble/lib:/usr/local/cuda/lib64:/usr/local/cuda/extras/CUPTI/lib64:/usr/local/cuda-12.1/lib64:/usr/local/cuda-12.1/lib64:/usr/local/cuda-12.1/lib64/:/usr/lib/x86_64-linux-gnu/gazebo-11/plugins /usr/bin/cmake --install /home/min/dev_ws/pinkbot2/build/minibot_controllers
[1.014s] Level 1:colcon.colcon_core.shell:create_environment_hook('minibot_controllers', 'cmake_prefix_path')
[1.014s] INFO:colcon.colcon_core.shell:Creating environment hook '/home/min/dev_ws/pinkbot2/install/minibot_controllers/share/minibot_controllers/hook/cmake_prefix_path.ps1'
[1.014s] INFO:colcon.colcon_core.shell:Creating environment descriptor '/home/min/dev_ws/pinkbot2/install/minibot_controllers/share/minibot_controllers/hook/cmake_prefix_path.dsv'
[1.015s] INFO:colcon.colcon_core.shell:Creating environment hook '/home/min/dev_ws/pinkbot2/install/minibot_controllers/share/minibot_controllers/hook/cmake_prefix_path.sh'
[1.015s] Level 1:colcon.colcon_core.environment:checking '/home/min/dev_ws/pinkbot2/install/minibot_controllers/lib'
[1.015s] Level 1:colcon.colcon_core.shell:create_environment_hook('minibot_controllers', 'ld_library_path_lib')
[1.015s] INFO:colcon.colcon_core.shell:Creating environment hook '/home/min/dev_ws/pinkbot2/install/minibot_controllers/share/minibot_controllers/hook/ld_library_path_lib.ps1'
[1.016s] INFO:colcon.colcon_core.shell:Creating environment descriptor '/home/min/dev_ws/pinkbot2/install/minibot_controllers/share/minibot_controllers/hook/ld_library_path_lib.dsv'
[1.016s] INFO:colcon.colcon_core.shell:Creating environment hook '/home/min/dev_ws/pinkbot2/install/minibot_controllers/share/minibot_controllers/hook/ld_library_path_lib.sh'
[1.016s] Level 1:colcon.colcon_core.environment:checking '/home/min/dev_ws/pinkbot2/install/minibot_controllers/bin'
[1.016s] Level 1:colcon.colcon_core.environment:checking '/home/min/dev_ws/pinkbot2/install/minibot_controllers/lib/pkgconfig/minibot_controllers.pc'
[1.016s] Level 1:colcon.colcon_core.environment:checking '/home/min/dev_ws/pinkbot2/install/minibot_controllers/lib/python3.10/site-packages'
[1.016s] Level 1:colcon.colcon_core.environment:checking '/home/min/dev_ws/pinkbot2/install/minibot_controllers/bin'
[1.017s] INFO:colcon.colcon_core.shell:Creating package script '/home/min/dev_ws/pinkbot2/install/minibot_controllers/share/minibot_controllers/package.ps1'
[1.017s] INFO:colcon.colcon_core.shell:Creating package descriptor '/home/min/dev_ws/pinkbot2/install/minibot_controllers/share/minibot_controllers/package.dsv'
[1.017s] INFO:colcon.colcon_core.shell:Creating package script '/home/min/dev_ws/pinkbot2/install/minibot_controllers/share/minibot_controllers/package.sh'
[1.018s] INFO:colcon.colcon_core.shell:Creating package script '/home/min/dev_ws/pinkbot2/install/minibot_controllers/share/minibot_controllers/package.bash'
[1.018s] INFO:colcon.colcon_core.shell:Creating package script '/home/min/dev_ws/pinkbot2/install/minibot_controllers/share/minibot_controllers/package.zsh'
[1.018s] Level 1:colcon.colcon_core.environment:create_file_with_runtime_dependencies(/home/min/dev_ws/pinkbot2/install/minibot_controllers/share/colcon-core/packages/minibot_controllers)
[1.039s] Level 1:colcon.colcon_core.environment:create_environment_scripts_only(minibot_controllers)
[1.039s] Level 1:colcon.colcon_core.environment:checking '/home/min/dev_ws/pinkbot2/install/minibot_controllers' for CMake module files
[1.040s] Level 1:colcon.colcon_core.environment:checking '/home/min/dev_ws/pinkbot2/install/minibot_controllers' for CMake config files
[1.040s] Level 1:colcon.colcon_core.shell:create_environment_hook('minibot_controllers', 'cmake_prefix_path')
[1.040s] INFO:colcon.colcon_core.shell:Creating environment hook '/home/min/dev_ws/pinkbot2/install/minibot_controllers/share/minibot_controllers/hook/cmake_prefix_path.ps1'
[1.040s] INFO:colcon.colcon_core.shell:Creating environment descriptor '/home/min/dev_ws/pinkbot2/install/minibot_controllers/share/minibot_controllers/hook/cmake_prefix_path.dsv'
[1.041s] INFO:colcon.colcon_core.shell:Creating environment hook '/home/min/dev_ws/pinkbot2/install/minibot_controllers/share/minibot_controllers/hook/cmake_prefix_path.sh'
[1.041s] Level 1:colcon.colcon_core.environment:checking '/home/min/dev_ws/pinkbot2/install/minibot_controllers/lib'
[1.041s] Level 1:colcon.colcon_core.shell:create_environment_hook('minibot_controllers', 'ld_library_path_lib')
[1.041s] INFO:colcon.colcon_core.shell:Creating environment hook '/home/min/dev_ws/pinkbot2/install/minibot_controllers/share/minibot_controllers/hook/ld_library_path_lib.ps1'
[1.042s] INFO:colcon.colcon_core.shell:Creating environment descriptor '/home/min/dev_ws/pinkbot2/install/minibot_controllers/share/minibot_controllers/hook/ld_library_path_lib.dsv'
[1.042s] INFO:colcon.colcon_core.shell:Creating environment hook '/home/min/dev_ws/pinkbot2/install/minibot_controllers/share/minibot_controllers/hook/ld_library_path_lib.sh'
[1.042s] Level 1:colcon.colcon_core.environment:checking '/home/min/dev_ws/pinkbot2/install/minibot_controllers/bin'
[1.042s] Level 1:colcon.colcon_core.environment:checking '/home/min/dev_ws/pinkbot2/install/minibot_controllers/lib/pkgconfig/minibot_controllers.pc'
[1.042s] Level 1:colcon.colcon_core.environment:checking '/home/min/dev_ws/pinkbot2/install/minibot_controllers/lib/python3.10/site-packages'
[1.043s] Level 1:colcon.colcon_core.environment:checking '/home/min/dev_ws/pinkbot2/install/minibot_controllers/bin'
[1.043s] INFO:colcon.colcon_core.shell:Creating package script '/home/min/dev_ws/pinkbot2/install/minibot_controllers/share/minibot_controllers/package.ps1'
[1.043s] INFO:colcon.colcon_core.shell:Creating package descriptor '/home/min/dev_ws/pinkbot2/install/minibot_controllers/share/minibot_controllers/package.dsv'
[1.044s] INFO:colcon.colcon_core.shell:Creating package script '/home/min/dev_ws/pinkbot2/install/minibot_controllers/share/minibot_controllers/package.sh'
[1.044s] INFO:colcon.colcon_core.shell:Creating package script '/home/min/dev_ws/pinkbot2/install/minibot_controllers/share/minibot_controllers/package.bash'
[1.044s] INFO:colcon.colcon_core.shell:Creating package script '/home/min/dev_ws/pinkbot2/install/minibot_controllers/share/minibot_controllers/package.zsh'
[1.045s] Level 1:colcon.colcon_core.environment:create_file_with_runtime_dependencies(/home/min/dev_ws/pinkbot2/install/minibot_controllers/share/colcon-core/packages/minibot_controllers)
[1.045s] DEBUG:colcon.colcon_parallel_executor.executor.parallel:closing loop
[1.045s] DEBUG:colcon.colcon_parallel_executor.executor.parallel:loop closed
[1.045s] DEBUG:colcon.colcon_parallel_executor.executor.parallel:run_until_complete finished with '0'
[1.045s] DEBUG:colcon.colcon_core.event_reactor:joining thread
[1.052s] INFO:colcon.colcon_core.plugin_system:Skipping extension 'colcon_notification.desktop_notification.terminal_notifier': Not used on non-Darwin systems
[1.052s] INFO:colcon.colcon_core.plugin_system:Skipping extension 'colcon_notification.desktop_notification.win32': Not used on non-Windows systems
[1.052s] INFO:colcon.colcon_notification.desktop_notification:Sending desktop notification using 'notify2'
[1.062s] DEBUG:colcon.colcon_core.event_reactor:joined thread
[1.063s] INFO:colcon.colcon_core.shell:Creating prefix script '/home/min/dev_ws/pinkbot2/install/local_setup.ps1'
[1.064s] INFO:colcon.colcon_core.shell:Creating prefix util module '/home/min/dev_ws/pinkbot2/install/_local_setup_util_ps1.py'
[1.066s] INFO:colcon.colcon_core.shell:Creating prefix chain script '/home/min/dev_ws/pinkbot2/install/setup.ps1'
[1.068s] INFO:colcon.colcon_core.shell:Creating prefix script '/home/min/dev_ws/pinkbot2/install/local_setup.sh'
[1.069s] INFO:colcon.colcon_core.shell:Creating prefix util module '/home/min/dev_ws/pinkbot2/install/_local_setup_util_sh.py'
[1.069s] INFO:colcon.colcon_core.shell:Creating prefix chain script '/home/min/dev_ws/pinkbot2/install/setup.sh'
[1.071s] INFO:colcon.colcon_core.shell:Creating prefix script '/home/min/dev_ws/pinkbot2/install/local_setup.bash'
[1.071s] INFO:colcon.colcon_core.shell:Creating prefix chain script '/home/min/dev_ws/pinkbot2/install/setup.bash'
[1.073s] INFO:colcon.colcon_core.shell:Creating prefix script '/home/min/dev_ws/pinkbot2/install/local_setup.zsh'
[1.073s] INFO:colcon.colcon_core.shell:Creating prefix chain script '/home/min/dev_ws/pinkbot2/install/setup.zsh'
