-- The C compiler identification is GNU 11.4.0
-- The CXX compiler identification is GNU 11.4.0
-- Detecting C compiler ABI info
-- Detecting C compiler ABI info - done
-- Check for working C compiler: /usr/bin/cc - skipped
-- Detecting C compile features
-- Detecting C compile features - done
-- Detecting CXX compiler ABI info
-- Detecting CXX compiler ABI info - done
-- Check for working CXX compiler: /usr/bin/c++ - skipped
-- Detecting CXX compile features
-- Detecting CXX compile features - done
-- Found ament_cmake: 1.3.9 (/opt/ros/humble/share/ament_cmake/cmake)
-- Found Python3: /usr/bin/python3 (found version "3.10.12") found components: Interpreter 
-- Found minibot_interfaces: 0.0.0 (/home/min/dev_ws/pinkbot2/install/minibot_interfaces/share/minibot_interfaces/cmake)
-- Found rosidl_generator_c: 3.1.5 (/opt/ros/humble/share/rosidl_generator_c/cmake)
-- Found rosidl_adapter: 3.1.5 (/opt/ros/humble/share/rosidl_adapter/cmake)
-- Found rosidl_generator_cpp: 3.1.5 (/opt/ros/humble/share/rosidl_generator_cpp/cmake)
-- Using all available rosidl_typesupport_c: rosidl_typesupport_fastrtps_c;rosidl_typesupport_introspection_c
-- Using all available rosidl_typesupport_cpp: rosidl_typesupport_fastrtps_cpp;rosidl_typesupport_introspection_cpp
-- Found controller_interface: 2.41.0 (/opt/ros/humble/share/controller_interface/cmake)
-- Found rmw_implementation_cmake: 6.1.2 (/opt/ros/humble/share/rmw_implementation_cmake/cmake)
-- Found rmw_fastrtps_cpp: 6.2.6 (/opt/ros/humble/share/rmw_fastrtps_cpp/cmake)
-- Found TinyXML2 via Config file: TinyXML2_DIR-NOTFOUND
-- Found OpenSSL: /usr/lib/x86_64-linux-gnu/libcrypto.so (found version "3.0.2")  
-- Found TinyXML2 via Config file: TinyXML2_DIR-NOTFOUND
-- Found FastRTPS: /opt/ros/humble/include  
-- Found TinyXML2 via Config file: TinyXML2_DIR-NOTFOUND
-- Found TinyXML2 via Config file: TinyXML2_DIR-NOTFOUND
-- Using RMW implementation 'rmw_fastrtps_cpp' as default
-- Looking for pthread.h
-- Looking for pthread.h - found
-- Performing Test CMAKE_HAVE_LIBC_PTHREAD
-- Performing Test CMAKE_HAVE_LIBC_PTHREAD - Success
-- Found Threads: TRUE  
-- Found realtime_tools: 2.5.0 (/opt/ros/humble/share/realtime_tools/cmake)
-- Found std_srvs: 4.2.4 (/opt/ros/humble/share/std_srvs/cmake)
-- Found ament_lint_auto: 0.12.11 (/opt/ros/humble/share/ament_lint_auto/cmake)
-- Added test 'cppcheck' to perform static code analysis on C / C++ code
-- Configured cppcheck include dirs: /home/min/dev_ws/pinkbot2/src/pinklab_minibot_robot/minibot_controllers/include
-- Configured cppcheck exclude dirs and/or files: 
-- Added test 'lint_cmake' to check CMake code style
-- Added test 'uncrustify' to check C / C++ code style
-- Configured uncrustify additional arguments: 
-- Added test 'xmllint' to check XML markup files
-- Configuring done
-- Generating done
-- Build files have been written to: /home/min/dev_ws/pinkbot2/build/minibot_controllers
[ 50%] [32mBuilding CXX object CMakeFiles/minibot_controllers.dir/src/gpio_controller.cpp.o[0m
[100%] [32m[1mLinking CXX shared library libminibot_controllers.so[0m
[100%] Built target minibot_controllers
-- Install configuration: ""
-- Installing: /home/min/dev_ws/pinkbot2/install/minibot_controllers/share/minibot_controllers/controller_plugins.xml
-- Installing: /home/min/dev_ws/pinkbot2/install/minibot_controllers/lib/libminibot_controllers.so
-- Set runtime path of "/home/min/dev_ws/pinkbot2/install/minibot_controllers/lib/libminibot_controllers.so" to ""
-- Installing: /home/min/dev_ws/pinkbot2/install/minibot_controllers/include
-- Installing: /home/min/dev_ws/pinkbot2/install/minibot_controllers/include/minibot_gpio_controller
-- Installing: /home/min/dev_ws/pinkbot2/install/minibot_controllers/include/minibot_gpio_controller/gpio_controller.hpp
-- Up-to-date: /home/min/dev_ws/pinkbot2/install/minibot_controllers/share/minibot_controllers/controller_plugins.xml
-- Installing: /home/min/dev_ws/pinkbot2/install/minibot_controllers/share/minibot_controllers/environment/library_path.sh
-- Installing: /home/min/dev_ws/pinkbot2/install/minibot_controllers/share/minibot_controllers/environment/library_path.dsv
-- Installing: /home/min/dev_ws/pinkbot2/install/minibot_controllers/share/ament_index/resource_index/package_run_dependencies/minibot_controllers
-- Installing: /home/min/dev_ws/pinkbot2/install/minibot_controllers/share/ament_index/resource_index/parent_prefix_path/minibot_controllers
-- Installing: /home/min/dev_ws/pinkbot2/install/minibot_controllers/share/minibot_controllers/environment/ament_prefix_path.sh
-- Installing: /home/min/dev_ws/pinkbot2/install/minibot_controllers/share/minibot_controllers/environment/ament_prefix_path.dsv
-- Installing: /home/min/dev_ws/pinkbot2/install/minibot_controllers/share/minibot_controllers/environment/path.sh
-- Installing: /home/min/dev_ws/pinkbot2/install/minibot_controllers/share/minibot_controllers/environment/path.dsv
-- Installing: /home/min/dev_ws/pinkbot2/install/minibot_controllers/share/minibot_controllers/local_setup.bash
-- Installing: /home/min/dev_ws/pinkbot2/install/minibot_controllers/share/minibot_controllers/local_setup.sh
-- Installing: /home/min/dev_ws/pinkbot2/install/minibot_controllers/share/minibot_controllers/local_setup.zsh
-- Installing: /home/min/dev_ws/pinkbot2/install/minibot_controllers/share/minibot_controllers/local_setup.dsv
-- Installing: /home/min/dev_ws/pinkbot2/install/minibot_controllers/share/minibot_controllers/package.dsv
-- Installing: /home/min/dev_ws/pinkbot2/install/minibot_controllers/share/ament_index/resource_index/packages/minibot_controllers
-- Installing: /home/min/dev_ws/pinkbot2/install/minibot_controllers/share/ament_index/resource_index/controller_interface__pluginlib__plugin/minibot_controllers
-- Installing: /home/min/dev_ws/pinkbot2/install/minibot_controllers/share/minibot_controllers/cmake/ament_cmake_export_dependencies-extras.cmake
-- Installing: /home/min/dev_ws/pinkbot2/install/minibot_controllers/share/minibot_controllers/cmake/ament_cmake_export_include_directories-extras.cmake
-- Installing: /home/min/dev_ws/pinkbot2/install/minibot_controllers/share/minibot_controllers/cmake/ament_cmake_export_libraries-extras.cmake
-- Installing: /home/min/dev_ws/pinkbot2/install/minibot_controllers/share/minibot_controllers/cmake/minibot_controllersConfig.cmake
-- Installing: /home/min/dev_ws/pinkbot2/install/minibot_controllers/share/minibot_controllers/cmake/minibot_controllersConfig-version.cmake
-- Installing: /home/min/dev_ws/pinkbot2/install/minibot_controllers/share/minibot_controllers/package.xml
