[0.008s] Invoking command in '/home/min/dev_ws/pinkbot2/build/minibot_controllers': CMAKE_PREFIX_PATH=/home/min/dev_ws/pinkbot2/install/minibot_interfaces:/home/min/dev_ws/pinkbot/install/minibot_navigation2:/home/min/dev_ws/pinkbot/install/minibot_controllers:/home/min/dev_ws/pinkbot/install/minibot_interfaces:/home/min/dev_ws/pinkbot/install/minibot_hardware_interface:/home/min/dev_ws/pinkbot/install/minibot_bringup:/home/min/dev_ws/pinkbot/install/minibot_gazebo:/home/min/dev_ws/pinkbot/install/minibot_description:/home/min/dev_ws/pinkbot2/install/multi_robot_control:/home/min/dev_ws/pinkbot2/install/minibot_navigation2:/home/min/dev_ws/pinkbot2/install/minibot_controllers:/home/min/dev_ws/pinkbot2/install/minibot_hardware_interface:/home/min/dev_ws/pinkbot2/install/minibot_bringup:/home/min/dev_ws/pinkbot2/install/minibot_gazebo:/home/min/dev_ws/pinkbot2/install/minibot_description:/opt/ros/humble LD_LIBRARY_PATH=/home/min/dev_ws/pinkbot2/install/minibot_interfaces/lib:/home/min/dev_ws/pinkbot/install/minibot_controllers/lib:/home/min/dev_ws/pinkbot/install/minibot_interfaces/lib:/home/min/dev_ws/pinkbot/install/minibot_hardware_interface/lib:/home/min/dev_ws/pinkbot2/install/minibot_controllers/lib:/home/min/dev_ws/pinkbot2/install/minibot_hardware_interface/lib:/usr/lib/x86_64-linux-gnu/gazebo-11/plugins:/opt/ros/humble/opt/rviz_ogre_vendor/lib:/opt/ros/humble/lib/x86_64-linux-gnu:/opt/ros/humble/lib:/usr/local/cuda/lib64:/usr/local/cuda/extras/CUPTI/lib64:/usr/local/cuda-12.1/lib64:/usr/local/cuda-12.1/lib64:/usr/local/cuda-12.1/lib64/:/usr/lib/x86_64-linux-gnu/gazebo-11/plugins:/usr/lib/x86_64-linux-gnu/gazebo-11/plugins:/usr/lib/x86_64-linux-gnu/gazebo-11/plugins:/usr/lib/x86_64-linux-gnu/gazebo-11/plugins:/usr/lib/x86_64-linux-gnu/gazebo-11/plugins:/usr/lib/x86_64-linux-gnu/gazebo-11/plugins /usr/bin/cmake /home/min/dev_ws/pinkbot2/src/pinklab_minibot_robot/minibot_controllers -DCMAKE_INSTALL_PREFIX=/home/min/dev_ws/pinkbot2/install/minibot_controllers
[0.049s] -- The C compiler identification is GNU 11.4.0
[0.090s] -- The CXX compiler identification is GNU 11.4.0
[0.096s] -- Detecting C compiler ABI info
[0.148s] -- Detecting C compiler ABI info - done
[0.154s] -- Check for working C compiler: /usr/bin/cc - skipped
[0.155s] -- Detecting C compile features
[0.155s] -- Detecting C compile features - done
[0.157s] -- Detecting CXX compiler ABI info
[0.218s] -- Detecting CXX compiler ABI info - done
[0.224s] -- Check for working CXX compiler: /usr/bin/c++ - skipped
[0.224s] -- Detecting CXX compile features
[0.225s] -- Detecting CXX compile features - done
[0.227s] -- Found ament_cmake: 1.3.9 (/opt/ros/humble/share/ament_cmake/cmake)
[0.351s] -- Found Python3: /usr/bin/python3 (found version "3.10.12") found components: Interpreter 
[0.422s] -- Found minibot_interfaces: 0.0.0 (/home/min/dev_ws/pinkbot2/install/minibot_interfaces/share/minibot_interfaces/cmake)
[0.456s] -- Found rosidl_generator_c: 3.1.5 (/opt/ros/humble/share/rosidl_generator_c/cmake)
[0.460s] -- Found rosidl_adapter: 3.1.5 (/opt/ros/humble/share/rosidl_adapter/cmake)
[0.467s] -- Found rosidl_generator_cpp: 3.1.5 (/opt/ros/humble/share/rosidl_generator_cpp/cmake)
[0.479s] -- Using all available rosidl_typesupport_c: rosidl_typesupport_fastrtps_c;rosidl_typesupport_introspection_c
[0.496s] -- Using all available rosidl_typesupport_cpp: rosidl_typesupport_fastrtps_cpp;rosidl_typesupport_introspection_cpp
[0.593s] -- Found controller_interface: 2.41.0 (/opt/ros/humble/share/controller_interface/cmake)
[1.107s] -- Found rmw_implementation_cmake: 6.1.2 (/opt/ros/humble/share/rmw_implementation_cmake/cmake)
[1.109s] -- Found rmw_fastrtps_cpp: 6.2.6 (/opt/ros/humble/share/rmw_fastrtps_cpp/cmake)
[1.142s] -- Found TinyXML2 via Config file: TinyXML2_DIR-NOTFOUND
[1.184s] -- Found OpenSSL: /usr/lib/x86_64-linux-gnu/libcrypto.so (found version "3.0.2")  
[1.186s] -- Found TinyXML2 via Config file: TinyXML2_DIR-NOTFOUND
[1.199s] -- Found FastRTPS: /opt/ros/humble/include  
[1.208s] -- Found TinyXML2 via Config file: TinyXML2_DIR-NOTFOUND
[1.214s] -- Found TinyXML2 via Config file: TinyXML2_DIR-NOTFOUND
[1.223s] -- Using RMW implementation 'rmw_fastrtps_cpp' as default
[1.232s] -- Looking for pthread.h
[1.288s] -- Looking for pthread.h - found
[1.289s] -- Performing Test CMAKE_HAVE_LIBC_PTHREAD
[1.343s] -- Performing Test CMAKE_HAVE_LIBC_PTHREAD - Success
[1.344s] -- Found Threads: TRUE  
[1.574s] -- Found realtime_tools: 2.5.0 (/opt/ros/humble/share/realtime_tools/cmake)
[1.610s] -- Found std_srvs: 4.2.4 (/opt/ros/humble/share/std_srvs/cmake)
[1.705s] -- Found ament_lint_auto: 0.12.11 (/opt/ros/humble/share/ament_lint_auto/cmake)
[1.771s] -- Added test 'cppcheck' to perform static code analysis on C / C++ code
[1.772s] -- Configured cppcheck include dirs: /home/min/dev_ws/pinkbot2/src/pinklab_minibot_robot/minibot_controllers/include
[1.772s] -- Configured cppcheck exclude dirs and/or files: 
[1.772s] -- Added test 'lint_cmake' to check CMake code style
[1.773s] -- Added test 'uncrustify' to check C / C++ code style
[1.773s] -- Configured uncrustify additional arguments: 
[1.774s] -- Added test 'xmllint' to check XML markup files
[1.775s] -- Configuring done
[1.793s] -- Generating done
[1.794s] -- Build files have been written to: /home/min/dev_ws/pinkbot2/build/minibot_controllers
[1.802s] Invoked command in '/home/min/dev_ws/pinkbot2/build/minibot_controllers' returned '0': CMAKE_PREFIX_PATH=/home/min/dev_ws/pinkbot2/install/minibot_interfaces:/home/min/dev_ws/pinkbot/install/minibot_navigation2:/home/min/dev_ws/pinkbot/install/minibot_controllers:/home/min/dev_ws/pinkbot/install/minibot_interfaces:/home/min/dev_ws/pinkbot/install/minibot_hardware_interface:/home/min/dev_ws/pinkbot/install/minibot_bringup:/home/min/dev_ws/pinkbot/install/minibot_gazebo:/home/min/dev_ws/pinkbot/install/minibot_description:/home/min/dev_ws/pinkbot2/install/multi_robot_control:/home/min/dev_ws/pinkbot2/install/minibot_navigation2:/home/min/dev_ws/pinkbot2/install/minibot_controllers:/home/min/dev_ws/pinkbot2/install/minibot_hardware_interface:/home/min/dev_ws/pinkbot2/install/minibot_bringup:/home/min/dev_ws/pinkbot2/install/minibot_gazebo:/home/min/dev_ws/pinkbot2/install/minibot_description:/opt/ros/humble LD_LIBRARY_PATH=/home/min/dev_ws/pinkbot2/install/minibot_interfaces/lib:/home/min/dev_ws/pinkbot/install/minibot_controllers/lib:/home/min/dev_ws/pinkbot/install/minibot_interfaces/lib:/home/min/dev_ws/pinkbot/install/minibot_hardware_interface/lib:/home/min/dev_ws/pinkbot2/install/minibot_controllers/lib:/home/min/dev_ws/pinkbot2/install/minibot_hardware_interface/lib:/usr/lib/x86_64-linux-gnu/gazebo-11/plugins:/opt/ros/humble/opt/rviz_ogre_vendor/lib:/opt/ros/humble/lib/x86_64-linux-gnu:/opt/ros/humble/lib:/usr/local/cuda/lib64:/usr/local/cuda/extras/CUPTI/lib64:/usr/local/cuda-12.1/lib64:/usr/local/cuda-12.1/lib64:/usr/local/cuda-12.1/lib64/:/usr/lib/x86_64-linux-gnu/gazebo-11/plugins:/usr/lib/x86_64-linux-gnu/gazebo-11/plugins:/usr/lib/x86_64-linux-gnu/gazebo-11/plugins:/usr/lib/x86_64-linux-gnu/gazebo-11/plugins:/usr/lib/x86_64-linux-gnu/gazebo-11/plugins:/usr/lib/x86_64-linux-gnu/gazebo-11/plugins /usr/bin/cmake /home/min/dev_ws/pinkbot2/src/pinklab_minibot_robot/minibot_controllers -DCMAKE_INSTALL_PREFIX=/home/min/dev_ws/pinkbot2/install/minibot_controllers
[1.804s] Invoking command in '/home/min/dev_ws/pinkbot2/build/minibot_controllers': CMAKE_PREFIX_PATH=/home/min/dev_ws/pinkbot2/install/minibot_interfaces:/home/min/dev_ws/pinkbot/install/minibot_navigation2:/home/min/dev_ws/pinkbot/install/minibot_controllers:/home/min/dev_ws/pinkbot/install/minibot_interfaces:/home/min/dev_ws/pinkbot/install/minibot_hardware_interface:/home/min/dev_ws/pinkbot/install/minibot_bringup:/home/min/dev_ws/pinkbot/install/minibot_gazebo:/home/min/dev_ws/pinkbot/install/minibot_description:/home/min/dev_ws/pinkbot2/install/multi_robot_control:/home/min/dev_ws/pinkbot2/install/minibot_navigation2:/home/min/dev_ws/pinkbot2/install/minibot_controllers:/home/min/dev_ws/pinkbot2/install/minibot_hardware_interface:/home/min/dev_ws/pinkbot2/install/minibot_bringup:/home/min/dev_ws/pinkbot2/install/minibot_gazebo:/home/min/dev_ws/pinkbot2/install/minibot_description:/opt/ros/humble LD_LIBRARY_PATH=/home/min/dev_ws/pinkbot2/install/minibot_interfaces/lib:/home/min/dev_ws/pinkbot/install/minibot_controllers/lib:/home/min/dev_ws/pinkbot/install/minibot_interfaces/lib:/home/min/dev_ws/pinkbot/install/minibot_hardware_interface/lib:/home/min/dev_ws/pinkbot2/install/minibot_controllers/lib:/home/min/dev_ws/pinkbot2/install/minibot_hardware_interface/lib:/usr/lib/x86_64-linux-gnu/gazebo-11/plugins:/opt/ros/humble/opt/rviz_ogre_vendor/lib:/opt/ros/humble/lib/x86_64-linux-gnu:/opt/ros/humble/lib:/usr/local/cuda/lib64:/usr/local/cuda/extras/CUPTI/lib64:/usr/local/cuda-12.1/lib64:/usr/local/cuda-12.1/lib64:/usr/local/cuda-12.1/lib64/:/usr/lib/x86_64-linux-gnu/gazebo-11/plugins:/usr/lib/x86_64-linux-gnu/gazebo-11/plugins:/usr/lib/x86_64-linux-gnu/gazebo-11/plugins:/usr/lib/x86_64-linux-gnu/gazebo-11/plugins:/usr/lib/x86_64-linux-gnu/gazebo-11/plugins:/usr/lib/x86_64-linux-gnu/gazebo-11/plugins /usr/bin/cmake --build /home/min/dev_ws/pinkbot2/build/minibot_controllers -- -j12 -l12
[1.843s] [ 50%] [32mBuilding CXX object CMakeFiles/minibot_controllers.dir/src/gpio_controller.cpp.o[0m
[11.516s] [100%] [32m[1mLinking CXX shared library libminibot_controllers.so[0m
[12.083s] [100%] Built target minibot_controllers
[12.095s] Invoked command in '/home/min/dev_ws/pinkbot2/build/minibot_controllers' returned '0': CMAKE_PREFIX_PATH=/home/min/dev_ws/pinkbot2/install/minibot_interfaces:/home/min/dev_ws/pinkbot/install/minibot_navigation2:/home/min/dev_ws/pinkbot/install/minibot_controllers:/home/min/dev_ws/pinkbot/install/minibot_interfaces:/home/min/dev_ws/pinkbot/install/minibot_hardware_interface:/home/min/dev_ws/pinkbot/install/minibot_bringup:/home/min/dev_ws/pinkbot/install/minibot_gazebo:/home/min/dev_ws/pinkbot/install/minibot_description:/home/min/dev_ws/pinkbot2/install/multi_robot_control:/home/min/dev_ws/pinkbot2/install/minibot_navigation2:/home/min/dev_ws/pinkbot2/install/minibot_controllers:/home/min/dev_ws/pinkbot2/install/minibot_hardware_interface:/home/min/dev_ws/pinkbot2/install/minibot_bringup:/home/min/dev_ws/pinkbot2/install/minibot_gazebo:/home/min/dev_ws/pinkbot2/install/minibot_description:/opt/ros/humble LD_LIBRARY_PATH=/home/min/dev_ws/pinkbot2/install/minibot_interfaces/lib:/home/min/dev_ws/pinkbot/install/minibot_controllers/lib:/home/min/dev_ws/pinkbot/install/minibot_interfaces/lib:/home/min/dev_ws/pinkbot/install/minibot_hardware_interface/lib:/home/min/dev_ws/pinkbot2/install/minibot_controllers/lib:/home/min/dev_ws/pinkbot2/install/minibot_hardware_interface/lib:/usr/lib/x86_64-linux-gnu/gazebo-11/plugins:/opt/ros/humble/opt/rviz_ogre_vendor/lib:/opt/ros/humble/lib/x86_64-linux-gnu:/opt/ros/humble/lib:/usr/local/cuda/lib64:/usr/local/cuda/extras/CUPTI/lib64:/usr/local/cuda-12.1/lib64:/usr/local/cuda-12.1/lib64:/usr/local/cuda-12.1/lib64/:/usr/lib/x86_64-linux-gnu/gazebo-11/plugins:/usr/lib/x86_64-linux-gnu/gazebo-11/plugins:/usr/lib/x86_64-linux-gnu/gazebo-11/plugins:/usr/lib/x86_64-linux-gnu/gazebo-11/plugins:/usr/lib/x86_64-linux-gnu/gazebo-11/plugins:/usr/lib/x86_64-linux-gnu/gazebo-11/plugins /usr/bin/cmake --build /home/min/dev_ws/pinkbot2/build/minibot_controllers -- -j12 -l12
[12.117s] Invoking command in '/home/min/dev_ws/pinkbot2/build/minibot_controllers': CMAKE_PREFIX_PATH=/home/min/dev_ws/pinkbot2/install/minibot_interfaces:/home/min/dev_ws/pinkbot/install/minibot_navigation2:/home/min/dev_ws/pinkbot/install/minibot_controllers:/home/min/dev_ws/pinkbot/install/minibot_interfaces:/home/min/dev_ws/pinkbot/install/minibot_hardware_interface:/home/min/dev_ws/pinkbot/install/minibot_bringup:/home/min/dev_ws/pinkbot/install/minibot_gazebo:/home/min/dev_ws/pinkbot/install/minibot_description:/home/min/dev_ws/pinkbot2/install/multi_robot_control:/home/min/dev_ws/pinkbot2/install/minibot_navigation2:/home/min/dev_ws/pinkbot2/install/minibot_controllers:/home/min/dev_ws/pinkbot2/install/minibot_hardware_interface:/home/min/dev_ws/pinkbot2/install/minibot_bringup:/home/min/dev_ws/pinkbot2/install/minibot_gazebo:/home/min/dev_ws/pinkbot2/install/minibot_description:/opt/ros/humble LD_LIBRARY_PATH=/home/min/dev_ws/pinkbot2/install/minibot_interfaces/lib:/home/min/dev_ws/pinkbot/install/minibot_controllers/lib:/home/min/dev_ws/pinkbot/install/minibot_interfaces/lib:/home/min/dev_ws/pinkbot/install/minibot_hardware_interface/lib:/home/min/dev_ws/pinkbot2/install/minibot_controllers/lib:/home/min/dev_ws/pinkbot2/install/minibot_hardware_interface/lib:/usr/lib/x86_64-linux-gnu/gazebo-11/plugins:/opt/ros/humble/opt/rviz_ogre_vendor/lib:/opt/ros/humble/lib/x86_64-linux-gnu:/opt/ros/humble/lib:/usr/local/cuda/lib64:/usr/local/cuda/extras/CUPTI/lib64:/usr/local/cuda-12.1/lib64:/usr/local/cuda-12.1/lib64:/usr/local/cuda-12.1/lib64/:/usr/lib/x86_64-linux-gnu/gazebo-11/plugins:/usr/lib/x86_64-linux-gnu/gazebo-11/plugins:/usr/lib/x86_64-linux-gnu/gazebo-11/plugins:/usr/lib/x86_64-linux-gnu/gazebo-11/plugins:/usr/lib/x86_64-linux-gnu/gazebo-11/plugins:/usr/lib/x86_64-linux-gnu/gazebo-11/plugins /usr/bin/cmake --install /home/min/dev_ws/pinkbot2/build/minibot_controllers
[12.123s] -- Install configuration: ""
[12.123s] -- Installing: /home/min/dev_ws/pinkbot2/install/minibot_controllers/share/minibot_controllers/controller_plugins.xml
[12.123s] -- Installing: /home/min/dev_ws/pinkbot2/install/minibot_controllers/lib/libminibot_controllers.so
[12.130s] -- Set runtime path of "/home/min/dev_ws/pinkbot2/install/minibot_controllers/lib/libminibot_controllers.so" to ""
[12.130s] -- Installing: /home/min/dev_ws/pinkbot2/install/minibot_controllers/include
[12.130s] -- Installing: /home/min/dev_ws/pinkbot2/install/minibot_controllers/include/minibot_gpio_controller
[12.130s] -- Installing: /home/min/dev_ws/pinkbot2/install/minibot_controllers/include/minibot_gpio_controller/gpio_controller.hpp
[12.130s] -- Up-to-date: /home/min/dev_ws/pinkbot2/install/minibot_controllers/share/minibot_controllers/controller_plugins.xml
[12.130s] -- Installing: /home/min/dev_ws/pinkbot2/install/minibot_controllers/share/minibot_controllers/environment/library_path.sh
[12.130s] -- Installing: /home/min/dev_ws/pinkbot2/install/minibot_controllers/share/minibot_controllers/environment/library_path.dsv
[12.130s] -- Installing: /home/min/dev_ws/pinkbot2/install/minibot_controllers/share/ament_index/resource_index/package_run_dependencies/minibot_controllers
[12.130s] -- Installing: /home/min/dev_ws/pinkbot2/install/minibot_controllers/share/ament_index/resource_index/parent_prefix_path/minibot_controllers
[12.131s] -- Installing: /home/min/dev_ws/pinkbot2/install/minibot_controllers/share/minibot_controllers/environment/ament_prefix_path.sh
[12.131s] -- Installing: /home/min/dev_ws/pinkbot2/install/minibot_controllers/share/minibot_controllers/environment/ament_prefix_path.dsv
[12.131s] -- Installing: /home/min/dev_ws/pinkbot2/install/minibot_controllers/share/minibot_controllers/environment/path.sh
[12.131s] -- Installing: /home/min/dev_ws/pinkbot2/install/minibot_controllers/share/minibot_controllers/environment/path.dsv
[12.131s] -- Installing: /home/min/dev_ws/pinkbot2/install/minibot_controllers/share/minibot_controllers/local_setup.bash
[12.131s] -- Installing: /home/min/dev_ws/pinkbot2/install/minibot_controllers/share/minibot_controllers/local_setup.sh
[12.131s] -- Installing: /home/min/dev_ws/pinkbot2/install/minibot_controllers/share/minibot_controllers/local_setup.zsh
[12.131s] -- Installing: /home/min/dev_ws/pinkbot2/install/minibot_controllers/share/minibot_controllers/local_setup.dsv
[12.131s] -- Installing: /home/min/dev_ws/pinkbot2/install/minibot_controllers/share/minibot_controllers/package.dsv
[12.131s] -- Installing: /home/min/dev_ws/pinkbot2/install/minibot_controllers/share/ament_index/resource_index/packages/minibot_controllers
[12.131s] -- Installing: /home/min/dev_ws/pinkbot2/install/minibot_controllers/share/ament_index/resource_index/controller_interface__pluginlib__plugin/minibot_controllers
[12.131s] -- Installing: /home/min/dev_ws/pinkbot2/install/minibot_controllers/share/minibot_controllers/cmake/ament_cmake_export_dependencies-extras.cmake
[12.132s] -- Installing: /home/min/dev_ws/pinkbot2/install/minibot_controllers/share/minibot_controllers/cmake/ament_cmake_export_include_directories-extras.cmake
[12.132s] -- Installing: /home/min/dev_ws/pinkbot2/install/minibot_controllers/share/minibot_controllers/cmake/ament_cmake_export_libraries-extras.cmake
[12.132s] -- Installing: /home/min/dev_ws/pinkbot2/install/minibot_controllers/share/minibot_controllers/cmake/minibot_controllersConfig.cmake
[12.132s] -- Installing: /home/min/dev_ws/pinkbot2/install/minibot_controllers/share/minibot_controllers/cmake/minibot_controllersConfig-version.cmake
[12.132s] -- Installing: /home/min/dev_ws/pinkbot2/install/minibot_controllers/share/minibot_controllers/package.xml
[12.133s] Invoked command in '/home/min/dev_ws/pinkbot2/build/minibot_controllers' returned '0': CMAKE_PREFIX_PATH=/home/min/dev_ws/pinkbot2/install/minibot_interfaces:/home/min/dev_ws/pinkbot/install/minibot_navigation2:/home/min/dev_ws/pinkbot/install/minibot_controllers:/home/min/dev_ws/pinkbot/install/minibot_interfaces:/home/min/dev_ws/pinkbot/install/minibot_hardware_interface:/home/min/dev_ws/pinkbot/install/minibot_bringup:/home/min/dev_ws/pinkbot/install/minibot_gazebo:/home/min/dev_ws/pinkbot/install/minibot_description:/home/min/dev_ws/pinkbot2/install/multi_robot_control:/home/min/dev_ws/pinkbot2/install/minibot_navigation2:/home/min/dev_ws/pinkbot2/install/minibot_controllers:/home/min/dev_ws/pinkbot2/install/minibot_hardware_interface:/home/min/dev_ws/pinkbot2/install/minibot_bringup:/home/min/dev_ws/pinkbot2/install/minibot_gazebo:/home/min/dev_ws/pinkbot2/install/minibot_description:/opt/ros/humble LD_LIBRARY_PATH=/home/min/dev_ws/pinkbot2/install/minibot_interfaces/lib:/home/min/dev_ws/pinkbot/install/minibot_controllers/lib:/home/min/dev_ws/pinkbot/install/minibot_interfaces/lib:/home/min/dev_ws/pinkbot/install/minibot_hardware_interface/lib:/home/min/dev_ws/pinkbot2/install/minibot_controllers/lib:/home/min/dev_ws/pinkbot2/install/minibot_hardware_interface/lib:/usr/lib/x86_64-linux-gnu/gazebo-11/plugins:/opt/ros/humble/opt/rviz_ogre_vendor/lib:/opt/ros/humble/lib/x86_64-linux-gnu:/opt/ros/humble/lib:/usr/local/cuda/lib64:/usr/local/cuda/extras/CUPTI/lib64:/usr/local/cuda-12.1/lib64:/usr/local/cuda-12.1/lib64:/usr/local/cuda-12.1/lib64/:/usr/lib/x86_64-linux-gnu/gazebo-11/plugins:/usr/lib/x86_64-linux-gnu/gazebo-11/plugins:/usr/lib/x86_64-linux-gnu/gazebo-11/plugins:/usr/lib/x86_64-linux-gnu/gazebo-11/plugins:/usr/lib/x86_64-linux-gnu/gazebo-11/plugins:/usr/lib/x86_64-linux-gnu/gazebo-11/plugins /usr/bin/cmake --install /home/min/dev_ws/pinkbot2/build/minibot_controllers
