[0.015s] Invoking command in '/home/min/dev_ws/pinkbot2/build/minibot_hardware_interface': CMAKE_PREFIX_PATH=${CMAKE_PREFIX_PATH}:/opt/ros/humble /usr/bin/cmake --build /home/min/dev_ws/pinkbot2/build/minibot_hardware_interface -- -j12 -l12
[0.051s] [35m[1mConsolidate compiler generated dependencies of target minibot_hardware_interface[0m
[0.072s] [100%] Built target minibot_hardware_interface
[0.095s] Invoked command in '/home/min/dev_ws/pinkbot2/build/minibot_hardware_interface' returned '0': CMAKE_PREFIX_PATH=${CMAKE_PREFIX_PATH}:/opt/ros/humble /usr/bin/cmake --build /home/min/dev_ws/pinkbot2/build/minibot_hardware_interface -- -j12 -l12
[0.113s] Invoking command in '/home/min/dev_ws/pinkbot2/build/minibot_hardware_interface': CMAKE_PREFIX_PATH=${CMAKE_PREFIX_PATH}:/opt/ros/humble /usr/bin/cmake --install /home/min/dev_ws/pinkbot2/build/minibot_hardware_interface
[0.120s] -- Install configuration: ""
[0.120s] -- Up-to-date: /home/min/dev_ws/pinkbot2/install/minibot_hardware_interface/share/minibot_hardware_interface/minibot_hardware.xml
[0.120s] -- Up-to-date: /home/min/dev_ws/pinkbot2/install/minibot_hardware_interface/lib/libminibot_hardware_interface.so
[0.120s] -- Up-to-date: /home/min/dev_ws/pinkbot2/install/minibot_hardware_interface/include
[0.120s] -- Up-to-date: /home/min/dev_ws/pinkbot2/install/minibot_hardware_interface/include/minibot_hardware_interface
[0.121s] -- Up-to-date: /home/min/dev_ws/pinkbot2/install/minibot_hardware_interface/include/minibot_hardware_interface/minibot_system.hpp
[0.121s] -- Up-to-date: /home/min/dev_ws/pinkbot2/install/minibot_hardware_interface/share/minibot_hardware_interface/environment/library_path.sh
[0.121s] -- Up-to-date: /home/min/dev_ws/pinkbot2/install/minibot_hardware_interface/share/minibot_hardware_interface/environment/library_path.dsv
[0.121s] -- Up-to-date: /home/min/dev_ws/pinkbot2/install/minibot_hardware_interface/share/ament_index/resource_index/package_run_dependencies/minibot_hardware_interface
[0.121s] -- Up-to-date: /home/min/dev_ws/pinkbot2/install/minibot_hardware_interface/share/ament_index/resource_index/parent_prefix_path/minibot_hardware_interface
[0.121s] -- Up-to-date: /home/min/dev_ws/pinkbot2/install/minibot_hardware_interface/share/minibot_hardware_interface/environment/ament_prefix_path.sh
[0.121s] -- Up-to-date: /home/min/dev_ws/pinkbot2/install/minibot_hardware_interface/share/minibot_hardware_interface/environment/ament_prefix_path.dsv
[0.121s] -- Up-to-date: /home/min/dev_ws/pinkbot2/install/minibot_hardware_interface/share/minibot_hardware_interface/environment/path.sh
[0.122s] -- Up-to-date: /home/min/dev_ws/pinkbot2/install/minibot_hardware_interface/share/minibot_hardware_interface/environment/path.dsv
[0.122s] -- Up-to-date: /home/min/dev_ws/pinkbot2/install/minibot_hardware_interface/share/minibot_hardware_interface/local_setup.bash
[0.122s] -- Up-to-date: /home/min/dev_ws/pinkbot2/install/minibot_hardware_interface/share/minibot_hardware_interface/local_setup.sh
[0.122s] -- Up-to-date: /home/min/dev_ws/pinkbot2/install/minibot_hardware_interface/share/minibot_hardware_interface/local_setup.zsh
[0.122s] -- Up-to-date: /home/min/dev_ws/pinkbot2/install/minibot_hardware_interface/share/minibot_hardware_interface/local_setup.dsv
[0.122s] -- Installing: /home/min/dev_ws/pinkbot2/install/minibot_hardware_interface/share/minibot_hardware_interface/package.dsv
[0.122s] -- Up-to-date: /home/min/dev_ws/pinkbot2/install/minibot_hardware_interface/share/ament_index/resource_index/packages/minibot_hardware_interface
[0.122s] -- Up-to-date: /home/min/dev_ws/pinkbot2/install/minibot_hardware_interface/share/ament_index/resource_index/hardware_interface__pluginlib__plugin/minibot_hardware_interface
[0.122s] -- Up-to-date: /home/min/dev_ws/pinkbot2/install/minibot_hardware_interface/share/minibot_hardware_interface/cmake/ament_cmake_export_include_directories-extras.cmake
[0.123s] -- Up-to-date: /home/min/dev_ws/pinkbot2/install/minibot_hardware_interface/share/minibot_hardware_interface/cmake/ament_cmake_export_libraries-extras.cmake
[0.123s] -- Up-to-date: /home/min/dev_ws/pinkbot2/install/minibot_hardware_interface/share/minibot_hardware_interface/cmake/ament_cmake_export_dependencies-extras.cmake
[0.124s] -- Up-to-date: /home/min/dev_ws/pinkbot2/install/minibot_hardware_interface/share/minibot_hardware_interface/cmake/minibot_hardware_interfaceConfig.cmake
[0.125s] -- Up-to-date: /home/min/dev_ws/pinkbot2/install/minibot_hardware_interface/share/minibot_hardware_interface/cmake/minibot_hardware_interfaceConfig-version.cmake
[0.125s] -- Up-to-date: /home/min/dev_ws/pinkbot2/install/minibot_hardware_interface/share/minibot_hardware_interface/package.xml
[0.125s] Invoked command in '/home/min/dev_ws/pinkbot2/build/minibot_hardware_interface' returned '0': CMAKE_PREFIX_PATH=${CMAKE_PREFIX_PATH}:/opt/ros/humble /usr/bin/cmake --install /home/min/dev_ws/pinkbot2/build/minibot_hardware_interface
