[0.007s] Invoking command in '/home/min/dev_ws/pinkbot2/build/minibot_bringup': CMAKE_PREFIX_PATH=/home/min/dev_ws/pinkbot2/install/minibot_gazebo:/home/min/dev_ws/pinkbot2/install/minibot_description:/home/min/dev_ws/pinkbot/install/minibot_navigation2:/home/min/dev_ws/pinkbot/install/minibot_controllers:/home/min/dev_ws/pinkbot/install/minibot_interfaces:/home/min/dev_ws/pinkbot/install/minibot_hardware_interface:/home/min/dev_ws/pinkbot/install/minibot_bringup:/home/min/dev_ws/pinkbot/install/minibot_gazebo:/home/min/dev_ws/pinkbot/install/minibot_description:/home/min/dev_ws/pinkbot2/install/multi_robot_control:/home/min/dev_ws/pinkbot2/install/minibot_navigation2:/home/min/dev_ws/pinkbot2/install/minibot_controllers:/home/min/dev_ws/pinkbot2/install/minibot_interfaces:/home/min/dev_ws/pinkbot2/install/minibot_hardware_interface:/home/min/dev_ws/pinkbot2/install/minibot_bringup:/opt/ros/humble /usr/bin/cmake /home/min/dev_ws/pinkbot2/src/pinklab_minibot_robot/minibot_bringup -DCMAKE_INSTALL_PREFIX=/home/min/dev_ws/pinkbot2/install/minibot_bringup
[0.052s] -- The C compiler identification is GNU 11.4.0
[0.097s] -- The CXX compiler identification is GNU 11.4.0
[0.105s] -- Detecting C compiler ABI info
[0.163s] -- Detecting C compiler ABI info - done
[0.174s] -- Check for working C compiler: /usr/bin/cc - skipped
[0.174s] -- Detecting C compile features
[0.174s] -- Detecting C compile features - done
[0.178s] -- Detecting CXX compiler ABI info
[0.246s] -- Detecting CXX compiler ABI info - done
[0.257s] -- Check for working CXX compiler: /usr/bin/c++ - skipped
[0.258s] -- Detecting CXX compile features
[0.258s] -- Detecting CXX compile features - done
[0.261s] -- Found ament_cmake: 1.3.9 (/opt/ros/humble/share/ament_cmake/cmake)
[0.397s] -- Found Python3: /usr/bin/python3 (found version "3.10.12") found components: Interpreter 
[0.503s] -- Found minibot_gazebo: 0.0.0 (/home/min/dev_ws/pinkbot2/install/minibot_gazebo/share/minibot_gazebo/cmake)
[0.504s] -- Found minibot_description: 0.0.0 (/home/min/dev_ws/pinkbot2/install/minibot_description/share/minibot_description/cmake)
[0.506s] -- Found ament_lint_auto: 0.12.11 (/opt/ros/humble/share/ament_lint_auto/cmake)
[0.598s] -- Added test 'copyright' to check source files copyright and LICENSE
[0.601s] -- Added test 'flake8' to check Python code syntax and style conventions
[0.602s] -- Added test 'lint_cmake' to check CMake code style
[0.603s] -- Added test 'pep257' to check Python code against some of the docstring style conventions in PEP 257
[0.604s] -- Added test 'xmllint' to check XML markup files
[0.606s] -- Configuring done
[0.610s] -- Generating done
[0.611s] -- Build files have been written to: /home/min/dev_ws/pinkbot2/build/minibot_bringup
[0.617s] Invoked command in '/home/min/dev_ws/pinkbot2/build/minibot_bringup' returned '0': CMAKE_PREFIX_PATH=/home/min/dev_ws/pinkbot2/install/minibot_gazebo:/home/min/dev_ws/pinkbot2/install/minibot_description:/home/min/dev_ws/pinkbot/install/minibot_navigation2:/home/min/dev_ws/pinkbot/install/minibot_controllers:/home/min/dev_ws/pinkbot/install/minibot_interfaces:/home/min/dev_ws/pinkbot/install/minibot_hardware_interface:/home/min/dev_ws/pinkbot/install/minibot_bringup:/home/min/dev_ws/pinkbot/install/minibot_gazebo:/home/min/dev_ws/pinkbot/install/minibot_description:/home/min/dev_ws/pinkbot2/install/multi_robot_control:/home/min/dev_ws/pinkbot2/install/minibot_navigation2:/home/min/dev_ws/pinkbot2/install/minibot_controllers:/home/min/dev_ws/pinkbot2/install/minibot_interfaces:/home/min/dev_ws/pinkbot2/install/minibot_hardware_interface:/home/min/dev_ws/pinkbot2/install/minibot_bringup:/opt/ros/humble /usr/bin/cmake /home/min/dev_ws/pinkbot2/src/pinklab_minibot_robot/minibot_bringup -DCMAKE_INSTALL_PREFIX=/home/min/dev_ws/pinkbot2/install/minibot_bringup
[0.618s] Invoking command in '/home/min/dev_ws/pinkbot2/build/minibot_bringup': CMAKE_PREFIX_PATH=/home/min/dev_ws/pinkbot2/install/minibot_gazebo:/home/min/dev_ws/pinkbot2/install/minibot_description:/home/min/dev_ws/pinkbot/install/minibot_navigation2:/home/min/dev_ws/pinkbot/install/minibot_controllers:/home/min/dev_ws/pinkbot/install/minibot_interfaces:/home/min/dev_ws/pinkbot/install/minibot_hardware_interface:/home/min/dev_ws/pinkbot/install/minibot_bringup:/home/min/dev_ws/pinkbot/install/minibot_gazebo:/home/min/dev_ws/pinkbot/install/minibot_description:/home/min/dev_ws/pinkbot2/install/multi_robot_control:/home/min/dev_ws/pinkbot2/install/minibot_navigation2:/home/min/dev_ws/pinkbot2/install/minibot_controllers:/home/min/dev_ws/pinkbot2/install/minibot_interfaces:/home/min/dev_ws/pinkbot2/install/minibot_hardware_interface:/home/min/dev_ws/pinkbot2/install/minibot_bringup:/opt/ros/humble /usr/bin/cmake --build /home/min/dev_ws/pinkbot2/build/minibot_bringup -- -j12 -l12
[0.666s] Invoked command in '/home/min/dev_ws/pinkbot2/build/minibot_bringup' returned '0': CMAKE_PREFIX_PATH=/home/min/dev_ws/pinkbot2/install/minibot_gazebo:/home/min/dev_ws/pinkbot2/install/minibot_description:/home/min/dev_ws/pinkbot/install/minibot_navigation2:/home/min/dev_ws/pinkbot/install/minibot_controllers:/home/min/dev_ws/pinkbot/install/minibot_interfaces:/home/min/dev_ws/pinkbot/install/minibot_hardware_interface:/home/min/dev_ws/pinkbot/install/minibot_bringup:/home/min/dev_ws/pinkbot/install/minibot_gazebo:/home/min/dev_ws/pinkbot/install/minibot_description:/home/min/dev_ws/pinkbot2/install/multi_robot_control:/home/min/dev_ws/pinkbot2/install/minibot_navigation2:/home/min/dev_ws/pinkbot2/install/minibot_controllers:/home/min/dev_ws/pinkbot2/install/minibot_interfaces:/home/min/dev_ws/pinkbot2/install/minibot_hardware_interface:/home/min/dev_ws/pinkbot2/install/minibot_bringup:/opt/ros/humble /usr/bin/cmake --build /home/min/dev_ws/pinkbot2/build/minibot_bringup -- -j12 -l12
[0.696s] Invoking command in '/home/min/dev_ws/pinkbot2/build/minibot_bringup': CMAKE_PREFIX_PATH=/home/min/dev_ws/pinkbot2/install/minibot_gazebo:/home/min/dev_ws/pinkbot2/install/minibot_description:/home/min/dev_ws/pinkbot/install/minibot_navigation2:/home/min/dev_ws/pinkbot/install/minibot_controllers:/home/min/dev_ws/pinkbot/install/minibot_interfaces:/home/min/dev_ws/pinkbot/install/minibot_hardware_interface:/home/min/dev_ws/pinkbot/install/minibot_bringup:/home/min/dev_ws/pinkbot/install/minibot_gazebo:/home/min/dev_ws/pinkbot/install/minibot_description:/home/min/dev_ws/pinkbot2/install/multi_robot_control:/home/min/dev_ws/pinkbot2/install/minibot_navigation2:/home/min/dev_ws/pinkbot2/install/minibot_controllers:/home/min/dev_ws/pinkbot2/install/minibot_interfaces:/home/min/dev_ws/pinkbot2/install/minibot_hardware_interface:/home/min/dev_ws/pinkbot2/install/minibot_bringup:/opt/ros/humble /usr/bin/cmake --install /home/min/dev_ws/pinkbot2/build/minibot_bringup
[0.705s] -- Install configuration: ""
[0.706s] -- Installing: /home/min/dev_ws/pinkbot2/install/minibot_bringup/share/minibot_bringup/config
[0.706s] -- Installing: /home/min/dev_ws/pinkbot2/install/minibot_bringup/share/minibot_bringup/config/minibot_controllers.yaml
[0.706s] -- Installing: /home/min/dev_ws/pinkbot2/install/minibot_bringup/share/minibot_bringup/config/minibot_controllers_gazebo.yaml
[0.706s] -- Installing: /home/min/dev_ws/pinkbot2/install/minibot_bringup/share/minibot_bringup/config/ydlidar.yaml
[0.706s] -- Installing: /home/min/dev_ws/pinkbot2/install/minibot_bringup/share/minibot_bringup/launch
[0.706s] -- Installing: /home/min/dev_ws/pinkbot2/install/minibot_bringup/share/minibot_bringup/launch/bringup_multi_robot_gazebo.launch.py
[0.706s] -- Installing: /home/min/dev_ws/pinkbot2/install/minibot_bringup/share/minibot_bringup/launch/bringup_robot_gazebo.launch.py
[0.706s] -- Installing: /home/min/dev_ws/pinkbot2/install/minibot_bringup/share/minibot_bringup/launch/bringup_robot.launch.py
[0.707s] -- Installing: /home/min/dev_ws/pinkbot2/install/minibot_bringup/share/minibot_bringup/rviz
[0.707s] -- Installing: /home/min/dev_ws/pinkbot2/install/minibot_bringup/share/minibot_bringup/rviz/robot.rviz
[0.707s] -- Installing: /home/min/dev_ws/pinkbot2/install/minibot_bringup/share/minibot_bringup/rviz/.empty
[0.707s] -- Installing: /home/min/dev_ws/pinkbot2/install/minibot_bringup/share/ament_index/resource_index/package_run_dependencies/minibot_bringup
[0.707s] -- Installing: /home/min/dev_ws/pinkbot2/install/minibot_bringup/share/ament_index/resource_index/parent_prefix_path/minibot_bringup
[0.707s] -- Installing: /home/min/dev_ws/pinkbot2/install/minibot_bringup/share/minibot_bringup/environment/ament_prefix_path.sh
[0.707s] -- Installing: /home/min/dev_ws/pinkbot2/install/minibot_bringup/share/minibot_bringup/environment/ament_prefix_path.dsv
[0.707s] -- Installing: /home/min/dev_ws/pinkbot2/install/minibot_bringup/share/minibot_bringup/environment/path.sh
[0.708s] -- Installing: /home/min/dev_ws/pinkbot2/install/minibot_bringup/share/minibot_bringup/environment/path.dsv
[0.708s] -- Installing: /home/min/dev_ws/pinkbot2/install/minibot_bringup/share/minibot_bringup/local_setup.bash
[0.708s] -- Installing: /home/min/dev_ws/pinkbot2/install/minibot_bringup/share/minibot_bringup/local_setup.sh
[0.708s] -- Installing: /home/min/dev_ws/pinkbot2/install/minibot_bringup/share/minibot_bringup/local_setup.zsh
[0.708s] -- Installing: /home/min/dev_ws/pinkbot2/install/minibot_bringup/share/minibot_bringup/local_setup.dsv
[0.708s] -- Installing: /home/min/dev_ws/pinkbot2/install/minibot_bringup/share/minibot_bringup/package.dsv
[0.708s] -- Installing: /home/min/dev_ws/pinkbot2/install/minibot_bringup/share/ament_index/resource_index/packages/minibot_bringup
[0.709s] -- Installing: /home/min/dev_ws/pinkbot2/install/minibot_bringup/share/minibot_bringup/cmake/minibot_bringupConfig.cmake
[0.709s] -- Installing: /home/min/dev_ws/pinkbot2/install/minibot_bringup/share/minibot_bringup/cmake/minibot_bringupConfig-version.cmake
[0.709s] -- Installing: /home/min/dev_ws/pinkbot2/install/minibot_bringup/share/minibot_bringup/package.xml
[0.712s] Invoked command in '/home/min/dev_ws/pinkbot2/build/minibot_bringup' returned '0': CMAKE_PREFIX_PATH=/home/min/dev_ws/pinkbot2/install/minibot_gazebo:/home/min/dev_ws/pinkbot2/install/minibot_description:/home/min/dev_ws/pinkbot/install/minibot_navigation2:/home/min/dev_ws/pinkbot/install/minibot_controllers:/home/min/dev_ws/pinkbot/install/minibot_interfaces:/home/min/dev_ws/pinkbot/install/minibot_hardware_interface:/home/min/dev_ws/pinkbot/install/minibot_bringup:/home/min/dev_ws/pinkbot/install/minibot_gazebo:/home/min/dev_ws/pinkbot/install/minibot_description:/home/min/dev_ws/pinkbot2/install/multi_robot_control:/home/min/dev_ws/pinkbot2/install/minibot_navigation2:/home/min/dev_ws/pinkbot2/install/minibot_controllers:/home/min/dev_ws/pinkbot2/install/minibot_interfaces:/home/min/dev_ws/pinkbot2/install/minibot_hardware_interface:/home/min/dev_ws/pinkbot2/install/minibot_bringup:/opt/ros/humble /usr/bin/cmake --install /home/min/dev_ws/pinkbot2/build/minibot_bringup
