-- The C compiler identification is GNU 11.4.0
-- The CXX compiler identification is GNU 11.4.0
-- Detecting C compiler ABI info
-- Detecting C compiler ABI info - done
-- Check for working C compiler: /usr/bin/cc - skipped
-- Detecting C compile features
-- Detecting C compile features - done
-- Detecting CXX compiler ABI info
-- Detecting CXX compiler ABI info - done
-- Check for working CXX compiler: /usr/bin/c++ - skipped
-- Detecting CXX compile features
-- Detecting CXX compile features - done
-- Found ament_cmake: 1.3.9 (/opt/ros/humble/share/ament_cmake/cmake)
-- Found Python3: /usr/bin/python3 (found version "3.10.12") found components: Interpreter 
-- Found slam_toolbox: 2.6.8 (/opt/ros/humble/share/slam_toolbox/cmake)
-- Found rosidl_generator_c: 3.1.5 (/opt/ros/humble/share/rosidl_generator_c/cmake)
-- Found rosidl_adapter: 3.1.5 (/opt/ros/humble/share/rosidl_adapter/cmake)
-- Found rosidl_generator_cpp: 3.1.5 (/opt/ros/humble/share/rosidl_generator_cpp/cmake)
-- Using all available rosidl_typesupport_c: rosidl_typesupport_fastrtps_c;rosidl_typesupport_introspection_c
-- Using all available rosidl_typesupport_cpp: rosidl_typesupport_fastrtps_cpp;rosidl_typesupport_introspection_cpp
-- Found rmw_implementation_cmake: 6.1.2 (/opt/ros/humble/share/rmw_implementation_cmake/cmake)
-- Found rmw_fastrtps_cpp: 6.2.6 (/opt/ros/humble/share/rmw_fastrtps_cpp/cmake)
-- Found OpenSSL: /usr/lib/x86_64-linux-gnu/libcrypto.so (found version "3.0.2")  
-- Found FastRTPS: /opt/ros/humble/include  
-- Using RMW implementation 'rmw_fastrtps_cpp' as default
-- Looking for pthread.h
-- Looking for pthread.h - found
-- Performing Test CMAKE_HAVE_LIBC_PTHREAD
-- Performing Test CMAKE_HAVE_LIBC_PTHREAD - Success
-- Found Threads: TRUE  
-- Found eigen3_cmake_module: 0.1.1 (/opt/ros/humble/share/eigen3_cmake_module/cmake)
-- Found Eigen3: TRUE (found version "3.4.0") 
-- Ensuring Eigen3 include directory is part of orocos-kdl CMake target
-- Setting OGRE_DIR to: '/opt/ros/humble/share/rviz_ogre_vendor/cmake/../../../opt/rviz_ogre_vendor/lib/OGRE/cmake'
-- Found OGRE
--   static     : OFF
--   components : HLMS;MeshLodGenerator;Overlay;Paging;Property;RTShaderSystem;Terrain;Volume
--   plugins    : Plugin_BSPSceneManager;Plugin_OctreeSceneManager;Plugin_PCZSceneManager;Plugin_ParticleFX;RenderSystem_GL;RenderSystem_GL3Plus;Codec_STBI
--   media      : /opt/ros/humble/opt/rviz_ogre_vendor/share/OGRE/Media
-- OGRE_LIBRARIES: OgreHLMS;OgreMeshLodGenerator;OgreOverlay;OgrePaging;OgreProperty;OgreRTShaderSystem;OgreTerrain;OgreVolume;OgreMain
-- OGRE_LIBRARY_DIRS: /opt/ros/humble/opt/rviz_ogre_vendor/lib
-- OGRE_PLUGINS: Plugin_BSPSceneManager;Plugin_OctreeSceneManager;Plugin_PCZSceneManager;Plugin_ParticleFX;RenderSystem_GL;RenderSystem_GL3Plus;Codec_STBI
-- OGRE_PLUGIN_DIR: /opt/ros/humble/opt/rviz_ogre_vendor/lib/OGRE
-- rviz_ogre_vendor::OgreOverlay for IMPORTED_LOCATION_RELEASE: /opt/ros/humble/opt/rviz_ogre_vendor/lib/libOgreOverlay.so
-- rviz_ogre_vendor::OgreOverlay for IMPORTED_LOCATION_DEBUG: /opt/ros/humble/opt/rviz_ogre_vendor/lib/libOgreOverlay.so
-- rviz_ogre_vendor::OgreMain for IMPORTED_LOCATION_RELEASE: /opt/ros/humble/opt/rviz_ogre_vendor/lib/libOgreMain.so
-- rviz_ogre_vendor::OgreMain for IMPORTED_LOCATION_DEBUG: /opt/ros/humble/opt/rviz_ogre_vendor/lib/libOgreMain.so
-- Found ZLIB: /usr/lib/x86_64-linux-gnu/libz.so (found version "1.2.11") 
-- Found OpenGL: /usr/lib/x86_64-linux-gnu/libOpenGL.so   
-- Found X11: /usr/include   
-- Looking for XOpenDisplay in /usr/lib/x86_64-linux-gnu/libX11.so;/usr/lib/x86_64-linux-gnu/libXext.so
-- Looking for XOpenDisplay in /usr/lib/x86_64-linux-gnu/libX11.so;/usr/lib/x86_64-linux-gnu/libXext.so - found
-- Looking for gethostbyname
-- Looking for gethostbyname - found
-- Looking for connect
-- Looking for connect - found
-- Looking for remove
-- Looking for remove - found
-- Looking for shmat
-- Looking for shmat - found
-- Looking for IceConnectionNumber in ICE
-- Looking for IceConnectionNumber in ICE - found
-- rviz_ogre_vendor::RenderSystem_GL for IMPORTED_LOCATION_RELEASE: _render_system_gl_static_library_abs-NOTFOUND
-- rviz_ogre_vendor::RenderSystem_GL for IMPORTED_LOCATION_DEBUG: _render_system_gl_static_library_abs-NOTFOUND
-- library: /usr/lib/x86_64-linux-gnu/libcurl.so
-- Found ament_lint_auto: 0.12.11 (/opt/ros/humble/share/ament_lint_auto/cmake)
-- Added test 'flake8' to check Python code syntax and style conventions
-- Added test 'lint_cmake' to check CMake code style
-- Added test 'pep257' to check Python code against some of the docstring style conventions in PEP 257
-- Added test 'xmllint' to check XML markup files
-- Configuring done
-- Generating done
-- Build files have been written to: /home/min/dev_ws/pinkbot2/build/minibot_navigation2
-- Install configuration: ""
-- Installing: /home/min/dev_ws/pinkbot2/install/minibot_navigation2/share/minibot_navigation2/config
-- Installing: /home/min/dev_ws/pinkbot2/install/minibot_navigation2/share/minibot_navigation2/config/mapper_params.yaml
-- Installing: /home/min/dev_ws/pinkbot2/install/minibot_navigation2/share/minibot_navigation2/launch
-- Installing: /home/min/dev_ws/pinkbot2/install/minibot_navigation2/share/minibot_navigation2/launch/navigation_launch.py
-- Installing: /home/min/dev_ws/pinkbot2/install/minibot_navigation2/share/minibot_navigation2/launch/bringup_launch.py
-- Installing: /home/min/dev_ws/pinkbot2/install/minibot_navigation2/share/minibot_navigation2/launch/map_building.launch.py
-- Installing: /home/min/dev_ws/pinkbot2/install/minibot_navigation2/share/minibot_navigation2/launch/rviz_launch.py
-- Installing: /home/min/dev_ws/pinkbot2/install/minibot_navigation2/share/minibot_navigation2/launch/localization_launch.py
-- Installing: /home/min/dev_ws/pinkbot2/install/minibot_navigation2/share/minibot_navigation2/maps
-- Installing: /home/min/dev_ws/pinkbot2/install/minibot_navigation2/share/minibot_navigation2/maps/.empty
-- Installing: /home/min/dev_ws/pinkbot2/install/minibot_navigation2/share/minibot_navigation2/maps/turtle_world.yaml
-- Installing: /home/min/dev_ws/pinkbot2/install/minibot_navigation2/share/minibot_navigation2/maps/turtle_world.pgm
-- Installing: /home/min/dev_ws/pinkbot2/install/minibot_navigation2/share/minibot_navigation2/maps/simple_building.pgm
-- Installing: /home/min/dev_ws/pinkbot2/install/minibot_navigation2/share/minibot_navigation2/maps/simple_building.yaml
-- Installing: /home/min/dev_ws/pinkbot2/install/minibot_navigation2/share/minibot_navigation2/params
-- Installing: /home/min/dev_ws/pinkbot2/install/minibot_navigation2/share/minibot_navigation2/params/nav2_params.yaml
-- Installing: /home/min/dev_ws/pinkbot2/install/minibot_navigation2/share/minibot_navigation2/rviz
-- Installing: /home/min/dev_ws/pinkbot2/install/minibot_navigation2/share/minibot_navigation2/rviz/map_building.rviz
-- Installing: /home/min/dev_ws/pinkbot2/install/minibot_navigation2/share/minibot_navigation2/rviz/nav2_view.rviz
-- Installing: /home/min/dev_ws/pinkbot2/install/minibot_navigation2/share/ament_index/resource_index/package_run_dependencies/minibot_navigation2
-- Installing: /home/min/dev_ws/pinkbot2/install/minibot_navigation2/share/ament_index/resource_index/parent_prefix_path/minibot_navigation2
-- Installing: /home/min/dev_ws/pinkbot2/install/minibot_navigation2/share/minibot_navigation2/environment/ament_prefix_path.sh
-- Installing: /home/min/dev_ws/pinkbot2/install/minibot_navigation2/share/minibot_navigation2/environment/ament_prefix_path.dsv
-- Installing: /home/min/dev_ws/pinkbot2/install/minibot_navigation2/share/minibot_navigation2/environment/path.sh
-- Installing: /home/min/dev_ws/pinkbot2/install/minibot_navigation2/share/minibot_navigation2/environment/path.dsv
-- Installing: /home/min/dev_ws/pinkbot2/install/minibot_navigation2/share/minibot_navigation2/local_setup.bash
-- Installing: /home/min/dev_ws/pinkbot2/install/minibot_navigation2/share/minibot_navigation2/local_setup.sh
-- Installing: /home/min/dev_ws/pinkbot2/install/minibot_navigation2/share/minibot_navigation2/local_setup.zsh
-- Installing: /home/min/dev_ws/pinkbot2/install/minibot_navigation2/share/minibot_navigation2/local_setup.dsv
-- Installing: /home/min/dev_ws/pinkbot2/install/minibot_navigation2/share/minibot_navigation2/package.dsv
-- Installing: /home/min/dev_ws/pinkbot2/install/minibot_navigation2/share/ament_index/resource_index/packages/minibot_navigation2
-- Installing: /home/min/dev_ws/pinkbot2/install/minibot_navigation2/share/minibot_navigation2/cmake/minibot_navigation2Config.cmake
-- Installing: /home/min/dev_ws/pinkbot2/install/minibot_navigation2/share/minibot_navigation2/cmake/minibot_navigation2Config-version.cmake
-- Installing: /home/min/dev_ws/pinkbot2/install/minibot_navigation2/share/minibot_navigation2/package.xml
