[0.006s] Invoking command in '/home/min/dev_ws/pinkbot2/build/minibot_gazebo': CMAKE_PREFIX_PATH=/home/min/dev_ws/pinkbot2/install/minibot_description:/home/min/dev_ws/pinkbot/install/minibot_navigation2:/home/min/dev_ws/pinkbot/install/minibot_controllers:/home/min/dev_ws/pinkbot/install/minibot_interfaces:/home/min/dev_ws/pinkbot/install/minibot_hardware_interface:/home/min/dev_ws/pinkbot/install/minibot_bringup:/home/min/dev_ws/pinkbot/install/minibot_gazebo:/home/min/dev_ws/pinkbot/install/minibot_description:/home/min/dev_ws/pinkbot2/install/multi_robot_control:/home/min/dev_ws/pinkbot2/install/minibot_navigation2:/home/min/dev_ws/pinkbot2/install/minibot_controllers:/home/min/dev_ws/pinkbot2/install/minibot_interfaces:/home/min/dev_ws/pinkbot2/install/minibot_hardware_interface:/home/min/dev_ws/pinkbot2/install/minibot_bringup:/home/min/dev_ws/pinkbot2/install/minibot_gazebo:/opt/ros/humble /usr/bin/cmake /home/min/dev_ws/pinkbot2/src/pinklab_minibot_robot/minibot_gazebo -DCMAKE_INSTALL_PREFIX=/home/min/dev_ws/pinkbot2/install/minibot_gazebo
[0.048s] -- The C compiler identification is GNU 11.4.0
[0.091s] -- The CXX compiler identification is GNU 11.4.0
[0.099s] -- Detecting C compiler ABI info
[0.154s] -- Detecting C compiler ABI info - done
[0.160s] -- Check for working C compiler: /usr/bin/cc - skipped
[0.160s] -- Detecting C compile features
[0.160s] -- Detecting C compile features - done
[0.163s] -- Detecting CXX compiler ABI info
[0.226s] -- Detecting CXX compiler ABI info - done
[0.232s] -- Check for working CXX compiler: /usr/bin/c++ - skipped
[0.232s] -- Detecting CXX compile features
[0.232s] -- Detecting CXX compile features - done
[0.234s] -- Found ament_cmake: 1.3.9 (/opt/ros/humble/share/ament_cmake/cmake)
[0.362s] -- Found Python3: /usr/bin/python3 (found version "3.10.12") found components: Interpreter 
[0.432s] -- Found minibot_description: 0.0.0 (/home/min/dev_ws/pinkbot2/install/minibot_description/share/minibot_description/cmake)
[0.434s] -- Found ament_lint_auto: 0.12.11 (/opt/ros/humble/share/ament_lint_auto/cmake)
[0.503s] -- Added test 'copyright' to check source files copyright and LICENSE
[0.506s] -- Added test 'flake8' to check Python code syntax and style conventions
[0.507s] -- Added test 'lint_cmake' to check CMake code style
[0.507s] -- Added test 'pep257' to check Python code against some of the docstring style conventions in PEP 257
[0.509s] -- Added test 'xmllint' to check XML markup files
[0.510s] -- Configuring done
[0.512s] -- Generating done
[0.513s] -- Build files have been written to: /home/min/dev_ws/pinkbot2/build/minibot_gazebo
[0.518s] Invoked command in '/home/min/dev_ws/pinkbot2/build/minibot_gazebo' returned '0': CMAKE_PREFIX_PATH=/home/min/dev_ws/pinkbot2/install/minibot_description:/home/min/dev_ws/pinkbot/install/minibot_navigation2:/home/min/dev_ws/pinkbot/install/minibot_controllers:/home/min/dev_ws/pinkbot/install/minibot_interfaces:/home/min/dev_ws/pinkbot/install/minibot_hardware_interface:/home/min/dev_ws/pinkbot/install/minibot_bringup:/home/min/dev_ws/pinkbot/install/minibot_gazebo:/home/min/dev_ws/pinkbot/install/minibot_description:/home/min/dev_ws/pinkbot2/install/multi_robot_control:/home/min/dev_ws/pinkbot2/install/minibot_navigation2:/home/min/dev_ws/pinkbot2/install/minibot_controllers:/home/min/dev_ws/pinkbot2/install/minibot_interfaces:/home/min/dev_ws/pinkbot2/install/minibot_hardware_interface:/home/min/dev_ws/pinkbot2/install/minibot_bringup:/home/min/dev_ws/pinkbot2/install/minibot_gazebo:/opt/ros/humble /usr/bin/cmake /home/min/dev_ws/pinkbot2/src/pinklab_minibot_robot/minibot_gazebo -DCMAKE_INSTALL_PREFIX=/home/min/dev_ws/pinkbot2/install/minibot_gazebo
[0.519s] Invoking command in '/home/min/dev_ws/pinkbot2/build/minibot_gazebo': CMAKE_PREFIX_PATH=/home/min/dev_ws/pinkbot2/install/minibot_description:/home/min/dev_ws/pinkbot/install/minibot_navigation2:/home/min/dev_ws/pinkbot/install/minibot_controllers:/home/min/dev_ws/pinkbot/install/minibot_interfaces:/home/min/dev_ws/pinkbot/install/minibot_hardware_interface:/home/min/dev_ws/pinkbot/install/minibot_bringup:/home/min/dev_ws/pinkbot/install/minibot_gazebo:/home/min/dev_ws/pinkbot/install/minibot_description:/home/min/dev_ws/pinkbot2/install/multi_robot_control:/home/min/dev_ws/pinkbot2/install/minibot_navigation2:/home/min/dev_ws/pinkbot2/install/minibot_controllers:/home/min/dev_ws/pinkbot2/install/minibot_interfaces:/home/min/dev_ws/pinkbot2/install/minibot_hardware_interface:/home/min/dev_ws/pinkbot2/install/minibot_bringup:/home/min/dev_ws/pinkbot2/install/minibot_gazebo:/opt/ros/humble /usr/bin/cmake --build /home/min/dev_ws/pinkbot2/build/minibot_gazebo -- -j12 -l12
[0.550s] Invoked command in '/home/min/dev_ws/pinkbot2/build/minibot_gazebo' returned '0': CMAKE_PREFIX_PATH=/home/min/dev_ws/pinkbot2/install/minibot_description:/home/min/dev_ws/pinkbot/install/minibot_navigation2:/home/min/dev_ws/pinkbot/install/minibot_controllers:/home/min/dev_ws/pinkbot/install/minibot_interfaces:/home/min/dev_ws/pinkbot/install/minibot_hardware_interface:/home/min/dev_ws/pinkbot/install/minibot_bringup:/home/min/dev_ws/pinkbot/install/minibot_gazebo:/home/min/dev_ws/pinkbot/install/minibot_description:/home/min/dev_ws/pinkbot2/install/multi_robot_control:/home/min/dev_ws/pinkbot2/install/minibot_navigation2:/home/min/dev_ws/pinkbot2/install/minibot_controllers:/home/min/dev_ws/pinkbot2/install/minibot_interfaces:/home/min/dev_ws/pinkbot2/install/minibot_hardware_interface:/home/min/dev_ws/pinkbot2/install/minibot_bringup:/home/min/dev_ws/pinkbot2/install/minibot_gazebo:/opt/ros/humble /usr/bin/cmake --build /home/min/dev_ws/pinkbot2/build/minibot_gazebo -- -j12 -l12
[0.569s] Invoking command in '/home/min/dev_ws/pinkbot2/build/minibot_gazebo': CMAKE_PREFIX_PATH=/home/min/dev_ws/pinkbot2/install/minibot_description:/home/min/dev_ws/pinkbot/install/minibot_navigation2:/home/min/dev_ws/pinkbot/install/minibot_controllers:/home/min/dev_ws/pinkbot/install/minibot_interfaces:/home/min/dev_ws/pinkbot/install/minibot_hardware_interface:/home/min/dev_ws/pinkbot/install/minibot_bringup:/home/min/dev_ws/pinkbot/install/minibot_gazebo:/home/min/dev_ws/pinkbot/install/minibot_description:/home/min/dev_ws/pinkbot2/install/multi_robot_control:/home/min/dev_ws/pinkbot2/install/minibot_navigation2:/home/min/dev_ws/pinkbot2/install/minibot_controllers:/home/min/dev_ws/pinkbot2/install/minibot_interfaces:/home/min/dev_ws/pinkbot2/install/minibot_hardware_interface:/home/min/dev_ws/pinkbot2/install/minibot_bringup:/home/min/dev_ws/pinkbot2/install/minibot_gazebo:/opt/ros/humble /usr/bin/cmake --install /home/min/dev_ws/pinkbot2/build/minibot_gazebo
[0.576s] -- Install configuration: ""
[0.576s] -- Installing: /home/min/dev_ws/pinkbot2/install/minibot_gazebo/share/minibot_gazebo/launch
[0.576s] -- Installing: /home/min/dev_ws/pinkbot2/install/minibot_gazebo/share/minibot_gazebo/launch/bringup_gazebo.launch.py
[0.576s] -- Installing: /home/min/dev_ws/pinkbot2/install/minibot_gazebo/share/minibot_gazebo/worlds
[0.576s] -- Installing: /home/min/dev_ws/pinkbot2/install/minibot_gazebo/share/minibot_gazebo/worlds/turtlebot3_world.world
[0.576s] -- Installing: /home/min/dev_ws/pinkbot2/install/minibot_gazebo/share/minibot_gazebo/worlds/simple_building.world
[0.576s] -- Installing: /home/min/dev_ws/pinkbot2/install/minibot_gazebo/share/minibot_gazebo/worlds/empty.world
[0.576s] -- Installing: /home/min/dev_ws/pinkbot2/install/minibot_gazebo/share/minibot_gazebo/models
[0.576s] -- Installing: /home/min/dev_ws/pinkbot2/install/minibot_gazebo/share/minibot_gazebo/models/.empty
[0.576s] -- Installing: /home/min/dev_ws/pinkbot2/install/minibot_gazebo/share/minibot_gazebo/models/turtlebot3_world
[0.576s] -- Installing: /home/min/dev_ws/pinkbot2/install/minibot_gazebo/share/minibot_gazebo/models/turtlebot3_world/meshes
[0.577s] -- Installing: /home/min/dev_ws/pinkbot2/install/minibot_gazebo/share/minibot_gazebo/models/turtlebot3_world/meshes/wall.dae
[0.577s] -- Installing: /home/min/dev_ws/pinkbot2/install/minibot_gazebo/share/minibot_gazebo/models/turtlebot3_world/meshes/hexagon.dae
[0.577s] -- Installing: /home/min/dev_ws/pinkbot2/install/minibot_gazebo/share/minibot_gazebo/models/turtlebot3_world/model-1_4.sdf
[0.577s] -- Installing: /home/min/dev_ws/pinkbot2/install/minibot_gazebo/share/minibot_gazebo/models/turtlebot3_world/model.config
[0.577s] -- Installing: /home/min/dev_ws/pinkbot2/install/minibot_gazebo/share/minibot_gazebo/models/turtlebot3_world/model.sdf
[0.577s] -- Installing: /home/min/dev_ws/pinkbot2/install/minibot_gazebo/share/minibot_gazebo/models/simple_building
[0.577s] -- Installing: /home/min/dev_ws/pinkbot2/install/minibot_gazebo/share/minibot_gazebo/models/simple_building/model.config
[0.577s] -- Installing: /home/min/dev_ws/pinkbot2/install/minibot_gazebo/share/minibot_gazebo/models/simple_building/model.sdf
[0.577s] -- Installing: /home/min/dev_ws/pinkbot2/install/minibot_gazebo/share/ament_index/resource_index/package_run_dependencies/minibot_gazebo
[0.577s] -- Installing: /home/min/dev_ws/pinkbot2/install/minibot_gazebo/share/ament_index/resource_index/parent_prefix_path/minibot_gazebo
[0.577s] -- Installing: /home/min/dev_ws/pinkbot2/install/minibot_gazebo/share/minibot_gazebo/environment/ament_prefix_path.sh
[0.577s] -- Installing: /home/min/dev_ws/pinkbot2/install/minibot_gazebo/share/minibot_gazebo/environment/ament_prefix_path.dsv
[0.577s] -- Installing: /home/min/dev_ws/pinkbot2/install/minibot_gazebo/share/minibot_gazebo/environment/path.sh
[0.577s] -- Installing: /home/min/dev_ws/pinkbot2/install/minibot_gazebo/share/minibot_gazebo/environment/path.dsv
[0.578s] -- Installing: /home/min/dev_ws/pinkbot2/install/minibot_gazebo/share/minibot_gazebo/local_setup.bash
[0.578s] -- Installing: /home/min/dev_ws/pinkbot2/install/minibot_gazebo/share/minibot_gazebo/local_setup.sh
[0.578s] -- Installing: /home/min/dev_ws/pinkbot2/install/minibot_gazebo/share/minibot_gazebo/local_setup.zsh
[0.578s] -- Installing: /home/min/dev_ws/pinkbot2/install/minibot_gazebo/share/minibot_gazebo/local_setup.dsv
[0.578s] -- Installing: /home/min/dev_ws/pinkbot2/install/minibot_gazebo/share/minibot_gazebo/package.dsv
[0.578s] -- Installing: /home/min/dev_ws/pinkbot2/install/minibot_gazebo/share/ament_index/resource_index/packages/minibot_gazebo
[0.578s] -- Installing: /home/min/dev_ws/pinkbot2/install/minibot_gazebo/share/minibot_gazebo/cmake/minibot_gazeboConfig.cmake
[0.578s] -- Installing: /home/min/dev_ws/pinkbot2/install/minibot_gazebo/share/minibot_gazebo/cmake/minibot_gazeboConfig-version.cmake
[0.578s] -- Installing: /home/min/dev_ws/pinkbot2/install/minibot_gazebo/share/minibot_gazebo/package.xml
[0.581s] Invoked command in '/home/min/dev_ws/pinkbot2/build/minibot_gazebo' returned '0': CMAKE_PREFIX_PATH=/home/min/dev_ws/pinkbot2/install/minibot_description:/home/min/dev_ws/pinkbot/install/minibot_navigation2:/home/min/dev_ws/pinkbot/install/minibot_controllers:/home/min/dev_ws/pinkbot/install/minibot_interfaces:/home/min/dev_ws/pinkbot/install/minibot_hardware_interface:/home/min/dev_ws/pinkbot/install/minibot_bringup:/home/min/dev_ws/pinkbot/install/minibot_gazebo:/home/min/dev_ws/pinkbot/install/minibot_description:/home/min/dev_ws/pinkbot2/install/multi_robot_control:/home/min/dev_ws/pinkbot2/install/minibot_navigation2:/home/min/dev_ws/pinkbot2/install/minibot_controllers:/home/min/dev_ws/pinkbot2/install/minibot_interfaces:/home/min/dev_ws/pinkbot2/install/minibot_hardware_interface:/home/min/dev_ws/pinkbot2/install/minibot_bringup:/home/min/dev_ws/pinkbot2/install/minibot_gazebo:/opt/ros/humble /usr/bin/cmake --install /home/min/dev_ws/pinkbot2/build/minibot_gazebo
