[0.007s] Invoking command in '/home/min/dev_ws/pinkbot2/build/minibot_gazebo': CMAKE_PREFIX_PATH=/home/min/dev_ws/pinkbot2/install/minibot_description:/home/min/dev_ws/pinkbot2/install/minibot_navigation2:/home/min/dev_ws/pinkbot2/install/minibot_controllers:/home/min/dev_ws/pinkbot2/install/minibot_interfaces:/home/min/dev_ws/pinkbot2/install/minibot_hardware_interface:/home/min/dev_ws/pinkbot2/install/minibot_bringup:/home/min/dev_ws/pinkbot2/install/minibot_gazebo:/opt/ros/humble /usr/bin/cmake --build /home/min/dev_ws/pinkbot2/build/minibot_gazebo -- -j12 -l12
[0.042s] Invoked command in '/home/min/dev_ws/pinkbot2/build/minibot_gazebo' returned '0': CMAKE_PREFIX_PATH=/home/min/dev_ws/pinkbot2/install/minibot_description:/home/min/dev_ws/pinkbot2/install/minibot_navigation2:/home/min/dev_ws/pinkbot2/install/minibot_controllers:/home/min/dev_ws/pinkbot2/install/minibot_interfaces:/home/min/dev_ws/pinkbot2/install/minibot_hardware_interface:/home/min/dev_ws/pinkbot2/install/minibot_bringup:/home/min/dev_ws/pinkbot2/install/minibot_gazebo:/opt/ros/humble /usr/bin/cmake --build /home/min/dev_ws/pinkbot2/build/minibot_gazebo -- -j12 -l12
[0.061s] Invoking command in '/home/min/dev_ws/pinkbot2/build/minibot_gazebo': CMAKE_PREFIX_PATH=/home/min/dev_ws/pinkbot2/install/minibot_description:/home/min/dev_ws/pinkbot2/install/minibot_navigation2:/home/min/dev_ws/pinkbot2/install/minibot_controllers:/home/min/dev_ws/pinkbot2/install/minibot_interfaces:/home/min/dev_ws/pinkbot2/install/minibot_hardware_interface:/home/min/dev_ws/pinkbot2/install/minibot_bringup:/home/min/dev_ws/pinkbot2/install/minibot_gazebo:/opt/ros/humble /usr/bin/cmake --install /home/min/dev_ws/pinkbot2/build/minibot_gazebo
[0.068s] -- Install configuration: ""
[0.068s] -- Up-to-date: /home/min/dev_ws/pinkbot2/install/minibot_gazebo/share/minibot_gazebo/launch
[0.068s] -- Installing: /home/min/dev_ws/pinkbot2/install/minibot_gazebo/share/minibot_gazebo/launch/bringup_gazebo.launch.py
[0.069s] -- Up-to-date: /home/min/dev_ws/pinkbot2/install/minibot_gazebo/share/minibot_gazebo/worlds
[0.069s] -- Up-to-date: /home/min/dev_ws/pinkbot2/install/minibot_gazebo/share/minibot_gazebo/worlds/turtlebot3_world.world
[0.069s] -- Up-to-date: /home/min/dev_ws/pinkbot2/install/minibot_gazebo/share/minibot_gazebo/worlds/simple_building.world
[0.069s] -- Up-to-date: /home/min/dev_ws/pinkbot2/install/minibot_gazebo/share/minibot_gazebo/worlds/empty.world
[0.069s] -- Up-to-date: /home/min/dev_ws/pinkbot2/install/minibot_gazebo/share/minibot_gazebo/models
[0.069s] -- Up-to-date: /home/min/dev_ws/pinkbot2/install/minibot_gazebo/share/minibot_gazebo/models/.empty
[0.069s] -- Up-to-date: /home/min/dev_ws/pinkbot2/install/minibot_gazebo/share/minibot_gazebo/models/turtlebot3_world
[0.069s] -- Up-to-date: /home/min/dev_ws/pinkbot2/install/minibot_gazebo/share/minibot_gazebo/models/turtlebot3_world/meshes
[0.069s] -- Up-to-date: /home/min/dev_ws/pinkbot2/install/minibot_gazebo/share/minibot_gazebo/models/turtlebot3_world/meshes/wall.dae
[0.069s] -- Up-to-date: /home/min/dev_ws/pinkbot2/install/minibot_gazebo/share/minibot_gazebo/models/turtlebot3_world/meshes/hexagon.dae
[0.069s] -- Up-to-date: /home/min/dev_ws/pinkbot2/install/minibot_gazebo/share/minibot_gazebo/models/turtlebot3_world/model-1_4.sdf
[0.069s] -- Up-to-date: /home/min/dev_ws/pinkbot2/install/minibot_gazebo/share/minibot_gazebo/models/turtlebot3_world/model.config
[0.069s] -- Up-to-date: /home/min/dev_ws/pinkbot2/install/minibot_gazebo/share/minibot_gazebo/models/turtlebot3_world/model.sdf
[0.069s] -- Up-to-date: /home/min/dev_ws/pinkbot2/install/minibot_gazebo/share/minibot_gazebo/models/simple_building
[0.070s] -- Up-to-date: /home/min/dev_ws/pinkbot2/install/minibot_gazebo/share/minibot_gazebo/models/simple_building/model.config
[0.070s] -- Up-to-date: /home/min/dev_ws/pinkbot2/install/minibot_gazebo/share/minibot_gazebo/models/simple_building/model.sdf
[0.070s] -- Up-to-date: /home/min/dev_ws/pinkbot2/install/minibot_gazebo/share/ament_index/resource_index/package_run_dependencies/minibot_gazebo
[0.070s] -- Up-to-date: /home/min/dev_ws/pinkbot2/install/minibot_gazebo/share/ament_index/resource_index/parent_prefix_path/minibot_gazebo
[0.070s] -- Up-to-date: /home/min/dev_ws/pinkbot2/install/minibot_gazebo/share/minibot_gazebo/environment/ament_prefix_path.sh
[0.070s] -- Up-to-date: /home/min/dev_ws/pinkbot2/install/minibot_gazebo/share/minibot_gazebo/environment/ament_prefix_path.dsv
[0.070s] -- Up-to-date: /home/min/dev_ws/pinkbot2/install/minibot_gazebo/share/minibot_gazebo/environment/path.sh
[0.070s] -- Up-to-date: /home/min/dev_ws/pinkbot2/install/minibot_gazebo/share/minibot_gazebo/environment/path.dsv
[0.070s] -- Up-to-date: /home/min/dev_ws/pinkbot2/install/minibot_gazebo/share/minibot_gazebo/local_setup.bash
[0.070s] -- Up-to-date: /home/min/dev_ws/pinkbot2/install/minibot_gazebo/share/minibot_gazebo/local_setup.sh
[0.071s] -- Up-to-date: /home/min/dev_ws/pinkbot2/install/minibot_gazebo/share/minibot_gazebo/local_setup.zsh
[0.071s] -- Up-to-date: /home/min/dev_ws/pinkbot2/install/minibot_gazebo/share/minibot_gazebo/local_setup.dsv
[0.071s] -- Installing: /home/min/dev_ws/pinkbot2/install/minibot_gazebo/share/minibot_gazebo/package.dsv
[0.072s] -- Up-to-date: /home/min/dev_ws/pinkbot2/install/minibot_gazebo/share/ament_index/resource_index/packages/minibot_gazebo
[0.072s] -- Up-to-date: /home/min/dev_ws/pinkbot2/install/minibot_gazebo/share/minibot_gazebo/cmake/minibot_gazeboConfig.cmake
[0.072s] -- Up-to-date: /home/min/dev_ws/pinkbot2/install/minibot_gazebo/share/minibot_gazebo/cmake/minibot_gazeboConfig-version.cmake
[0.072s] -- Up-to-date: /home/min/dev_ws/pinkbot2/install/minibot_gazebo/share/minibot_gazebo/package.xml
[0.072s] Invoked command in '/home/min/dev_ws/pinkbot2/build/minibot_gazebo' returned '0': CMAKE_PREFIX_PATH=/home/min/dev_ws/pinkbot2/install/minibot_description:/home/min/dev_ws/pinkbot2/install/minibot_navigation2:/home/min/dev_ws/pinkbot2/install/minibot_controllers:/home/min/dev_ws/pinkbot2/install/minibot_interfaces:/home/min/dev_ws/pinkbot2/install/minibot_hardware_interface:/home/min/dev_ws/pinkbot2/install/minibot_bringup:/home/min/dev_ws/pinkbot2/install/minibot_gazebo:/opt/ros/humble /usr/bin/cmake --install /home/min/dev_ws/pinkbot2/build/minibot_gazebo
