[0.015s] Invoking command in '/home/min/dev_ws/pinkbot2/build/minibot_interfaces': CMAKE_PREFIX_PATH=${CMAKE_PREFIX_PATH}:/opt/ros/humble /usr/bin/cmake /home/min/dev_ws/pinkbot2/src/pinklab_minibot_robot/minibot_interfaces -DCMAKE_INSTALL_PREFIX=/home/min/dev_ws/pinkbot2/install/minibot_interfaces
[0.060s] -- The C compiler identification is GNU 11.4.0
[0.108s] -- The CXX compiler identification is GNU 11.4.0
[0.114s] -- Detecting C compiler ABI info
[0.169s] -- Detecting C compiler ABI info - done
[0.175s] -- Check for working C compiler: /usr/bin/cc - skipped
[0.175s] -- Detecting C compile features
[0.175s] -- Detecting C compile features - done
[0.178s] -- Detecting CXX compiler ABI info
[0.244s] -- Detecting CXX compiler ABI info - done
[0.256s] -- Check for working CXX compiler: /usr/bin/c++ - skipped
[0.256s] -- Detecting CXX compile features
[0.257s] -- Detecting CXX compile features - done
[0.259s] -- Found ament_cmake: 1.3.9 (/opt/ros/humble/share/ament_cmake/cmake)
[0.389s] -- Found Python3: /usr/bin/python3 (found version "3.10.12") found components: Interpreter 
[0.466s] -- Found std_msgs: 4.2.4 (/opt/ros/humble/share/std_msgs/cmake)
[0.494s] -- Found rosidl_generator_c: 3.1.5 (/opt/ros/humble/share/rosidl_generator_c/cmake)
[0.498s] -- Found rosidl_adapter: 3.1.5 (/opt/ros/humble/share/rosidl_adapter/cmake)
[0.505s] -- Found rosidl_generator_cpp: 3.1.5 (/opt/ros/humble/share/rosidl_generator_cpp/cmake)
[0.516s] -- Using all available rosidl_typesupport_c: rosidl_typesupport_fastrtps_c;rosidl_typesupport_introspection_c
[0.533s] -- Using all available rosidl_typesupport_cpp: rosidl_typesupport_fastrtps_cpp;rosidl_typesupport_introspection_cpp
[0.580s] -- Found rosidl_default_generators: 1.2.0 (/opt/ros/humble/share/rosidl_default_generators/cmake)
[0.817s] -- Found ament_cmake_ros: 0.10.0 (/opt/ros/humble/share/ament_cmake_ros/cmake)
[1.121s] -- Using all available rosidl_typesupport_c: rosidl_typesupport_fastrtps_c;rosidl_typesupport_introspection_c
[1.241s] -- Using all available rosidl_typesupport_cpp: rosidl_typesupport_fastrtps_cpp;rosidl_typesupport_introspection_cpp
[1.260s] -- Found PythonInterp: /usr/bin/python3 (found suitable version "3.10.12", minimum required is "3.6") 
[1.262s] -- Found python_cmake_module: 0.10.0 (/opt/ros/humble/share/python_cmake_module/cmake)
[1.284s] -- Found PythonLibs: /usr/lib/x86_64-linux-gnu/libpython3.10.so (found suitable version "3.10.12", minimum required is "3.5") 
[1.285s] -- Using PYTHON_EXECUTABLE: /usr/bin/python3
[1.285s] -- Using PYTHON_INCLUDE_DIRS: /usr/include/python3.10
[1.285s] -- Using PYTHON_LIBRARIES: /usr/lib/x86_64-linux-gnu/libpython3.10.so
[1.304s] -- Found PythonExtra: .so  
[1.352s] -- Found ament_lint_auto: 0.12.11 (/opt/ros/humble/share/ament_lint_auto/cmake)
[1.367s] -- Added test 'lint_cmake' to check CMake code style
[1.368s] -- Added test 'xmllint' to check XML markup files
[1.370s] -- Configuring done
[1.396s] -- Generating done
[1.398s] -- Build files have been written to: /home/min/dev_ws/pinkbot2/build/minibot_interfaces
[1.404s] Invoked command in '/home/min/dev_ws/pinkbot2/build/minibot_interfaces' returned '0': CMAKE_PREFIX_PATH=${CMAKE_PREFIX_PATH}:/opt/ros/humble /usr/bin/cmake /home/min/dev_ws/pinkbot2/src/pinklab_minibot_robot/minibot_interfaces -DCMAKE_INSTALL_PREFIX=/home/min/dev_ws/pinkbot2/install/minibot_interfaces
[1.406s] Invoking command in '/home/min/dev_ws/pinkbot2/build/minibot_interfaces': CMAKE_PREFIX_PATH=${CMAKE_PREFIX_PATH}:/opt/ros/humble /usr/bin/cmake --build /home/min/dev_ws/pinkbot2/build/minibot_interfaces -- -j12 -l12
[1.440s] [  2%] [34m[1mGenerating C code for ROS interfaces[0m
[1.449s] [  5%] [34m[1mGenerating C++ code for ROS interfaces[0m
[1.456s] [  5%] Built target ament_cmake_python_copy_minibot_interfaces
[1.725s] [  5%] Built target minibot_interfaces__cpp
[1.731s] [  7%] [32mBuilding C object CMakeFiles/minibot_interfaces__rosidl_generator_c.dir/rosidl_generator_c/minibot_interfaces/msg/detail/lamp_command__functions.c.o[0m
[1.734s] running egg_info
[1.734s] [ 10%] [32mBuilding C object CMakeFiles/minibot_interfaces__rosidl_generator_c.dir/rosidl_generator_c/minibot_interfaces/msg/detail/robot_state__functions.c.o[0m
[1.734s] [ 12%] [34m[1mGenerating C++ type support dispatch for ROS interfaces[0m
[1.734s] creating minibot_interfaces.egg-info
[1.735s] writing minibot_interfaces.egg-info/PKG-INFO
[1.735s] writing dependency_links to minibot_interfaces.egg-info/dependency_links.txt
[1.735s] writing top-level names to minibot_interfaces.egg-info/top_level.txt
[1.735s] writing manifest file 'minibot_interfaces.egg-info/SOURCES.txt'
[1.738s] [ 15%] [34m[1mGenerating C++ introspection for ROS interfaces[0m
[1.739s] [ 17%] [34m[1mGenerating C++ type support for eProsima Fast-RTPS[0m
[1.739s] reading manifest file 'minibot_interfaces.egg-info/SOURCES.txt'
[1.741s] writing manifest file 'minibot_interfaces.egg-info/SOURCES.txt'
[1.786s] [ 17%] Built target ament_cmake_python_build_minibot_interfaces_egg
[1.792s] [ 20%] [32m[1mLinking C shared library libminibot_interfaces__rosidl_generator_c.so[0m
[1.822s] [ 20%] Built target minibot_interfaces__rosidl_generator_c
[1.835s] [ 25%] [34m[1mGenerating C type support for eProsima Fast-RTPS[0m
[1.835s] [ 25%] [34m[1mGenerating C type support dispatch for ROS interfaces[0m
[1.835s] [ 28%] [34m[1mGenerating C introspection for ROS interfaces[0m
[1.990s] [ 30%] [32mBuilding CXX object CMakeFiles/minibot_interfaces__rosidl_typesupport_cpp.dir/rosidl_typesupport_cpp/minibot_interfaces/msg/lamp_command__type_support.cpp.o[0m
[1.992s] [ 33%] [32mBuilding CXX object CMakeFiles/minibot_interfaces__rosidl_typesupport_cpp.dir/rosidl_typesupport_cpp/minibot_interfaces/msg/robot_state__type_support.cpp.o[0m
[2.025s] [ 35%] [32mBuilding CXX object CMakeFiles/minibot_interfaces__rosidl_typesupport_fastrtps_cpp.dir/rosidl_typesupport_fastrtps_cpp/minibot_interfaces/msg/detail/dds_fastrtps/robot_state__type_support.cpp.o[0m
[2.026s] [ 38%] [32mBuilding CXX object CMakeFiles/minibot_interfaces__rosidl_typesupport_fastrtps_cpp.dir/rosidl_typesupport_fastrtps_cpp/minibot_interfaces/msg/detail/dds_fastrtps/lamp_command__type_support.cpp.o[0m
[2.070s] [ 41%] [32mBuilding CXX object CMakeFiles/minibot_interfaces__rosidl_typesupport_introspection_cpp.dir/rosidl_typesupport_introspection_cpp/minibot_interfaces/msg/detail/lamp_command__type_support.cpp.o[0m
[2.073s] [ 43%] [32mBuilding CXX object CMakeFiles/minibot_interfaces__rosidl_typesupport_introspection_cpp.dir/rosidl_typesupport_introspection_cpp/minibot_interfaces/msg/detail/robot_state__type_support.cpp.o[0m
[2.203s] [ 46%] [32mBuilding CXX object CMakeFiles/minibot_interfaces__rosidl_typesupport_c.dir/rosidl_typesupport_c/minibot_interfaces/msg/lamp_command__type_support.cpp.o[0m
[2.212s] [ 48%] [32mBuilding CXX object CMakeFiles/minibot_interfaces__rosidl_typesupport_c.dir/rosidl_typesupport_c/minibot_interfaces/msg/robot_state__type_support.cpp.o[0m
[2.261s] [ 51%] [32m[1mLinking CXX shared library libminibot_interfaces__rosidl_typesupport_c.so[0m
[2.270s] [ 53%] [32mBuilding C object CMakeFiles/minibot_interfaces__rosidl_typesupport_introspection_c.dir/rosidl_typesupport_introspection_c/minibot_interfaces/msg/detail/robot_state__type_support.c.o[0m
[2.272s] [ 56%] [32mBuilding C object CMakeFiles/minibot_interfaces__rosidl_typesupport_introspection_c.dir/rosidl_typesupport_introspection_c/minibot_interfaces/msg/detail/lamp_command__type_support.c.o[0m
[2.276s] [ 58%] [32mBuilding CXX object CMakeFiles/minibot_interfaces__rosidl_typesupport_fastrtps_c.dir/rosidl_typesupport_fastrtps_c/minibot_interfaces/msg/detail/robot_state__type_support_c.cpp.o[0m
[2.285s] [ 61%] [32mBuilding CXX object CMakeFiles/minibot_interfaces__rosidl_typesupport_fastrtps_c.dir/rosidl_typesupport_fastrtps_c/minibot_interfaces/msg/detail/lamp_command__type_support_c.cpp.o[0m
[2.328s] [ 61%] Built target minibot_interfaces__rosidl_typesupport_c
[2.329s] [ 64%] [32m[1mLinking C shared library libminibot_interfaces__rosidl_typesupport_introspection_c.so[0m
[2.369s] [ 66%] [32m[1mLinking CXX shared library libminibot_interfaces__rosidl_typesupport_cpp.so[0m
[2.370s] [ 66%] Built target minibot_interfaces__rosidl_typesupport_introspection_c
[2.429s] [ 66%] Built target minibot_interfaces__rosidl_typesupport_cpp
[2.497s] [ 69%] [32m[1mLinking CXX shared library libminibot_interfaces__rosidl_typesupport_fastrtps_cpp.so[0m
[2.535s] [ 71%] [32m[1mLinking CXX shared library libminibot_interfaces__rosidl_typesupport_introspection_cpp.so[0m
[2.592s] [ 71%] Built target minibot_interfaces__rosidl_typesupport_fastrtps_cpp
[2.606s] [ 71%] Built target minibot_interfaces__rosidl_typesupport_introspection_cpp
[2.705s] [ 74%] [32m[1mLinking CXX shared library libminibot_interfaces__rosidl_typesupport_fastrtps_c.so[0m
[2.775s] [ 74%] Built target minibot_interfaces__rosidl_typesupport_fastrtps_c
[2.791s] [ 74%] Built target minibot_interfaces
[2.808s] [ 76%] [34m[1mGenerating Python code for ROS interfaces[0m
[3.121s] [ 76%] Built target minibot_interfaces__py
[3.139s] [ 82%] [32mBuilding C object CMakeFiles/minibot_interfaces__rosidl_generator_py.dir/rosidl_generator_py/minibot_interfaces/msg/_robot_state_s.c.o[0m
[3.139s] [ 82%] [32mBuilding C object CMakeFiles/minibot_interfaces__rosidl_generator_py.dir/rosidl_generator_py/minibot_interfaces/msg/_lamp_command_s.c.o[0m
[3.218s] [ 84%] [32m[1mLinking C shared library rosidl_generator_py/minibot_interfaces/libminibot_interfaces__rosidl_generator_py.so[0m
[3.251s] [ 84%] Built target minibot_interfaces__rosidl_generator_py
[3.269s] [ 92%] [32mBuilding C object CMakeFiles/minibot_interfaces__rosidl_typesupport_fastrtps_c__pyext.dir/rosidl_generator_py/minibot_interfaces/_minibot_interfaces_s.ep.rosidl_typesupport_fastrtps_c.c.o[0m
[3.269s] [ 92%] [32mBuilding C object CMakeFiles/minibot_interfaces__rosidl_typesupport_introspection_c__pyext.dir/rosidl_generator_py/minibot_interfaces/_minibot_interfaces_s.ep.rosidl_typesupport_introspection_c.c.o[0m
[3.269s] [ 92%] [32mBuilding C object CMakeFiles/minibot_interfaces__rosidl_typesupport_c__pyext.dir/rosidl_generator_py/minibot_interfaces/_minibot_interfaces_s.ep.rosidl_typesupport_c.c.o[0m
[3.351s] [ 97%] [32m[1mLinking C shared library rosidl_generator_py/minibot_interfaces/minibot_interfaces_s__rosidl_typesupport_c.cpython-310-x86_64-linux-gnu.so[0m
[3.351s] [ 97%] [32m[1mLinking C shared library rosidl_generator_py/minibot_interfaces/minibot_interfaces_s__rosidl_typesupport_introspection_c.cpython-310-x86_64-linux-gnu.so[0m
[3.358s] [100%] [32m[1mLinking C shared library rosidl_generator_py/minibot_interfaces/minibot_interfaces_s__rosidl_typesupport_fastrtps_c.cpython-310-x86_64-linux-gnu.so[0m
[3.383s] [100%] Built target minibot_interfaces__rosidl_typesupport_introspection_c__pyext
[3.383s] [100%] Built target minibot_interfaces__rosidl_typesupport_c__pyext
[3.391s] [100%] Built target minibot_interfaces__rosidl_typesupport_fastrtps_c__pyext
[3.401s] Invoked command in '/home/min/dev_ws/pinkbot2/build/minibot_interfaces' returned '0': CMAKE_PREFIX_PATH=${CMAKE_PREFIX_PATH}:/opt/ros/humble /usr/bin/cmake --build /home/min/dev_ws/pinkbot2/build/minibot_interfaces -- -j12 -l12
[3.464s] Invoking command in '/home/min/dev_ws/pinkbot2/build/minibot_interfaces': CMAKE_PREFIX_PATH=${CMAKE_PREFIX_PATH}:/opt/ros/humble /usr/bin/cmake --install /home/min/dev_ws/pinkbot2/build/minibot_interfaces
[3.471s] -- Install configuration: ""
[3.471s] -- Installing: /home/min/dev_ws/pinkbot2/install/minibot_interfaces/share/ament_index/resource_index/rosidl_interfaces/minibot_interfaces
[3.471s] -- Installing: /home/min/dev_ws/pinkbot2/install/minibot_interfaces/include/minibot_interfaces/minibot_interfaces
[3.471s] -- Installing: /home/min/dev_ws/pinkbot2/install/minibot_interfaces/include/minibot_interfaces/minibot_interfaces/msg
[3.471s] -- Installing: /home/min/dev_ws/pinkbot2/install/minibot_interfaces/include/minibot_interfaces/minibot_interfaces/msg/detail
[3.471s] -- Installing: /home/min/dev_ws/pinkbot2/install/minibot_interfaces/include/minibot_interfaces/minibot_interfaces/msg/detail/robot_state__functions.h
[3.471s] -- Installing: /home/min/dev_ws/pinkbot2/install/minibot_interfaces/include/minibot_interfaces/minibot_interfaces/msg/detail/lamp_command__functions.c
[3.471s] -- Installing: /home/min/dev_ws/pinkbot2/install/minibot_interfaces/include/minibot_interfaces/minibot_interfaces/msg/detail/robot_state__struct.h
[3.472s] -- Installing: /home/min/dev_ws/pinkbot2/install/minibot_interfaces/include/minibot_interfaces/minibot_interfaces/msg/detail/robot_state__functions.c
[3.472s] -- Installing: /home/min/dev_ws/pinkbot2/install/minibot_interfaces/include/minibot_interfaces/minibot_interfaces/msg/detail/lamp_command__struct.h
[3.472s] -- Installing: /home/min/dev_ws/pinkbot2/install/minibot_interfaces/include/minibot_interfaces/minibot_interfaces/msg/detail/lamp_command__functions.h
[3.472s] -- Installing: /home/min/dev_ws/pinkbot2/install/minibot_interfaces/include/minibot_interfaces/minibot_interfaces/msg/detail/robot_state__type_support.h
[3.472s] -- Installing: /home/min/dev_ws/pinkbot2/install/minibot_interfaces/include/minibot_interfaces/minibot_interfaces/msg/detail/lamp_command__type_support.h
[3.472s] -- Installing: /home/min/dev_ws/pinkbot2/install/minibot_interfaces/include/minibot_interfaces/minibot_interfaces/msg/lamp_command.h
[3.472s] -- Installing: /home/min/dev_ws/pinkbot2/install/minibot_interfaces/include/minibot_interfaces/minibot_interfaces/msg/robot_state.h
[3.472s] -- Installing: /home/min/dev_ws/pinkbot2/install/minibot_interfaces/include/minibot_interfaces/minibot_interfaces/msg/rosidl_generator_c__visibility_control.h
[3.472s] -- Installing: /home/min/dev_ws/pinkbot2/install/minibot_interfaces/share/minibot_interfaces/environment/library_path.sh
[3.473s] -- Installing: /home/min/dev_ws/pinkbot2/install/minibot_interfaces/share/minibot_interfaces/environment/library_path.dsv
[3.473s] -- Installing: /home/min/dev_ws/pinkbot2/install/minibot_interfaces/lib/libminibot_interfaces__rosidl_generator_c.so
[3.473s] -- Set runtime path of "/home/min/dev_ws/pinkbot2/install/minibot_interfaces/lib/libminibot_interfaces__rosidl_generator_c.so" to ""
[3.473s] -- Up-to-date: /home/min/dev_ws/pinkbot2/install/minibot_interfaces/include/minibot_interfaces/minibot_interfaces
[3.473s] -- Up-to-date: /home/min/dev_ws/pinkbot2/install/minibot_interfaces/include/minibot_interfaces/minibot_interfaces/msg
[3.473s] -- Up-to-date: /home/min/dev_ws/pinkbot2/install/minibot_interfaces/include/minibot_interfaces/minibot_interfaces/msg/detail
[3.473s] -- Installing: /home/min/dev_ws/pinkbot2/install/minibot_interfaces/include/minibot_interfaces/minibot_interfaces/msg/detail/lamp_command__rosidl_typesupport_fastrtps_c.h
[3.474s] -- Installing: /home/min/dev_ws/pinkbot2/install/minibot_interfaces/include/minibot_interfaces/minibot_interfaces/msg/detail/robot_state__rosidl_typesupport_fastrtps_c.h
[3.474s] -- Installing: /home/min/dev_ws/pinkbot2/install/minibot_interfaces/include/minibot_interfaces/minibot_interfaces/msg/rosidl_typesupport_fastrtps_c__visibility_control.h
[3.474s] -- Installing: /home/min/dev_ws/pinkbot2/install/minibot_interfaces/lib/libminibot_interfaces__rosidl_typesupport_fastrtps_c.so
[3.474s] -- Set runtime path of "/home/min/dev_ws/pinkbot2/install/minibot_interfaces/lib/libminibot_interfaces__rosidl_typesupport_fastrtps_c.so" to ""
[3.474s] -- Up-to-date: /home/min/dev_ws/pinkbot2/install/minibot_interfaces/include/minibot_interfaces/minibot_interfaces
[3.474s] -- Up-to-date: /home/min/dev_ws/pinkbot2/install/minibot_interfaces/include/minibot_interfaces/minibot_interfaces/msg
[3.474s] -- Up-to-date: /home/min/dev_ws/pinkbot2/install/minibot_interfaces/include/minibot_interfaces/minibot_interfaces/msg/detail
[3.474s] -- Installing: /home/min/dev_ws/pinkbot2/install/minibot_interfaces/include/minibot_interfaces/minibot_interfaces/msg/detail/robot_state__traits.hpp
[3.474s] -- Installing: /home/min/dev_ws/pinkbot2/install/minibot_interfaces/include/minibot_interfaces/minibot_interfaces/msg/detail/lamp_command__traits.hpp
[3.475s] -- Installing: /home/min/dev_ws/pinkbot2/install/minibot_interfaces/include/minibot_interfaces/minibot_interfaces/msg/detail/robot_state__builder.hpp
[3.475s] -- Installing: /home/min/dev_ws/pinkbot2/install/minibot_interfaces/include/minibot_interfaces/minibot_interfaces/msg/detail/robot_state__struct.hpp
[3.475s] -- Installing: /home/min/dev_ws/pinkbot2/install/minibot_interfaces/include/minibot_interfaces/minibot_interfaces/msg/detail/lamp_command__struct.hpp
[3.475s] -- Installing: /home/min/dev_ws/pinkbot2/install/minibot_interfaces/include/minibot_interfaces/minibot_interfaces/msg/detail/lamp_command__builder.hpp
[3.475s] -- Installing: /home/min/dev_ws/pinkbot2/install/minibot_interfaces/include/minibot_interfaces/minibot_interfaces/msg/lamp_command.hpp
[3.475s] -- Installing: /home/min/dev_ws/pinkbot2/install/minibot_interfaces/include/minibot_interfaces/minibot_interfaces/msg/robot_state.hpp
[3.475s] -- Up-to-date: /home/min/dev_ws/pinkbot2/install/minibot_interfaces/include/minibot_interfaces/minibot_interfaces
[3.475s] -- Up-to-date: /home/min/dev_ws/pinkbot2/install/minibot_interfaces/include/minibot_interfaces/minibot_interfaces/msg
[3.475s] -- Installing: /home/min/dev_ws/pinkbot2/install/minibot_interfaces/include/minibot_interfaces/minibot_interfaces/msg/rosidl_typesupport_fastrtps_cpp__visibility_control.h
[3.475s] -- Up-to-date: /home/min/dev_ws/pinkbot2/install/minibot_interfaces/include/minibot_interfaces/minibot_interfaces/msg/detail
[3.476s] -- Installing: /home/min/dev_ws/pinkbot2/install/minibot_interfaces/include/minibot_interfaces/minibot_interfaces/msg/detail/dds_fastrtps
[3.476s] -- Installing: /home/min/dev_ws/pinkbot2/install/minibot_interfaces/include/minibot_interfaces/minibot_interfaces/msg/detail/robot_state__rosidl_typesupport_fastrtps_cpp.hpp
[3.476s] -- Installing: /home/min/dev_ws/pinkbot2/install/minibot_interfaces/include/minibot_interfaces/minibot_interfaces/msg/detail/lamp_command__rosidl_typesupport_fastrtps_cpp.hpp
[3.476s] -- Installing: /home/min/dev_ws/pinkbot2/install/minibot_interfaces/lib/libminibot_interfaces__rosidl_typesupport_fastrtps_cpp.so
[3.476s] -- Set runtime path of "/home/min/dev_ws/pinkbot2/install/minibot_interfaces/lib/libminibot_interfaces__rosidl_typesupport_fastrtps_cpp.so" to ""
[3.476s] -- Up-to-date: /home/min/dev_ws/pinkbot2/install/minibot_interfaces/include/minibot_interfaces/minibot_interfaces
[3.476s] -- Up-to-date: /home/min/dev_ws/pinkbot2/install/minibot_interfaces/include/minibot_interfaces/minibot_interfaces/msg
[3.476s] -- Up-to-date: /home/min/dev_ws/pinkbot2/install/minibot_interfaces/include/minibot_interfaces/minibot_interfaces/msg/detail
[3.476s] -- Installing: /home/min/dev_ws/pinkbot2/install/minibot_interfaces/include/minibot_interfaces/minibot_interfaces/msg/detail/lamp_command__type_support.c
[3.476s] -- Installing: /home/min/dev_ws/pinkbot2/install/minibot_interfaces/include/minibot_interfaces/minibot_interfaces/msg/detail/robot_state__rosidl_typesupport_introspection_c.h
[3.477s] -- Installing: /home/min/dev_ws/pinkbot2/install/minibot_interfaces/include/minibot_interfaces/minibot_interfaces/msg/detail/robot_state__type_support.c
[3.477s] -- Installing: /home/min/dev_ws/pinkbot2/install/minibot_interfaces/include/minibot_interfaces/minibot_interfaces/msg/detail/lamp_command__rosidl_typesupport_introspection_c.h
[3.477s] -- Installing: /home/min/dev_ws/pinkbot2/install/minibot_interfaces/include/minibot_interfaces/minibot_interfaces/msg/rosidl_typesupport_introspection_c__visibility_control.h
[3.477s] -- Installing: /home/min/dev_ws/pinkbot2/install/minibot_interfaces/lib/libminibot_interfaces__rosidl_typesupport_introspection_c.so
[3.477s] -- Set runtime path of "/home/min/dev_ws/pinkbot2/install/minibot_interfaces/lib/libminibot_interfaces__rosidl_typesupport_introspection_c.so" to ""
[3.477s] -- Installing: /home/min/dev_ws/pinkbot2/install/minibot_interfaces/lib/libminibot_interfaces__rosidl_typesupport_c.so
[3.477s] -- Set runtime path of "/home/min/dev_ws/pinkbot2/install/minibot_interfaces/lib/libminibot_interfaces__rosidl_typesupport_c.so" to ""
[3.477s] -- Up-to-date: /home/min/dev_ws/pinkbot2/install/minibot_interfaces/include/minibot_interfaces/minibot_interfaces
[3.478s] -- Up-to-date: /home/min/dev_ws/pinkbot2/install/minibot_interfaces/include/minibot_interfaces/minibot_interfaces/msg
[3.478s] -- Up-to-date: /home/min/dev_ws/pinkbot2/install/minibot_interfaces/include/minibot_interfaces/minibot_interfaces/msg/detail
[3.478s] -- Installing: /home/min/dev_ws/pinkbot2/install/minibot_interfaces/include/minibot_interfaces/minibot_interfaces/msg/detail/robot_state__rosidl_typesupport_introspection_cpp.hpp
[3.478s] -- Installing: /home/min/dev_ws/pinkbot2/install/minibot_interfaces/include/minibot_interfaces/minibot_interfaces/msg/detail/lamp_command__rosidl_typesupport_introspection_cpp.hpp
[3.478s] -- Installing: /home/min/dev_ws/pinkbot2/install/minibot_interfaces/include/minibot_interfaces/minibot_interfaces/msg/detail/lamp_command__type_support.cpp
[3.478s] -- Installing: /home/min/dev_ws/pinkbot2/install/minibot_interfaces/include/minibot_interfaces/minibot_interfaces/msg/detail/robot_state__type_support.cpp
[3.478s] -- Installing: /home/min/dev_ws/pinkbot2/install/minibot_interfaces/lib/libminibot_interfaces__rosidl_typesupport_introspection_cpp.so
[3.478s] -- Set runtime path of "/home/min/dev_ws/pinkbot2/install/minibot_interfaces/lib/libminibot_interfaces__rosidl_typesupport_introspection_cpp.so" to ""
[3.478s] -- Installing: /home/min/dev_ws/pinkbot2/install/minibot_interfaces/lib/libminibot_interfaces__rosidl_typesupport_cpp.so
[3.479s] -- Set runtime path of "/home/min/dev_ws/pinkbot2/install/minibot_interfaces/lib/libminibot_interfaces__rosidl_typesupport_cpp.so" to ""
[3.479s] -- Installing: /home/min/dev_ws/pinkbot2/install/minibot_interfaces/share/minibot_interfaces/environment/pythonpath.sh
[3.479s] -- Installing: /home/min/dev_ws/pinkbot2/install/minibot_interfaces/share/minibot_interfaces/environment/pythonpath.dsv
[3.479s] -- Installing: /home/min/dev_ws/pinkbot2/install/minibot_interfaces/local/lib/python3.10/dist-packages/minibot_interfaces-0.0.0-py3.10.egg-info
[3.479s] -- Installing: /home/min/dev_ws/pinkbot2/install/minibot_interfaces/local/lib/python3.10/dist-packages/minibot_interfaces-0.0.0-py3.10.egg-info/dependency_links.txt
[3.479s] -- Installing: /home/min/dev_ws/pinkbot2/install/minibot_interfaces/local/lib/python3.10/dist-packages/minibot_interfaces-0.0.0-py3.10.egg-info/SOURCES.txt
[3.479s] -- Installing: /home/min/dev_ws/pinkbot2/install/minibot_interfaces/local/lib/python3.10/dist-packages/minibot_interfaces-0.0.0-py3.10.egg-info/top_level.txt
[3.479s] -- Installing: /home/min/dev_ws/pinkbot2/install/minibot_interfaces/local/lib/python3.10/dist-packages/minibot_interfaces-0.0.0-py3.10.egg-info/PKG-INFO
[3.480s] -- Installing: /home/min/dev_ws/pinkbot2/install/minibot_interfaces/local/lib/python3.10/dist-packages/minibot_interfaces
[3.480s] -- Installing: /home/min/dev_ws/pinkbot2/install/minibot_interfaces/local/lib/python3.10/dist-packages/minibot_interfaces/minibot_interfaces_s__rosidl_typesupport_fastrtps_c.cpython-310-x86_64-linux-gnu.so
[3.480s] -- Installing: /home/min/dev_ws/pinkbot2/install/minibot_interfaces/local/lib/python3.10/dist-packages/minibot_interfaces/minibot_interfaces_s__rosidl_typesupport_introspection_c.cpython-310-x86_64-linux-gnu.so
[3.480s] -- Installing: /home/min/dev_ws/pinkbot2/install/minibot_interfaces/local/lib/python3.10/dist-packages/minibot_interfaces/msg
[3.480s] -- Installing: /home/min/dev_ws/pinkbot2/install/minibot_interfaces/local/lib/python3.10/dist-packages/minibot_interfaces/msg/_robot_state.py
[3.480s] -- Installing: /home/min/dev_ws/pinkbot2/install/minibot_interfaces/local/lib/python3.10/dist-packages/minibot_interfaces/msg/_robot_state_s.c
[3.480s] -- Installing: /home/min/dev_ws/pinkbot2/install/minibot_interfaces/local/lib/python3.10/dist-packages/minibot_interfaces/msg/_lamp_command.py
[3.480s] -- Installing: /home/min/dev_ws/pinkbot2/install/minibot_interfaces/local/lib/python3.10/dist-packages/minibot_interfaces/msg/__init__.py
[3.480s] -- Installing: /home/min/dev_ws/pinkbot2/install/minibot_interfaces/local/lib/python3.10/dist-packages/minibot_interfaces/msg/_lamp_command_s.c
[3.480s] -- Installing: /home/min/dev_ws/pinkbot2/install/minibot_interfaces/local/lib/python3.10/dist-packages/minibot_interfaces/libminibot_interfaces__rosidl_generator_py.so
[3.481s] -- Installing: /home/min/dev_ws/pinkbot2/install/minibot_interfaces/local/lib/python3.10/dist-packages/minibot_interfaces/_minibot_interfaces_s.ep.rosidl_typesupport_c.c
[3.481s] -- Installing: /home/min/dev_ws/pinkbot2/install/minibot_interfaces/local/lib/python3.10/dist-packages/minibot_interfaces/__init__.py
[3.481s] -- Installing: /home/min/dev_ws/pinkbot2/install/minibot_interfaces/local/lib/python3.10/dist-packages/minibot_interfaces/_minibot_interfaces_s.ep.rosidl_typesupport_fastrtps_c.c
[3.481s] -- Installing: /home/min/dev_ws/pinkbot2/install/minibot_interfaces/local/lib/python3.10/dist-packages/minibot_interfaces/_minibot_interfaces_s.ep.rosidl_typesupport_introspection_c.c
[3.481s] -- Installing: /home/min/dev_ws/pinkbot2/install/minibot_interfaces/local/lib/python3.10/dist-packages/minibot_interfaces/minibot_interfaces_s__rosidl_typesupport_c.cpython-310-x86_64-linux-gnu.so
[3.510s] Listing '/home/min/dev_ws/pinkbot2/install/minibot_interfaces/local/lib/python3.10/dist-packages/minibot_interfaces'...
[3.510s] Compiling '/home/min/dev_ws/pinkbot2/install/minibot_interfaces/local/lib/python3.10/dist-packages/minibot_interfaces/__init__.py'...
[3.510s] Listing '/home/min/dev_ws/pinkbot2/install/minibot_interfaces/local/lib/python3.10/dist-packages/minibot_interfaces/msg'...
[3.510s] Compiling '/home/min/dev_ws/pinkbot2/install/minibot_interfaces/local/lib/python3.10/dist-packages/minibot_interfaces/msg/__init__.py'...
[3.510s] Compiling '/home/min/dev_ws/pinkbot2/install/minibot_interfaces/local/lib/python3.10/dist-packages/minibot_interfaces/msg/_lamp_command.py'...
[3.510s] Compiling '/home/min/dev_ws/pinkbot2/install/minibot_interfaces/local/lib/python3.10/dist-packages/minibot_interfaces/msg/_robot_state.py'...
[3.514s] -- Installing: /home/min/dev_ws/pinkbot2/install/minibot_interfaces/local/lib/python3.10/dist-packages/minibot_interfaces/minibot_interfaces_s__rosidl_typesupport_fastrtps_c.cpython-310-x86_64-linux-gnu.so
[3.514s] -- Set runtime path of "/home/min/dev_ws/pinkbot2/install/minibot_interfaces/local/lib/python3.10/dist-packages/minibot_interfaces/minibot_interfaces_s__rosidl_typesupport_fastrtps_c.cpython-310-x86_64-linux-gnu.so" to ""
[3.515s] -- Installing: /home/min/dev_ws/pinkbot2/install/minibot_interfaces/local/lib/python3.10/dist-packages/minibot_interfaces/minibot_interfaces_s__rosidl_typesupport_introspection_c.cpython-310-x86_64-linux-gnu.so
[3.515s] -- Set runtime path of "/home/min/dev_ws/pinkbot2/install/minibot_interfaces/local/lib/python3.10/dist-packages/minibot_interfaces/minibot_interfaces_s__rosidl_typesupport_introspection_c.cpython-310-x86_64-linux-gnu.so" to ""
[3.515s] -- Installing: /home/min/dev_ws/pinkbot2/install/minibot_interfaces/local/lib/python3.10/dist-packages/minibot_interfaces/minibot_interfaces_s__rosidl_typesupport_c.cpython-310-x86_64-linux-gnu.so
[3.515s] -- Set runtime path of "/home/min/dev_ws/pinkbot2/install/minibot_interfaces/local/lib/python3.10/dist-packages/minibot_interfaces/minibot_interfaces_s__rosidl_typesupport_c.cpython-310-x86_64-linux-gnu.so" to ""
[3.515s] -- Installing: /home/min/dev_ws/pinkbot2/install/minibot_interfaces/lib/libminibot_interfaces__rosidl_generator_py.so
[3.515s] -- Set runtime path of "/home/min/dev_ws/pinkbot2/install/minibot_interfaces/lib/libminibot_interfaces__rosidl_generator_py.so" to ""
[3.515s] -- Installing: /home/min/dev_ws/pinkbot2/install/minibot_interfaces/share/minibot_interfaces/msg/LampCommand.idl
[3.516s] -- Installing: /home/min/dev_ws/pinkbot2/install/minibot_interfaces/share/minibot_interfaces/msg/RobotState.idl
[3.516s] -- Installing: /home/min/dev_ws/pinkbot2/install/minibot_interfaces/share/minibot_interfaces/msg/LampCommand.msg
[3.516s] -- Installing: /home/min/dev_ws/pinkbot2/install/minibot_interfaces/share/minibot_interfaces/msg/RobotState.msg
[3.516s] -- Installing: /home/min/dev_ws/pinkbot2/install/minibot_interfaces/share/ament_index/resource_index/package_run_dependencies/minibot_interfaces
[3.516s] -- Installing: /home/min/dev_ws/pinkbot2/install/minibot_interfaces/share/ament_index/resource_index/parent_prefix_path/minibot_interfaces
[3.516s] -- Installing: /home/min/dev_ws/pinkbot2/install/minibot_interfaces/share/minibot_interfaces/environment/ament_prefix_path.sh
[3.516s] -- Installing: /home/min/dev_ws/pinkbot2/install/minibot_interfaces/share/minibot_interfaces/environment/ament_prefix_path.dsv
[3.516s] -- Installing: /home/min/dev_ws/pinkbot2/install/minibot_interfaces/share/minibot_interfaces/environment/path.sh
[3.516s] -- Installing: /home/min/dev_ws/pinkbot2/install/minibot_interfaces/share/minibot_interfaces/environment/path.dsv
[3.516s] -- Installing: /home/min/dev_ws/pinkbot2/install/minibot_interfaces/share/minibot_interfaces/local_setup.bash
[3.517s] -- Installing: /home/min/dev_ws/pinkbot2/install/minibot_interfaces/share/minibot_interfaces/local_setup.sh
[3.517s] -- Installing: /home/min/dev_ws/pinkbot2/install/minibot_interfaces/share/minibot_interfaces/local_setup.zsh
[3.517s] -- Installing: /home/min/dev_ws/pinkbot2/install/minibot_interfaces/share/minibot_interfaces/local_setup.dsv
[3.517s] -- Installing: /home/min/dev_ws/pinkbot2/install/minibot_interfaces/share/minibot_interfaces/package.dsv
[3.517s] -- Installing: /home/min/dev_ws/pinkbot2/install/minibot_interfaces/share/ament_index/resource_index/packages/minibot_interfaces
[3.517s] -- Installing: /home/min/dev_ws/pinkbot2/install/minibot_interfaces/share/minibot_interfaces/cmake/export_minibot_interfaces__rosidl_generator_cExport.cmake
[3.517s] -- Installing: /home/min/dev_ws/pinkbot2/install/minibot_interfaces/share/minibot_interfaces/cmake/export_minibot_interfaces__rosidl_generator_cExport-noconfig.cmake
[3.517s] -- Installing: /home/min/dev_ws/pinkbot2/install/minibot_interfaces/share/minibot_interfaces/cmake/export_minibot_interfaces__rosidl_typesupport_fastrtps_cExport.cmake
[3.517s] -- Installing: /home/min/dev_ws/pinkbot2/install/minibot_interfaces/share/minibot_interfaces/cmake/export_minibot_interfaces__rosidl_typesupport_fastrtps_cExport-noconfig.cmake
[3.518s] -- Installing: /home/min/dev_ws/pinkbot2/install/minibot_interfaces/share/minibot_interfaces/cmake/export_minibot_interfaces__rosidl_generator_cppExport.cmake
[3.518s] -- Installing: /home/min/dev_ws/pinkbot2/install/minibot_interfaces/share/minibot_interfaces/cmake/export_minibot_interfaces__rosidl_typesupport_fastrtps_cppExport.cmake
[3.518s] -- Installing: /home/min/dev_ws/pinkbot2/install/minibot_interfaces/share/minibot_interfaces/cmake/export_minibot_interfaces__rosidl_typesupport_fastrtps_cppExport-noconfig.cmake
[3.518s] -- Installing: /home/min/dev_ws/pinkbot2/install/minibot_interfaces/share/minibot_interfaces/cmake/minibot_interfaces__rosidl_typesupport_introspection_cExport.cmake
[3.518s] -- Installing: /home/min/dev_ws/pinkbot2/install/minibot_interfaces/share/minibot_interfaces/cmake/minibot_interfaces__rosidl_typesupport_introspection_cExport-noconfig.cmake
[3.518s] -- Installing: /home/min/dev_ws/pinkbot2/install/minibot_interfaces/share/minibot_interfaces/cmake/minibot_interfaces__rosidl_typesupport_cExport.cmake
[3.518s] -- Installing: /home/min/dev_ws/pinkbot2/install/minibot_interfaces/share/minibot_interfaces/cmake/minibot_interfaces__rosidl_typesupport_cExport-noconfig.cmake
[3.518s] -- Installing: /home/min/dev_ws/pinkbot2/install/minibot_interfaces/share/minibot_interfaces/cmake/minibot_interfaces__rosidl_typesupport_introspection_cppExport.cmake
[3.518s] -- Installing: /home/min/dev_ws/pinkbot2/install/minibot_interfaces/share/minibot_interfaces/cmake/minibot_interfaces__rosidl_typesupport_introspection_cppExport-noconfig.cmake
[3.519s] -- Installing: /home/min/dev_ws/pinkbot2/install/minibot_interfaces/share/minibot_interfaces/cmake/minibot_interfaces__rosidl_typesupport_cppExport.cmake
[3.519s] -- Installing: /home/min/dev_ws/pinkbot2/install/minibot_interfaces/share/minibot_interfaces/cmake/minibot_interfaces__rosidl_typesupport_cppExport-noconfig.cmake
[3.519s] -- Installing: /home/min/dev_ws/pinkbot2/install/minibot_interfaces/share/minibot_interfaces/cmake/export_minibot_interfaces__rosidl_generator_pyExport.cmake
[3.519s] -- Installing: /home/min/dev_ws/pinkbot2/install/minibot_interfaces/share/minibot_interfaces/cmake/export_minibot_interfaces__rosidl_generator_pyExport-noconfig.cmake
[3.519s] -- Installing: /home/min/dev_ws/pinkbot2/install/minibot_interfaces/share/minibot_interfaces/cmake/rosidl_cmake-extras.cmake
[3.519s] -- Installing: /home/min/dev_ws/pinkbot2/install/minibot_interfaces/share/minibot_interfaces/cmake/ament_cmake_export_dependencies-extras.cmake
[3.519s] -- Installing: /home/min/dev_ws/pinkbot2/install/minibot_interfaces/share/minibot_interfaces/cmake/ament_cmake_export_include_directories-extras.cmake
[3.519s] -- Installing: /home/min/dev_ws/pinkbot2/install/minibot_interfaces/share/minibot_interfaces/cmake/ament_cmake_export_libraries-extras.cmake
[3.519s] -- Installing: /home/min/dev_ws/pinkbot2/install/minibot_interfaces/share/minibot_interfaces/cmake/ament_cmake_export_targets-extras.cmake
[3.519s] -- Installing: /home/min/dev_ws/pinkbot2/install/minibot_interfaces/share/minibot_interfaces/cmake/rosidl_cmake_export_typesupport_targets-extras.cmake
[3.520s] -- Installing: /home/min/dev_ws/pinkbot2/install/minibot_interfaces/share/minibot_interfaces/cmake/rosidl_cmake_export_typesupport_libraries-extras.cmake
[3.520s] -- Installing: /home/min/dev_ws/pinkbot2/install/minibot_interfaces/share/minibot_interfaces/cmake/minibot_interfacesConfig.cmake
[3.520s] -- Installing: /home/min/dev_ws/pinkbot2/install/minibot_interfaces/share/minibot_interfaces/cmake/minibot_interfacesConfig-version.cmake
[3.520s] -- Installing: /home/min/dev_ws/pinkbot2/install/minibot_interfaces/share/minibot_interfaces/package.xml
[3.522s] Invoked command in '/home/min/dev_ws/pinkbot2/build/minibot_interfaces' returned '0': CMAKE_PREFIX_PATH=${CMAKE_PREFIX_PATH}:/opt/ros/humble /usr/bin/cmake --install /home/min/dev_ws/pinkbot2/build/minibot_interfaces
