[0.018s] Invoking command in '/home/min/dev_ws/pinkbot2/build/minibot_description': CMAKE_PREFIX_PATH=${CMAKE_PREFIX_PATH}:/opt/ros/humble /usr/bin/cmake --build /home/min/dev_ws/pinkbot2/build/minibot_description -- -j12 -l12
[0.051s] Invoked command in '/home/min/dev_ws/pinkbot2/build/minibot_description' returned '0': CMAKE_PREFIX_PATH=${CMAKE_PREFIX_PATH}:/opt/ros/humble /usr/bin/cmake --build /home/min/dev_ws/pinkbot2/build/minibot_description -- -j12 -l12
[0.085s] Invoking command in '/home/min/dev_ws/pinkbot2/build/minibot_description': CMAKE_PREFIX_PATH=${CMAKE_PREFIX_PATH}:/opt/ros/humble /usr/bin/cmake --install /home/min/dev_ws/pinkbot2/build/minibot_description
[0.094s] -- Install configuration: ""
[0.094s] -- Up-to-date: /home/min/dev_ws/pinkbot2/install/minibot_description/share/minibot_description/launch
[0.095s] -- Up-to-date: /home/min/dev_ws/pinkbot2/install/minibot_description/share/minibot_description/launch/view_robot.launch.py
[0.095s] -- Up-to-date: /home/min/dev_ws/pinkbot2/install/minibot_description/share/minibot_description/launch/upload_robot.launch.py
[0.095s] -- Up-to-date: /home/min/dev_ws/pinkbot2/install/minibot_description/share/minibot_description/meshes
[0.095s] -- Up-to-date: /home/min/dev_ws/pinkbot2/install/minibot_description/share/minibot_description/meshes/collision
[0.095s] -- Up-to-date: /home/min/dev_ws/pinkbot2/install/minibot_description/share/minibot_description/meshes/collision/ydlidar_x2_assy.stl
[0.095s] -- Up-to-date: /home/min/dev_ws/pinkbot2/install/minibot_description/share/minibot_description/meshes/collision/ul_sensor.stl
[0.095s] -- Up-to-date: /home/min/dev_ws/pinkbot2/install/minibot_description/share/minibot_description/meshes/collision/base_link.stl
[0.096s] -- Up-to-date: /home/min/dev_ws/pinkbot2/install/minibot_description/share/minibot_description/meshes/collision/front_camera.stl
[0.096s] -- Up-to-date: /home/min/dev_ws/pinkbot2/install/minibot_description/share/minibot_description/meshes/collision/wheel.stl
[0.096s] -- Up-to-date: /home/min/dev_ws/pinkbot2/install/minibot_description/share/minibot_description/meshes/visual
[0.096s] -- Up-to-date: /home/min/dev_ws/pinkbot2/install/minibot_description/share/minibot_description/meshes/visual/wheel.dae
[0.096s] -- Up-to-date: /home/min/dev_ws/pinkbot2/install/minibot_description/share/minibot_description/meshes/visual/front_camera.png
[0.096s] -- Up-to-date: /home/min/dev_ws/pinkbot2/install/minibot_description/share/minibot_description/meshes/visual/wheel.png
[0.096s] -- Up-to-date: /home/min/dev_ws/pinkbot2/install/minibot_description/share/minibot_description/meshes/visual/front_camera.dae
[0.096s] -- Up-to-date: /home/min/dev_ws/pinkbot2/install/minibot_description/share/minibot_description/meshes/visual/ydlidar_x2_assy.dae
[0.096s] -- Up-to-date: /home/min/dev_ws/pinkbot2/install/minibot_description/share/minibot_description/meshes/visual/ul_sensor.dae
[0.096s] -- Up-to-date: /home/min/dev_ws/pinkbot2/install/minibot_description/share/minibot_description/meshes/visual/ydlidar_x2.png
[0.096s] -- Up-to-date: /home/min/dev_ws/pinkbot2/install/minibot_description/share/minibot_description/meshes/visual/base_link.dae
[0.097s] -- Up-to-date: /home/min/dev_ws/pinkbot2/install/minibot_description/share/minibot_description/rviz
[0.097s] -- Up-to-date: /home/min/dev_ws/pinkbot2/install/minibot_description/share/minibot_description/rviz/view_robot.rviz
[0.098s] -- Up-to-date: /home/min/dev_ws/pinkbot2/install/minibot_description/share/minibot_description/urdf
[0.098s] -- Up-to-date: /home/min/dev_ws/pinkbot2/install/minibot_description/share/minibot_description/urdf/minibot_ros2_control.urdf.xacro
[0.098s] -- Up-to-date: /home/min/dev_ws/pinkbot2/install/minibot_description/share/minibot_description/urdf/common
[0.098s] -- Up-to-date: /home/min/dev_ws/pinkbot2/install/minibot_description/share/minibot_description/urdf/common/inertia_macro.urdf.xacro
[0.099s] -- Up-to-date: /home/min/dev_ws/pinkbot2/install/minibot_description/share/minibot_description/urdf/robot.urdf.xacro
[0.099s] -- Up-to-date: /home/min/dev_ws/pinkbot2/install/minibot_description/share/minibot_description/urdf/minibot_gazebo.urdf.xacro
[0.099s] -- Up-to-date: /home/min/dev_ws/pinkbot2/install/minibot_description/share/minibot_description/urdf/minibot.urdf.xacro
[0.099s] -- Up-to-date: /home/min/dev_ws/pinkbot2/install/minibot_description/share/ament_index/resource_index/package_run_dependencies/minibot_description
[0.100s] -- Up-to-date: /home/min/dev_ws/pinkbot2/install/minibot_description/share/ament_index/resource_index/parent_prefix_path/minibot_description
[0.100s] -- Up-to-date: /home/min/dev_ws/pinkbot2/install/minibot_description/share/minibot_description/environment/ament_prefix_path.sh
[0.101s] -- Up-to-date: /home/min/dev_ws/pinkbot2/install/minibot_description/share/minibot_description/environment/ament_prefix_path.dsv
[0.101s] -- Up-to-date: /home/min/dev_ws/pinkbot2/install/minibot_description/share/minibot_description/environment/path.sh
[0.101s] -- Up-to-date: /home/min/dev_ws/pinkbot2/install/minibot_description/share/minibot_description/environment/path.dsv
[0.102s] -- Up-to-date: /home/min/dev_ws/pinkbot2/install/minibot_description/share/minibot_description/local_setup.bash
[0.102s] -- Up-to-date: /home/min/dev_ws/pinkbot2/install/minibot_description/share/minibot_description/local_setup.sh
[0.102s] -- Up-to-date: /home/min/dev_ws/pinkbot2/install/minibot_description/share/minibot_description/local_setup.zsh
[0.102s] -- Up-to-date: /home/min/dev_ws/pinkbot2/install/minibot_description/share/minibot_description/local_setup.dsv
[0.102s] -- Installing: /home/min/dev_ws/pinkbot2/install/minibot_description/share/minibot_description/package.dsv
[0.103s] -- Up-to-date: /home/min/dev_ws/pinkbot2/install/minibot_description/share/ament_index/resource_index/packages/minibot_description
[0.103s] -- Up-to-date: /home/min/dev_ws/pinkbot2/install/minibot_description/share/minibot_description/cmake/minibot_descriptionConfig.cmake
[0.103s] -- Up-to-date: /home/min/dev_ws/pinkbot2/install/minibot_description/share/minibot_description/cmake/minibot_descriptionConfig-version.cmake
[0.103s] -- Up-to-date: /home/min/dev_ws/pinkbot2/install/minibot_description/share/minibot_description/package.xml
[0.103s] Invoked command in '/home/min/dev_ws/pinkbot2/build/minibot_description' returned '0': CMAKE_PREFIX_PATH=${CMAKE_PREFIX_PATH}:/opt/ros/humble /usr/bin/cmake --install /home/min/dev_ws/pinkbot2/build/minibot_description
