[0.007s] Invoking command in '/home/min/dev_ws/pinkbot2/build/minibot_bringup': CMAKE_PREFIX_PATH=/home/min/dev_ws/pinkbot2/install/minibot_gazebo:/home/min/dev_ws/pinkbot2/install/minibot_description:/home/min/dev_ws/pinkbot2/install/minibot_navigation2:/home/min/dev_ws/pinkbot2/install/minibot_controllers:/home/min/dev_ws/pinkbot2/install/minibot_interfaces:/home/min/dev_ws/pinkbot2/install/minibot_hardware_interface:/home/min/dev_ws/pinkbot2/install/minibot_bringup:/opt/ros/humble /usr/bin/cmake --build /home/min/dev_ws/pinkbot2/build/minibot_bringup -- -j12 -l12
[0.039s] Invoked command in '/home/min/dev_ws/pinkbot2/build/minibot_bringup' returned '0': CMAKE_PREFIX_PATH=/home/min/dev_ws/pinkbot2/install/minibot_gazebo:/home/min/dev_ws/pinkbot2/install/minibot_description:/home/min/dev_ws/pinkbot2/install/minibot_navigation2:/home/min/dev_ws/pinkbot2/install/minibot_controllers:/home/min/dev_ws/pinkbot2/install/minibot_interfaces:/home/min/dev_ws/pinkbot2/install/minibot_hardware_interface:/home/min/dev_ws/pinkbot2/install/minibot_bringup:/opt/ros/humble /usr/bin/cmake --build /home/min/dev_ws/pinkbot2/build/minibot_bringup -- -j12 -l12
[0.058s] Invoking command in '/home/min/dev_ws/pinkbot2/build/minibot_bringup': CMAKE_PREFIX_PATH=/home/min/dev_ws/pinkbot2/install/minibot_gazebo:/home/min/dev_ws/pinkbot2/install/minibot_description:/home/min/dev_ws/pinkbot2/install/minibot_navigation2:/home/min/dev_ws/pinkbot2/install/minibot_controllers:/home/min/dev_ws/pinkbot2/install/minibot_interfaces:/home/min/dev_ws/pinkbot2/install/minibot_hardware_interface:/home/min/dev_ws/pinkbot2/install/minibot_bringup:/opt/ros/humble /usr/bin/cmake --install /home/min/dev_ws/pinkbot2/build/minibot_bringup
[0.065s] -- Install configuration: ""
[0.065s] -- Up-to-date: /home/min/dev_ws/pinkbot2/install/minibot_bringup/share/minibot_bringup/config
[0.065s] -- Up-to-date: /home/min/dev_ws/pinkbot2/install/minibot_bringup/share/minibot_bringup/config/minibot_controllers.yaml
[0.065s] -- Up-to-date: /home/min/dev_ws/pinkbot2/install/minibot_bringup/share/minibot_bringup/config/minibot_controllers_gazebo.yaml
[0.065s] -- Up-to-date: /home/min/dev_ws/pinkbot2/install/minibot_bringup/share/minibot_bringup/config/ydlidar.yaml
[0.066s] -- Up-to-date: /home/min/dev_ws/pinkbot2/install/minibot_bringup/share/minibot_bringup/launch
[0.066s] -- Up-to-date: /home/min/dev_ws/pinkbot2/install/minibot_bringup/share/minibot_bringup/launch/bringup_multi_robot_gazebo.launch.py
[0.066s] -- Up-to-date: /home/min/dev_ws/pinkbot2/install/minibot_bringup/share/minibot_bringup/launch/bringup_robot_gazebo.launch.py
[0.066s] -- Up-to-date: /home/min/dev_ws/pinkbot2/install/minibot_bringup/share/minibot_bringup/launch/bringup_robot.launch.py
[0.066s] -- Up-to-date: /home/min/dev_ws/pinkbot2/install/minibot_bringup/share/minibot_bringup/rviz
[0.066s] -- Up-to-date: /home/min/dev_ws/pinkbot2/install/minibot_bringup/share/minibot_bringup/rviz/robot.rviz
[0.066s] -- Up-to-date: /home/min/dev_ws/pinkbot2/install/minibot_bringup/share/minibot_bringup/rviz/.empty
[0.067s] -- Up-to-date: /home/min/dev_ws/pinkbot2/install/minibot_bringup/share/ament_index/resource_index/package_run_dependencies/minibot_bringup
[0.067s] -- Up-to-date: /home/min/dev_ws/pinkbot2/install/minibot_bringup/share/ament_index/resource_index/parent_prefix_path/minibot_bringup
[0.068s] -- Up-to-date: /home/min/dev_ws/pinkbot2/install/minibot_bringup/share/minibot_bringup/environment/ament_prefix_path.sh
[0.068s] -- Up-to-date: /home/min/dev_ws/pinkbot2/install/minibot_bringup/share/minibot_bringup/environment/ament_prefix_path.dsv
[0.068s] -- Up-to-date: /home/min/dev_ws/pinkbot2/install/minibot_bringup/share/minibot_bringup/environment/path.sh
[0.068s] -- Up-to-date: /home/min/dev_ws/pinkbot2/install/minibot_bringup/share/minibot_bringup/environment/path.dsv
[0.068s] -- Up-to-date: /home/min/dev_ws/pinkbot2/install/minibot_bringup/share/minibot_bringup/local_setup.bash
[0.068s] -- Up-to-date: /home/min/dev_ws/pinkbot2/install/minibot_bringup/share/minibot_bringup/local_setup.sh
[0.068s] -- Up-to-date: /home/min/dev_ws/pinkbot2/install/minibot_bringup/share/minibot_bringup/local_setup.zsh
[0.069s] -- Up-to-date: /home/min/dev_ws/pinkbot2/install/minibot_bringup/share/minibot_bringup/local_setup.dsv
[0.069s] -- Installing: /home/min/dev_ws/pinkbot2/install/minibot_bringup/share/minibot_bringup/package.dsv
[0.069s] -- Up-to-date: /home/min/dev_ws/pinkbot2/install/minibot_bringup/share/ament_index/resource_index/packages/minibot_bringup
[0.069s] -- Up-to-date: /home/min/dev_ws/pinkbot2/install/minibot_bringup/share/minibot_bringup/cmake/minibot_bringupConfig.cmake
[0.069s] -- Up-to-date: /home/min/dev_ws/pinkbot2/install/minibot_bringup/share/minibot_bringup/cmake/minibot_bringupConfig-version.cmake
[0.069s] -- Up-to-date: /home/min/dev_ws/pinkbot2/install/minibot_bringup/share/minibot_bringup/package.xml
[0.070s] Invoked command in '/home/min/dev_ws/pinkbot2/build/minibot_bringup' returned '0': CMAKE_PREFIX_PATH=/home/min/dev_ws/pinkbot2/install/minibot_gazebo:/home/min/dev_ws/pinkbot2/install/minibot_description:/home/min/dev_ws/pinkbot2/install/minibot_navigation2:/home/min/dev_ws/pinkbot2/install/minibot_controllers:/home/min/dev_ws/pinkbot2/install/minibot_interfaces:/home/min/dev_ws/pinkbot2/install/minibot_hardware_interface:/home/min/dev_ws/pinkbot2/install/minibot_bringup:/opt/ros/humble /usr/bin/cmake --install /home/min/dev_ws/pinkbot2/build/minibot_bringup
