[0.095s] DEBUG:colcon:Command line arguments: ['/usr/bin/colcon', 'build']
[0.095s] DEBUG:colcon:Parsed command line arguments: Namespace(log_base=None, log_level=None, verb_name='build', build_base='build', install_base='install', merge_install=False, symlink_install=False, test_result_base=None, continue_on_error=False, executor='parallel', parallel_workers=12, event_handlers=None, ignore_user_meta=False, metas=['./colcon.meta'], base_paths=['.'], packages_ignore=None, packages_ignore_regex=None, paths=None, packages_up_to=None, packages_up_to_regex=None, packages_above=None, packages_above_and_dependencies=None, packages_above_depth=None, packages_select_by_dep=None, packages_skip_by_dep=None, packages_skip_up_to=None, packages_select_build_failed=False, packages_skip_build_finished=False, packages_select_test_failures=False, packages_skip_test_passed=False, packages_select=None, packages_skip=None, packages_select_regex=None, packages_skip_regex=None, packages_start=None, packages_end=None, allow_overriding=[], cmake_args=None, cmake_target=None, cmake_target_skip_unavailable=False, cmake_clean_cache=False, cmake_clean_first=False, cmake_force_configure=False, ament_cmake_args=None, catkin_cmake_args=None, catkin_skip_building_tests=False, mixin_files=None, mixin=None, verb_parser=<colcon_mixin.mixin.mixin_argument.MixinArgumentDecorator object at 0x7024d4675ab0>, verb_extension=<colcon_core.verb.build.BuildVerb object at 0x7024d46754e0>, main=<bound method BuildVerb.main of <colcon_core.verb.build.BuildVerb object at 0x7024d46754e0>>, mixin_verb=('build',))
[0.259s] Level 1:colcon.colcon_core.package_discovery:discover_packages(colcon_meta) check parameters
[0.260s] Level 1:colcon.colcon_core.package_discovery:discover_packages(recursive) check parameters
[0.260s] Level 1:colcon.colcon_core.package_discovery:discover_packages(ignore) check parameters
[0.260s] Level 1:colcon.colcon_core.package_discovery:discover_packages(path) check parameters
[0.260s] Level 1:colcon.colcon_core.package_discovery:discover_packages(colcon_meta) discover
[0.260s] Level 1:colcon.colcon_core.package_discovery:discover_packages(recursive) discover
[0.260s] INFO:colcon.colcon_core.package_discovery:Crawling recursively for packages in '/home/min/dev_ws/pinkbot2'
[0.260s] Level 1:colcon.colcon_core.package_identification:_identify(.) by extensions ['ignore', 'ignore_ament_install']
[0.260s] Level 1:colcon.colcon_core.package_identification:_identify(.) by extension 'ignore'
[0.260s] Level 1:colcon.colcon_core.package_identification:_identify(.) by extension 'ignore_ament_install'
[0.260s] Level 1:colcon.colcon_core.package_identification:_identify(.) by extensions ['colcon_pkg']
[0.260s] Level 1:colcon.colcon_core.package_identification:_identify(.) by extension 'colcon_pkg'
[0.260s] Level 1:colcon.colcon_core.package_identification:_identify(.) by extensions ['colcon_meta']
[0.260s] Level 1:colcon.colcon_core.package_identification:_identify(.) by extension 'colcon_meta'
[0.260s] Level 1:colcon.colcon_core.package_identification:_identify(.) by extensions ['ros']
[0.260s] Level 1:colcon.colcon_core.package_identification:_identify(.) by extension 'ros'
[0.278s] Level 1:colcon.colcon_core.package_identification:_identify(.) by extensions ['cmake', 'python']
[0.278s] Level 1:colcon.colcon_core.package_identification:_identify(.) by extension 'cmake'
[0.278s] Level 1:colcon.colcon_core.package_identification:_identify(.) by extension 'python'
[0.278s] Level 1:colcon.colcon_core.package_identification:_identify(.) by extensions ['python_setup_py']
[0.278s] Level 1:colcon.colcon_core.package_identification:_identify(.) by extension 'python_setup_py'
[0.278s] Level 1:colcon.colcon_core.package_identification:_identify(build) by extensions ['ignore', 'ignore_ament_install']
[0.278s] Level 1:colcon.colcon_core.package_identification:_identify(build) by extension 'ignore'
[0.278s] Level 1:colcon.colcon_core.package_identification:_identify(build) ignored
[0.278s] Level 1:colcon.colcon_core.package_identification:_identify(install) by extensions ['ignore', 'ignore_ament_install']
[0.279s] Level 1:colcon.colcon_core.package_identification:_identify(install) by extension 'ignore'
[0.279s] Level 1:colcon.colcon_core.package_identification:_identify(install) ignored
[0.279s] Level 1:colcon.colcon_core.package_identification:_identify(log) by extensions ['ignore', 'ignore_ament_install']
[0.279s] Level 1:colcon.colcon_core.package_identification:_identify(log) by extension 'ignore'
[0.279s] Level 1:colcon.colcon_core.package_identification:_identify(log) ignored
[0.279s] Level 1:colcon.colcon_core.package_identification:_identify(src) by extensions ['ignore', 'ignore_ament_install']
[0.279s] Level 1:colcon.colcon_core.package_identification:_identify(src) by extension 'ignore'
[0.279s] Level 1:colcon.colcon_core.package_identification:_identify(src) by extension 'ignore_ament_install'
[0.279s] Level 1:colcon.colcon_core.package_identification:_identify(src) by extensions ['colcon_pkg']
[0.279s] Level 1:colcon.colcon_core.package_identification:_identify(src) by extension 'colcon_pkg'
[0.279s] Level 1:colcon.colcon_core.package_identification:_identify(src) by extensions ['colcon_meta']
[0.279s] Level 1:colcon.colcon_core.package_identification:_identify(src) by extension 'colcon_meta'
[0.279s] Level 1:colcon.colcon_core.package_identification:_identify(src) by extensions ['ros']
[0.279s] Level 1:colcon.colcon_core.package_identification:_identify(src) by extension 'ros'
[0.279s] Level 1:colcon.colcon_core.package_identification:_identify(src) by extensions ['cmake', 'python']
[0.279s] Level 1:colcon.colcon_core.package_identification:_identify(src) by extension 'cmake'
[0.279s] Level 1:colcon.colcon_core.package_identification:_identify(src) by extension 'python'
[0.279s] Level 1:colcon.colcon_core.package_identification:_identify(src) by extensions ['python_setup_py']
[0.279s] Level 1:colcon.colcon_core.package_identification:_identify(src) by extension 'python_setup_py'
[0.280s] Level 1:colcon.colcon_core.package_identification:_identify(src/pinklab_minibot_robot) by extensions ['ignore', 'ignore_ament_install']
[0.280s] Level 1:colcon.colcon_core.package_identification:_identify(src/pinklab_minibot_robot) by extension 'ignore'
[0.280s] Level 1:colcon.colcon_core.package_identification:_identify(src/pinklab_minibot_robot) by extension 'ignore_ament_install'
[0.280s] Level 1:colcon.colcon_core.package_identification:_identify(src/pinklab_minibot_robot) by extensions ['colcon_pkg']
[0.280s] Level 1:colcon.colcon_core.package_identification:_identify(src/pinklab_minibot_robot) by extension 'colcon_pkg'
[0.280s] Level 1:colcon.colcon_core.package_identification:_identify(src/pinklab_minibot_robot) by extensions ['colcon_meta']
[0.280s] Level 1:colcon.colcon_core.package_identification:_identify(src/pinklab_minibot_robot) by extension 'colcon_meta'
[0.280s] Level 1:colcon.colcon_core.package_identification:_identify(src/pinklab_minibot_robot) by extensions ['ros']
[0.280s] Level 1:colcon.colcon_core.package_identification:_identify(src/pinklab_minibot_robot) by extension 'ros'
[0.280s] Level 1:colcon.colcon_core.package_identification:_identify(src/pinklab_minibot_robot) by extensions ['cmake', 'python']
[0.280s] Level 1:colcon.colcon_core.package_identification:_identify(src/pinklab_minibot_robot) by extension 'cmake'
[0.280s] Level 1:colcon.colcon_core.package_identification:_identify(src/pinklab_minibot_robot) by extension 'python'
[0.280s] Level 1:colcon.colcon_core.package_identification:_identify(src/pinklab_minibot_robot) by extensions ['python_setup_py']
[0.280s] Level 1:colcon.colcon_core.package_identification:_identify(src/pinklab_minibot_robot) by extension 'python_setup_py'
[0.280s] Level 1:colcon.colcon_core.package_identification:_identify(src/pinklab_minibot_robot/docs) by extensions ['ignore', 'ignore_ament_install']
[0.280s] Level 1:colcon.colcon_core.package_identification:_identify(src/pinklab_minibot_robot/docs) by extension 'ignore'
[0.280s] Level 1:colcon.colcon_core.package_identification:_identify(src/pinklab_minibot_robot/docs) by extension 'ignore_ament_install'
[0.280s] Level 1:colcon.colcon_core.package_identification:_identify(src/pinklab_minibot_robot/docs) by extensions ['colcon_pkg']
[0.280s] Level 1:colcon.colcon_core.package_identification:_identify(src/pinklab_minibot_robot/docs) by extension 'colcon_pkg'
[0.280s] Level 1:colcon.colcon_core.package_identification:_identify(src/pinklab_minibot_robot/docs) by extensions ['colcon_meta']
[0.280s] Level 1:colcon.colcon_core.package_identification:_identify(src/pinklab_minibot_robot/docs) by extension 'colcon_meta'
[0.280s] Level 1:colcon.colcon_core.package_identification:_identify(src/pinklab_minibot_robot/docs) by extensions ['ros']
[0.280s] Level 1:colcon.colcon_core.package_identification:_identify(src/pinklab_minibot_robot/docs) by extension 'ros'
[0.281s] Level 1:colcon.colcon_core.package_identification:_identify(src/pinklab_minibot_robot/docs) by extensions ['cmake', 'python']
[0.281s] Level 1:colcon.colcon_core.package_identification:_identify(src/pinklab_minibot_robot/docs) by extension 'cmake'
[0.281s] Level 1:colcon.colcon_core.package_identification:_identify(src/pinklab_minibot_robot/docs) by extension 'python'
[0.281s] Level 1:colcon.colcon_core.package_identification:_identify(src/pinklab_minibot_robot/docs) by extensions ['python_setup_py']
[0.281s] Level 1:colcon.colcon_core.package_identification:_identify(src/pinklab_minibot_robot/docs) by extension 'python_setup_py'
[0.281s] Level 1:colcon.colcon_core.package_identification:_identify(src/pinklab_minibot_robot/docs/blender) by extensions ['ignore', 'ignore_ament_install']
[0.281s] Level 1:colcon.colcon_core.package_identification:_identify(src/pinklab_minibot_robot/docs/blender) by extension 'ignore'
[0.281s] Level 1:colcon.colcon_core.package_identification:_identify(src/pinklab_minibot_robot/docs/blender) by extension 'ignore_ament_install'
[0.281s] Level 1:colcon.colcon_core.package_identification:_identify(src/pinklab_minibot_robot/docs/blender) by extensions ['colcon_pkg']
[0.281s] Level 1:colcon.colcon_core.package_identification:_identify(src/pinklab_minibot_robot/docs/blender) by extension 'colcon_pkg'
[0.281s] Level 1:colcon.colcon_core.package_identification:_identify(src/pinklab_minibot_robot/docs/blender) by extensions ['colcon_meta']
[0.281s] Level 1:colcon.colcon_core.package_identification:_identify(src/pinklab_minibot_robot/docs/blender) by extension 'colcon_meta'
[0.281s] Level 1:colcon.colcon_core.package_identification:_identify(src/pinklab_minibot_robot/docs/blender) by extensions ['ros']
[0.281s] Level 1:colcon.colcon_core.package_identification:_identify(src/pinklab_minibot_robot/docs/blender) by extension 'ros'
[0.281s] Level 1:colcon.colcon_core.package_identification:_identify(src/pinklab_minibot_robot/docs/blender) by extensions ['cmake', 'python']
[0.281s] Level 1:colcon.colcon_core.package_identification:_identify(src/pinklab_minibot_robot/docs/blender) by extension 'cmake'
[0.281s] Level 1:colcon.colcon_core.package_identification:_identify(src/pinklab_minibot_robot/docs/blender) by extension 'python'
[0.281s] Level 1:colcon.colcon_core.package_identification:_identify(src/pinklab_minibot_robot/docs/blender) by extensions ['python_setup_py']
[0.281s] Level 1:colcon.colcon_core.package_identification:_identify(src/pinklab_minibot_robot/docs/blender) by extension 'python_setup_py'
[0.281s] Level 1:colcon.colcon_core.package_identification:_identify(src/pinklab_minibot_robot/minibot_bringup) by extensions ['ignore', 'ignore_ament_install']
[0.281s] Level 1:colcon.colcon_core.package_identification:_identify(src/pinklab_minibot_robot/minibot_bringup) by extension 'ignore'
[0.281s] Level 1:colcon.colcon_core.package_identification:_identify(src/pinklab_minibot_robot/minibot_bringup) by extension 'ignore_ament_install'
[0.281s] Level 1:colcon.colcon_core.package_identification:_identify(src/pinklab_minibot_robot/minibot_bringup) by extensions ['colcon_pkg']
[0.281s] Level 1:colcon.colcon_core.package_identification:_identify(src/pinklab_minibot_robot/minibot_bringup) by extension 'colcon_pkg'
[0.282s] Level 1:colcon.colcon_core.package_identification:_identify(src/pinklab_minibot_robot/minibot_bringup) by extensions ['colcon_meta']
[0.282s] Level 1:colcon.colcon_core.package_identification:_identify(src/pinklab_minibot_robot/minibot_bringup) by extension 'colcon_meta'
[0.282s] Level 1:colcon.colcon_core.package_identification:_identify(src/pinklab_minibot_robot/minibot_bringup) by extensions ['ros']
[0.282s] Level 1:colcon.colcon_core.package_identification:_identify(src/pinklab_minibot_robot/minibot_bringup) by extension 'ros'
[0.284s] DEBUG:colcon.colcon_core.package_identification:Package 'src/pinklab_minibot_robot/minibot_bringup' with type 'ros.ament_cmake' and name 'minibot_bringup'
[0.284s] Level 1:colcon.colcon_core.package_identification:_identify(src/pinklab_minibot_robot/minibot_controllers) by extensions ['ignore', 'ignore_ament_install']
[0.284s] Level 1:colcon.colcon_core.package_identification:_identify(src/pinklab_minibot_robot/minibot_controllers) by extension 'ignore'
[0.284s] Level 1:colcon.colcon_core.package_identification:_identify(src/pinklab_minibot_robot/minibot_controllers) by extension 'ignore_ament_install'
[0.284s] Level 1:colcon.colcon_core.package_identification:_identify(src/pinklab_minibot_robot/minibot_controllers) by extensions ['colcon_pkg']
[0.284s] Level 1:colcon.colcon_core.package_identification:_identify(src/pinklab_minibot_robot/minibot_controllers) by extension 'colcon_pkg'
[0.284s] Level 1:colcon.colcon_core.package_identification:_identify(src/pinklab_minibot_robot/minibot_controllers) by extensions ['colcon_meta']
[0.284s] Level 1:colcon.colcon_core.package_identification:_identify(src/pinklab_minibot_robot/minibot_controllers) by extension 'colcon_meta'
[0.284s] Level 1:colcon.colcon_core.package_identification:_identify(src/pinklab_minibot_robot/minibot_controllers) by extensions ['ros']
[0.284s] Level 1:colcon.colcon_core.package_identification:_identify(src/pinklab_minibot_robot/minibot_controllers) by extension 'ros'
[0.285s] DEBUG:colcon.colcon_core.package_identification:Package 'src/pinklab_minibot_robot/minibot_controllers' with type 'ros.ament_cmake' and name 'minibot_controllers'
[0.285s] Level 1:colcon.colcon_core.package_identification:_identify(src/pinklab_minibot_robot/minibot_description) by extensions ['ignore', 'ignore_ament_install']
[0.285s] Level 1:colcon.colcon_core.package_identification:_identify(src/pinklab_minibot_robot/minibot_description) by extension 'ignore'
[0.285s] Level 1:colcon.colcon_core.package_identification:_identify(src/pinklab_minibot_robot/minibot_description) by extension 'ignore_ament_install'
[0.286s] Level 1:colcon.colcon_core.package_identification:_identify(src/pinklab_minibot_robot/minibot_description) by extensions ['colcon_pkg']
[0.286s] Level 1:colcon.colcon_core.package_identification:_identify(src/pinklab_minibot_robot/minibot_description) by extension 'colcon_pkg'
[0.286s] Level 1:colcon.colcon_core.package_identification:_identify(src/pinklab_minibot_robot/minibot_description) by extensions ['colcon_meta']
[0.286s] Level 1:colcon.colcon_core.package_identification:_identify(src/pinklab_minibot_robot/minibot_description) by extension 'colcon_meta'
[0.286s] Level 1:colcon.colcon_core.package_identification:_identify(src/pinklab_minibot_robot/minibot_description) by extensions ['ros']
[0.286s] Level 1:colcon.colcon_core.package_identification:_identify(src/pinklab_minibot_robot/minibot_description) by extension 'ros'
[0.286s] DEBUG:colcon.colcon_core.package_identification:Package 'src/pinklab_minibot_robot/minibot_description' with type 'ros.ament_cmake' and name 'minibot_description'
[0.286s] Level 1:colcon.colcon_core.package_identification:_identify(src/pinklab_minibot_robot/minibot_gazebo) by extensions ['ignore', 'ignore_ament_install']
[0.286s] Level 1:colcon.colcon_core.package_identification:_identify(src/pinklab_minibot_robot/minibot_gazebo) by extension 'ignore'
[0.286s] Level 1:colcon.colcon_core.package_identification:_identify(src/pinklab_minibot_robot/minibot_gazebo) by extension 'ignore_ament_install'
[0.287s] Level 1:colcon.colcon_core.package_identification:_identify(src/pinklab_minibot_robot/minibot_gazebo) by extensions ['colcon_pkg']
[0.287s] Level 1:colcon.colcon_core.package_identification:_identify(src/pinklab_minibot_robot/minibot_gazebo) by extension 'colcon_pkg'
[0.287s] Level 1:colcon.colcon_core.package_identification:_identify(src/pinklab_minibot_robot/minibot_gazebo) by extensions ['colcon_meta']
[0.287s] Level 1:colcon.colcon_core.package_identification:_identify(src/pinklab_minibot_robot/minibot_gazebo) by extension 'colcon_meta'
[0.287s] Level 1:colcon.colcon_core.package_identification:_identify(src/pinklab_minibot_robot/minibot_gazebo) by extensions ['ros']
[0.287s] Level 1:colcon.colcon_core.package_identification:_identify(src/pinklab_minibot_robot/minibot_gazebo) by extension 'ros'
[0.288s] DEBUG:colcon.colcon_core.package_identification:Package 'src/pinklab_minibot_robot/minibot_gazebo' with type 'ros.ament_cmake' and name 'minibot_gazebo'
[0.288s] Level 1:colcon.colcon_core.package_identification:_identify(src/pinklab_minibot_robot/minibot_hardware_interface) by extensions ['ignore', 'ignore_ament_install']
[0.288s] Level 1:colcon.colcon_core.package_identification:_identify(src/pinklab_minibot_robot/minibot_hardware_interface) by extension 'ignore'
[0.288s] Level 1:colcon.colcon_core.package_identification:_identify(src/pinklab_minibot_robot/minibot_hardware_interface) by extension 'ignore_ament_install'
[0.288s] Level 1:colcon.colcon_core.package_identification:_identify(src/pinklab_minibot_robot/minibot_hardware_interface) by extensions ['colcon_pkg']
[0.288s] Level 1:colcon.colcon_core.package_identification:_identify(src/pinklab_minibot_robot/minibot_hardware_interface) by extension 'colcon_pkg'
[0.288s] Level 1:colcon.colcon_core.package_identification:_identify(src/pinklab_minibot_robot/minibot_hardware_interface) by extensions ['colcon_meta']
[0.288s] Level 1:colcon.colcon_core.package_identification:_identify(src/pinklab_minibot_robot/minibot_hardware_interface) by extension 'colcon_meta'
[0.288s] Level 1:colcon.colcon_core.package_identification:_identify(src/pinklab_minibot_robot/minibot_hardware_interface) by extensions ['ros']
[0.288s] Level 1:colcon.colcon_core.package_identification:_identify(src/pinklab_minibot_robot/minibot_hardware_interface) by extension 'ros'
[0.289s] DEBUG:colcon.colcon_core.package_identification:Package 'src/pinklab_minibot_robot/minibot_hardware_interface' with type 'ros.ament_cmake' and name 'minibot_hardware_interface'
[0.289s] Level 1:colcon.colcon_core.package_identification:_identify(src/pinklab_minibot_robot/minibot_interfaces) by extensions ['ignore', 'ignore_ament_install']
[0.289s] Level 1:colcon.colcon_core.package_identification:_identify(src/pinklab_minibot_robot/minibot_interfaces) by extension 'ignore'
[0.289s] Level 1:colcon.colcon_core.package_identification:_identify(src/pinklab_minibot_robot/minibot_interfaces) by extension 'ignore_ament_install'
[0.289s] Level 1:colcon.colcon_core.package_identification:_identify(src/pinklab_minibot_robot/minibot_interfaces) by extensions ['colcon_pkg']
[0.289s] Level 1:colcon.colcon_core.package_identification:_identify(src/pinklab_minibot_robot/minibot_interfaces) by extension 'colcon_pkg'
[0.289s] Level 1:colcon.colcon_core.package_identification:_identify(src/pinklab_minibot_robot/minibot_interfaces) by extensions ['colcon_meta']
[0.289s] Level 1:colcon.colcon_core.package_identification:_identify(src/pinklab_minibot_robot/minibot_interfaces) by extension 'colcon_meta'
[0.289s] Level 1:colcon.colcon_core.package_identification:_identify(src/pinklab_minibot_robot/minibot_interfaces) by extensions ['ros']
[0.289s] Level 1:colcon.colcon_core.package_identification:_identify(src/pinklab_minibot_robot/minibot_interfaces) by extension 'ros'
[0.290s] DEBUG:colcon.colcon_core.package_identification:Package 'src/pinklab_minibot_robot/minibot_interfaces' with type 'ros.ament_cmake' and name 'minibot_interfaces'
[0.290s] Level 1:colcon.colcon_core.package_identification:_identify(src/pinklab_minibot_robot/minibot_navigation2) by extensions ['ignore', 'ignore_ament_install']
[0.290s] Level 1:colcon.colcon_core.package_identification:_identify(src/pinklab_minibot_robot/minibot_navigation2) by extension 'ignore'
[0.290s] Level 1:colcon.colcon_core.package_identification:_identify(src/pinklab_minibot_robot/minibot_navigation2) by extension 'ignore_ament_install'
[0.290s] Level 1:colcon.colcon_core.package_identification:_identify(src/pinklab_minibot_robot/minibot_navigation2) by extensions ['colcon_pkg']
[0.290s] Level 1:colcon.colcon_core.package_identification:_identify(src/pinklab_minibot_robot/minibot_navigation2) by extension 'colcon_pkg'
[0.290s] Level 1:colcon.colcon_core.package_identification:_identify(src/pinklab_minibot_robot/minibot_navigation2) by extensions ['colcon_meta']
[0.290s] Level 1:colcon.colcon_core.package_identification:_identify(src/pinklab_minibot_robot/minibot_navigation2) by extension 'colcon_meta'
[0.290s] Level 1:colcon.colcon_core.package_identification:_identify(src/pinklab_minibot_robot/minibot_navigation2) by extensions ['ros']
[0.290s] Level 1:colcon.colcon_core.package_identification:_identify(src/pinklab_minibot_robot/minibot_navigation2) by extension 'ros'
[0.291s] DEBUG:colcon.colcon_core.package_identification:Package 'src/pinklab_minibot_robot/minibot_navigation2' with type 'ros.ament_cmake' and name 'minibot_navigation2'
[0.291s] Level 1:colcon.colcon_core.package_discovery:discover_packages(recursive) using defaults
[0.291s] Level 1:colcon.colcon_core.package_discovery:discover_packages(ignore) discover
[0.291s] Level 1:colcon.colcon_core.package_discovery:discover_packages(ignore) using defaults
[0.291s] Level 1:colcon.colcon_core.package_discovery:discover_packages(path) discover
[0.291s] Level 1:colcon.colcon_core.package_discovery:discover_packages(path) using defaults
[0.307s] Level 1:colcon.colcon_core.package_discovery:discover_packages(prefix_path) check parameters
[0.307s] Level 1:colcon.colcon_core.package_discovery:discover_packages(prefix_path) discover
[0.309s] DEBUG:colcon.colcon_installed_package_information.package_discovery:Found 7 installed packages in /home/min/dev_ws/pinkbot2/install
[0.310s] DEBUG:colcon.colcon_installed_package_information.package_discovery:Found 393 installed packages in /opt/ros/humble
[0.312s] Level 1:colcon.colcon_core.package_discovery:discover_packages(prefix_path) using defaults
[0.351s] Level 5:colcon.colcon_core.verb:set package 'minibot_description' build argument 'cmake_args' from command line to 'None'
[0.351s] Level 5:colcon.colcon_core.verb:set package 'minibot_description' build argument 'cmake_target' from command line to 'None'
[0.351s] Level 5:colcon.colcon_core.verb:set package 'minibot_description' build argument 'cmake_target_skip_unavailable' from command line to 'False'
[0.352s] Level 5:colcon.colcon_core.verb:set package 'minibot_description' build argument 'cmake_clean_cache' from command line to 'False'
[0.352s] Level 5:colcon.colcon_core.verb:set package 'minibot_description' build argument 'cmake_clean_first' from command line to 'False'
[0.352s] Level 5:colcon.colcon_core.verb:set package 'minibot_description' build argument 'cmake_force_configure' from command line to 'False'
[0.352s] Level 5:colcon.colcon_core.verb:set package 'minibot_description' build argument 'ament_cmake_args' from command line to 'None'
[0.352s] Level 5:colcon.colcon_core.verb:set package 'minibot_description' build argument 'catkin_cmake_args' from command line to 'None'
[0.352s] Level 5:colcon.colcon_core.verb:set package 'minibot_description' build argument 'catkin_skip_building_tests' from command line to 'False'
[0.352s] DEBUG:colcon.colcon_core.verb:Building package 'minibot_description' with the following arguments: {'ament_cmake_args': None, 'build_base': '/home/min/dev_ws/pinkbot2/build/minibot_description', 'catkin_cmake_args': None, 'catkin_skip_building_tests': False, 'cmake_args': None, 'cmake_clean_cache': False, 'cmake_clean_first': False, 'cmake_force_configure': False, 'cmake_target': None, 'cmake_target_skip_unavailable': False, 'install_base': '/home/min/dev_ws/pinkbot2/install/minibot_description', 'merge_install': False, 'path': '/home/min/dev_ws/pinkbot2/src/pinklab_minibot_robot/minibot_description', 'symlink_install': False, 'test_result_base': None}
[0.352s] Level 5:colcon.colcon_core.verb:set package 'minibot_hardware_interface' build argument 'cmake_args' from command line to 'None'
[0.352s] Level 5:colcon.colcon_core.verb:set package 'minibot_hardware_interface' build argument 'cmake_target' from command line to 'None'
[0.352s] Level 5:colcon.colcon_core.verb:set package 'minibot_hardware_interface' build argument 'cmake_target_skip_unavailable' from command line to 'False'
[0.352s] Level 5:colcon.colcon_core.verb:set package 'minibot_hardware_interface' build argument 'cmake_clean_cache' from command line to 'False'
[0.352s] Level 5:colcon.colcon_core.verb:set package 'minibot_hardware_interface' build argument 'cmake_clean_first' from command line to 'False'
[0.352s] Level 5:colcon.colcon_core.verb:set package 'minibot_hardware_interface' build argument 'cmake_force_configure' from command line to 'False'
[0.352s] Level 5:colcon.colcon_core.verb:set package 'minibot_hardware_interface' build argument 'ament_cmake_args' from command line to 'None'
[0.352s] Level 5:colcon.colcon_core.verb:set package 'minibot_hardware_interface' build argument 'catkin_cmake_args' from command line to 'None'
[0.352s] Level 5:colcon.colcon_core.verb:set package 'minibot_hardware_interface' build argument 'catkin_skip_building_tests' from command line to 'False'
[0.352s] DEBUG:colcon.colcon_core.verb:Building package 'minibot_hardware_interface' with the following arguments: {'ament_cmake_args': None, 'build_base': '/home/min/dev_ws/pinkbot2/build/minibot_hardware_interface', 'catkin_cmake_args': None, 'catkin_skip_building_tests': False, 'cmake_args': None, 'cmake_clean_cache': False, 'cmake_clean_first': False, 'cmake_force_configure': False, 'cmake_target': None, 'cmake_target_skip_unavailable': False, 'install_base': '/home/min/dev_ws/pinkbot2/install/minibot_hardware_interface', 'merge_install': False, 'path': '/home/min/dev_ws/pinkbot2/src/pinklab_minibot_robot/minibot_hardware_interface', 'symlink_install': False, 'test_result_base': None}
[0.352s] Level 5:colcon.colcon_core.verb:set package 'minibot_interfaces' build argument 'cmake_args' from command line to 'None'
[0.352s] Level 5:colcon.colcon_core.verb:set package 'minibot_interfaces' build argument 'cmake_target' from command line to 'None'
[0.353s] Level 5:colcon.colcon_core.verb:set package 'minibot_interfaces' build argument 'cmake_target_skip_unavailable' from command line to 'False'
[0.353s] Level 5:colcon.colcon_core.verb:set package 'minibot_interfaces' build argument 'cmake_clean_cache' from command line to 'False'
[0.353s] Level 5:colcon.colcon_core.verb:set package 'minibot_interfaces' build argument 'cmake_clean_first' from command line to 'False'
[0.353s] Level 5:colcon.colcon_core.verb:set package 'minibot_interfaces' build argument 'cmake_force_configure' from command line to 'False'
[0.353s] Level 5:colcon.colcon_core.verb:set package 'minibot_interfaces' build argument 'ament_cmake_args' from command line to 'None'
[0.353s] Level 5:colcon.colcon_core.verb:set package 'minibot_interfaces' build argument 'catkin_cmake_args' from command line to 'None'
[0.353s] Level 5:colcon.colcon_core.verb:set package 'minibot_interfaces' build argument 'catkin_skip_building_tests' from command line to 'False'
[0.353s] DEBUG:colcon.colcon_core.verb:Building package 'minibot_interfaces' with the following arguments: {'ament_cmake_args': None, 'build_base': '/home/min/dev_ws/pinkbot2/build/minibot_interfaces', 'catkin_cmake_args': None, 'catkin_skip_building_tests': False, 'cmake_args': None, 'cmake_clean_cache': False, 'cmake_clean_first': False, 'cmake_force_configure': False, 'cmake_target': None, 'cmake_target_skip_unavailable': False, 'install_base': '/home/min/dev_ws/pinkbot2/install/minibot_interfaces', 'merge_install': False, 'path': '/home/min/dev_ws/pinkbot2/src/pinklab_minibot_robot/minibot_interfaces', 'symlink_install': False, 'test_result_base': None}
[0.353s] Level 5:colcon.colcon_core.verb:set package 'minibot_navigation2' build argument 'cmake_args' from command line to 'None'
[0.353s] Level 5:colcon.colcon_core.verb:set package 'minibot_navigation2' build argument 'cmake_target' from command line to 'None'
[0.353s] Level 5:colcon.colcon_core.verb:set package 'minibot_navigation2' build argument 'cmake_target_skip_unavailable' from command line to 'False'
[0.353s] Level 5:colcon.colcon_core.verb:set package 'minibot_navigation2' build argument 'cmake_clean_cache' from command line to 'False'
[0.353s] Level 5:colcon.colcon_core.verb:set package 'minibot_navigation2' build argument 'cmake_clean_first' from command line to 'False'
[0.353s] Level 5:colcon.colcon_core.verb:set package 'minibot_navigation2' build argument 'cmake_force_configure' from command line to 'False'
[0.353s] Level 5:colcon.colcon_core.verb:set package 'minibot_navigation2' build argument 'ament_cmake_args' from command line to 'None'
[0.353s] Level 5:colcon.colcon_core.verb:set package 'minibot_navigation2' build argument 'catkin_cmake_args' from command line to 'None'
[0.353s] Level 5:colcon.colcon_core.verb:set package 'minibot_navigation2' build argument 'catkin_skip_building_tests' from command line to 'False'
[0.353s] DEBUG:colcon.colcon_core.verb:Building package 'minibot_navigation2' with the following arguments: {'ament_cmake_args': None, 'build_base': '/home/min/dev_ws/pinkbot2/build/minibot_navigation2', 'catkin_cmake_args': None, 'catkin_skip_building_tests': False, 'cmake_args': None, 'cmake_clean_cache': False, 'cmake_clean_first': False, 'cmake_force_configure': False, 'cmake_target': None, 'cmake_target_skip_unavailable': False, 'install_base': '/home/min/dev_ws/pinkbot2/install/minibot_navigation2', 'merge_install': False, 'path': '/home/min/dev_ws/pinkbot2/src/pinklab_minibot_robot/minibot_navigation2', 'symlink_install': False, 'test_result_base': None}
[0.353s] Level 5:colcon.colcon_core.verb:set package 'minibot_controllers' build argument 'cmake_args' from command line to 'None'
[0.353s] Level 5:colcon.colcon_core.verb:set package 'minibot_controllers' build argument 'cmake_target' from command line to 'None'
[0.353s] Level 5:colcon.colcon_core.verb:set package 'minibot_controllers' build argument 'cmake_target_skip_unavailable' from command line to 'False'
[0.354s] Level 5:colcon.colcon_core.verb:set package 'minibot_controllers' build argument 'cmake_clean_cache' from command line to 'False'
[0.354s] Level 5:colcon.colcon_core.verb:set package 'minibot_controllers' build argument 'cmake_clean_first' from command line to 'False'
[0.354s] Level 5:colcon.colcon_core.verb:set package 'minibot_controllers' build argument 'cmake_force_configure' from command line to 'False'
[0.354s] Level 5:colcon.colcon_core.verb:set package 'minibot_controllers' build argument 'ament_cmake_args' from command line to 'None'
[0.354s] Level 5:colcon.colcon_core.verb:set package 'minibot_controllers' build argument 'catkin_cmake_args' from command line to 'None'
[0.354s] Level 5:colcon.colcon_core.verb:set package 'minibot_controllers' build argument 'catkin_skip_building_tests' from command line to 'False'
[0.354s] DEBUG:colcon.colcon_core.verb:Building package 'minibot_controllers' with the following arguments: {'ament_cmake_args': None, 'build_base': '/home/min/dev_ws/pinkbot2/build/minibot_controllers', 'catkin_cmake_args': None, 'catkin_skip_building_tests': False, 'cmake_args': None, 'cmake_clean_cache': False, 'cmake_clean_first': False, 'cmake_force_configure': False, 'cmake_target': None, 'cmake_target_skip_unavailable': False, 'install_base': '/home/min/dev_ws/pinkbot2/install/minibot_controllers', 'merge_install': False, 'path': '/home/min/dev_ws/pinkbot2/src/pinklab_minibot_robot/minibot_controllers', 'symlink_install': False, 'test_result_base': None}
[0.354s] Level 5:colcon.colcon_core.verb:set package 'minibot_gazebo' build argument 'cmake_args' from command line to 'None'
[0.354s] Level 5:colcon.colcon_core.verb:set package 'minibot_gazebo' build argument 'cmake_target' from command line to 'None'
[0.354s] Level 5:colcon.colcon_core.verb:set package 'minibot_gazebo' build argument 'cmake_target_skip_unavailable' from command line to 'False'
[0.354s] Level 5:colcon.colcon_core.verb:set package 'minibot_gazebo' build argument 'cmake_clean_cache' from command line to 'False'
[0.354s] Level 5:colcon.colcon_core.verb:set package 'minibot_gazebo' build argument 'cmake_clean_first' from command line to 'False'
[0.354s] Level 5:colcon.colcon_core.verb:set package 'minibot_gazebo' build argument 'cmake_force_configure' from command line to 'False'
[0.354s] Level 5:colcon.colcon_core.verb:set package 'minibot_gazebo' build argument 'ament_cmake_args' from command line to 'None'
[0.354s] Level 5:colcon.colcon_core.verb:set package 'minibot_gazebo' build argument 'catkin_cmake_args' from command line to 'None'
[0.354s] Level 5:colcon.colcon_core.verb:set package 'minibot_gazebo' build argument 'catkin_skip_building_tests' from command line to 'False'
[0.354s] DEBUG:colcon.colcon_core.verb:Building package 'minibot_gazebo' with the following arguments: {'ament_cmake_args': None, 'build_base': '/home/min/dev_ws/pinkbot2/build/minibot_gazebo', 'catkin_cmake_args': None, 'catkin_skip_building_tests': False, 'cmake_args': None, 'cmake_clean_cache': False, 'cmake_clean_first': False, 'cmake_force_configure': False, 'cmake_target': None, 'cmake_target_skip_unavailable': False, 'install_base': '/home/min/dev_ws/pinkbot2/install/minibot_gazebo', 'merge_install': False, 'path': '/home/min/dev_ws/pinkbot2/src/pinklab_minibot_robot/minibot_gazebo', 'symlink_install': False, 'test_result_base': None}
[0.354s] Level 5:colcon.colcon_core.verb:set package 'minibot_bringup' build argument 'cmake_args' from command line to 'None'
[0.354s] Level 5:colcon.colcon_core.verb:set package 'minibot_bringup' build argument 'cmake_target' from command line to 'None'
[0.355s] Level 5:colcon.colcon_core.verb:set package 'minibot_bringup' build argument 'cmake_target_skip_unavailable' from command line to 'False'
[0.355s] Level 5:colcon.colcon_core.verb:set package 'minibot_bringup' build argument 'cmake_clean_cache' from command line to 'False'
[0.355s] Level 5:colcon.colcon_core.verb:set package 'minibot_bringup' build argument 'cmake_clean_first' from command line to 'False'
[0.355s] Level 5:colcon.colcon_core.verb:set package 'minibot_bringup' build argument 'cmake_force_configure' from command line to 'False'
[0.355s] Level 5:colcon.colcon_core.verb:set package 'minibot_bringup' build argument 'ament_cmake_args' from command line to 'None'
[0.355s] Level 5:colcon.colcon_core.verb:set package 'minibot_bringup' build argument 'catkin_cmake_args' from command line to 'None'
[0.355s] Level 5:colcon.colcon_core.verb:set package 'minibot_bringup' build argument 'catkin_skip_building_tests' from command line to 'False'
[0.355s] DEBUG:colcon.colcon_core.verb:Building package 'minibot_bringup' with the following arguments: {'ament_cmake_args': None, 'build_base': '/home/min/dev_ws/pinkbot2/build/minibot_bringup', 'catkin_cmake_args': None, 'catkin_skip_building_tests': False, 'cmake_args': None, 'cmake_clean_cache': False, 'cmake_clean_first': False, 'cmake_force_configure': False, 'cmake_target': None, 'cmake_target_skip_unavailable': False, 'install_base': '/home/min/dev_ws/pinkbot2/install/minibot_bringup', 'merge_install': False, 'path': '/home/min/dev_ws/pinkbot2/src/pinklab_minibot_robot/minibot_bringup', 'symlink_install': False, 'test_result_base': None}
[0.355s] INFO:colcon.colcon_core.executor:Executing jobs using 'parallel' executor
[0.356s] DEBUG:colcon.colcon_parallel_executor.executor.parallel:run_until_complete
[0.356s] INFO:colcon.colcon_ros.task.ament_cmake.build:Building ROS package in '/home/min/dev_ws/pinkbot2/src/pinklab_minibot_robot/minibot_description' with build type 'ament_cmake'
[0.356s] INFO:colcon.colcon_cmake.task.cmake.build:Building CMake package in '/home/min/dev_ws/pinkbot2/src/pinklab_minibot_robot/minibot_description'
[0.358s] INFO:colcon.colcon_core.plugin_system:Skipping extension 'colcon_core.shell.bat': Not used on non-Windows systems
[0.358s] INFO:colcon.colcon_core.shell:Skip shell extension 'powershell' for command environment: Not usable outside of PowerShell
[0.358s] DEBUG:colcon.colcon_core.shell:Skip shell extension 'dsv' for command environment
[0.361s] INFO:colcon.colcon_ros.task.ament_cmake.build:Building ROS package in '/home/min/dev_ws/pinkbot2/src/pinklab_minibot_robot/minibot_interfaces' with build type 'ament_cmake'
[0.361s] INFO:colcon.colcon_cmake.task.cmake.build:Building CMake package in '/home/min/dev_ws/pinkbot2/src/pinklab_minibot_robot/minibot_interfaces'
[0.361s] INFO:colcon.colcon_core.shell:Skip shell extension 'powershell' for command environment: Not usable outside of PowerShell
[0.361s] DEBUG:colcon.colcon_core.shell:Skip shell extension 'dsv' for command environment
[0.364s] INFO:colcon.colcon_ros.task.ament_cmake.build:Building ROS package in '/home/min/dev_ws/pinkbot2/src/pinklab_minibot_robot/minibot_hardware_interface' with build type 'ament_cmake'
[0.364s] INFO:colcon.colcon_cmake.task.cmake.build:Building CMake package in '/home/min/dev_ws/pinkbot2/src/pinklab_minibot_robot/minibot_hardware_interface'
[0.364s] INFO:colcon.colcon_core.shell:Skip shell extension 'powershell' for command environment: Not usable outside of PowerShell
[0.364s] DEBUG:colcon.colcon_core.shell:Skip shell extension 'dsv' for command environment
[0.367s] INFO:colcon.colcon_ros.task.ament_cmake.build:Building ROS package in '/home/min/dev_ws/pinkbot2/src/pinklab_minibot_robot/minibot_navigation2' with build type 'ament_cmake'
[0.367s] INFO:colcon.colcon_cmake.task.cmake.build:Building CMake package in '/home/min/dev_ws/pinkbot2/src/pinklab_minibot_robot/minibot_navigation2'
[0.367s] INFO:colcon.colcon_core.shell:Skip shell extension 'powershell' for command environment: Not usable outside of PowerShell
[0.367s] DEBUG:colcon.colcon_core.shell:Skip shell extension 'dsv' for command environment
[0.374s] DEBUG:colcon.colcon_core.event_handler.log_command:Invoking command in '/home/min/dev_ws/pinkbot2/build/minibot_description': CMAKE_PREFIX_PATH=${CMAKE_PREFIX_PATH}:/opt/ros/humble /usr/bin/cmake --build /home/min/dev_ws/pinkbot2/build/minibot_description -- -j12 -l12
[0.377s] DEBUG:colcon.colcon_core.event_handler.log_command:Invoking command in '/home/min/dev_ws/pinkbot2/build/minibot_interfaces': CMAKE_PREFIX_PATH=${CMAKE_PREFIX_PATH}:/opt/ros/humble /usr/bin/cmake --build /home/min/dev_ws/pinkbot2/build/minibot_interfaces -- -j12 -l12
[0.379s] DEBUG:colcon.colcon_core.event_handler.log_command:Invoking command in '/home/min/dev_ws/pinkbot2/build/minibot_hardware_interface': CMAKE_PREFIX_PATH=${CMAKE_PREFIX_PATH}:/opt/ros/humble /usr/bin/cmake --build /home/min/dev_ws/pinkbot2/build/minibot_hardware_interface -- -j12 -l12
[0.382s] DEBUG:colcon.colcon_core.event_handler.log_command:Invoking command in '/home/min/dev_ws/pinkbot2/build/minibot_navigation2': CMAKE_PREFIX_PATH=${CMAKE_PREFIX_PATH}:/opt/ros/humble /usr/bin/cmake --build /home/min/dev_ws/pinkbot2/build/minibot_navigation2 -- -j12 -l12
[0.408s] DEBUG:colcon.colcon_core.event_handler.log_command:Invoked command in '/home/min/dev_ws/pinkbot2/build/minibot_description' returned '0': CMAKE_PREFIX_PATH=${CMAKE_PREFIX_PATH}:/opt/ros/humble /usr/bin/cmake --build /home/min/dev_ws/pinkbot2/build/minibot_description -- -j12 -l12
[0.420s] DEBUG:colcon.colcon_core.event_handler.log_command:Invoked command in '/home/min/dev_ws/pinkbot2/build/minibot_navigation2' returned '0': CMAKE_PREFIX_PATH=${CMAKE_PREFIX_PATH}:/opt/ros/humble /usr/bin/cmake --build /home/min/dev_ws/pinkbot2/build/minibot_navigation2 -- -j12 -l12
[0.442s] DEBUG:colcon.colcon_core.event_handler.log_command:Invoking command in '/home/min/dev_ws/pinkbot2/build/minibot_description': CMAKE_PREFIX_PATH=${CMAKE_PREFIX_PATH}:/opt/ros/humble /usr/bin/cmake --install /home/min/dev_ws/pinkbot2/build/minibot_description
[0.445s] DEBUG:colcon.colcon_core.event_handler.log_command:Invoked command in '/home/min/dev_ws/pinkbot2/build/minibot_hardware_interface' returned '0': CMAKE_PREFIX_PATH=${CMAKE_PREFIX_PATH}:/opt/ros/humble /usr/bin/cmake --build /home/min/dev_ws/pinkbot2/build/minibot_hardware_interface -- -j12 -l12
[0.449s] DEBUG:colcon.colcon_core.event_handler.log_command:Invoking command in '/home/min/dev_ws/pinkbot2/build/minibot_navigation2': CMAKE_PREFIX_PATH=${CMAKE_PREFIX_PATH}:/opt/ros/humble /usr/bin/cmake --install /home/min/dev_ws/pinkbot2/build/minibot_navigation2
[0.453s] Level 1:colcon.colcon_core.environment:create_environment_scripts_only(minibot_description)
[0.458s] Level 1:colcon.colcon_core.environment:checking '/home/min/dev_ws/pinkbot2/install/minibot_description' for CMake module files
[0.460s] DEBUG:colcon.colcon_core.event_handler.log_command:Invoked command in '/home/min/dev_ws/pinkbot2/build/minibot_description' returned '0': CMAKE_PREFIX_PATH=${CMAKE_PREFIX_PATH}:/opt/ros/humble /usr/bin/cmake --install /home/min/dev_ws/pinkbot2/build/minibot_description
[0.460s] Level 1:colcon.colcon_core.environment:checking '/home/min/dev_ws/pinkbot2/install/minibot_description' for CMake config files
[0.462s] Level 1:colcon.colcon_core.shell:create_environment_hook('minibot_description', 'cmake_prefix_path')
[0.462s] INFO:colcon.colcon_core.shell:Creating environment hook '/home/min/dev_ws/pinkbot2/install/minibot_description/share/minibot_description/hook/cmake_prefix_path.ps1'
[0.463s] INFO:colcon.colcon_core.shell:Creating environment descriptor '/home/min/dev_ws/pinkbot2/install/minibot_description/share/minibot_description/hook/cmake_prefix_path.dsv'
[0.464s] INFO:colcon.colcon_core.shell:Creating environment hook '/home/min/dev_ws/pinkbot2/install/minibot_description/share/minibot_description/hook/cmake_prefix_path.sh'
[0.465s] Level 1:colcon.colcon_core.environment:checking '/home/min/dev_ws/pinkbot2/install/minibot_description/bin'
[0.465s] Level 1:colcon.colcon_core.environment:checking '/home/min/dev_ws/pinkbot2/install/minibot_description/lib/pkgconfig/minibot_description.pc'
[0.465s] Level 1:colcon.colcon_core.environment:checking '/home/min/dev_ws/pinkbot2/install/minibot_description/lib/python3.10/site-packages'
[0.466s] Level 1:colcon.colcon_core.environment:checking '/home/min/dev_ws/pinkbot2/install/minibot_description/bin'
[0.466s] INFO:colcon.colcon_core.shell:Creating package script '/home/min/dev_ws/pinkbot2/install/minibot_description/share/minibot_description/package.ps1'
[0.468s] INFO:colcon.colcon_core.shell:Creating package descriptor '/home/min/dev_ws/pinkbot2/install/minibot_description/share/minibot_description/package.dsv'
[0.469s] INFO:colcon.colcon_core.shell:Creating package script '/home/min/dev_ws/pinkbot2/install/minibot_description/share/minibot_description/package.sh'
[0.470s] INFO:colcon.colcon_core.shell:Creating package script '/home/min/dev_ws/pinkbot2/install/minibot_description/share/minibot_description/package.bash'
[0.471s] INFO:colcon.colcon_core.shell:Creating package script '/home/min/dev_ws/pinkbot2/install/minibot_description/share/minibot_description/package.zsh'
[0.472s] Level 1:colcon.colcon_core.environment:create_file_with_runtime_dependencies(/home/min/dev_ws/pinkbot2/install/minibot_description/share/colcon-core/packages/minibot_description)
[0.475s] DEBUG:colcon.colcon_core.event_handler.log_command:Invoking command in '/home/min/dev_ws/pinkbot2/build/minibot_hardware_interface': CMAKE_PREFIX_PATH=${CMAKE_PREFIX_PATH}:/opt/ros/humble /usr/bin/cmake --install /home/min/dev_ws/pinkbot2/build/minibot_hardware_interface
[0.475s] Level 1:colcon.colcon_core.environment:create_environment_scripts_only(minibot_navigation2)
[0.476s] Level 1:colcon.colcon_core.environment:checking '/home/min/dev_ws/pinkbot2/install/minibot_navigation2' for CMake module files
[0.476s] DEBUG:colcon.colcon_core.event_handler.log_command:Invoked command in '/home/min/dev_ws/pinkbot2/build/minibot_navigation2' returned '0': CMAKE_PREFIX_PATH=${CMAKE_PREFIX_PATH}:/opt/ros/humble /usr/bin/cmake --install /home/min/dev_ws/pinkbot2/build/minibot_navigation2
[0.477s] Level 1:colcon.colcon_core.environment:checking '/home/min/dev_ws/pinkbot2/install/minibot_navigation2' for CMake config files
[0.477s] Level 1:colcon.colcon_core.shell:create_environment_hook('minibot_navigation2', 'cmake_prefix_path')
[0.477s] INFO:colcon.colcon_core.shell:Creating environment hook '/home/min/dev_ws/pinkbot2/install/minibot_navigation2/share/minibot_navigation2/hook/cmake_prefix_path.ps1'
[0.477s] INFO:colcon.colcon_core.shell:Creating environment descriptor '/home/min/dev_ws/pinkbot2/install/minibot_navigation2/share/minibot_navigation2/hook/cmake_prefix_path.dsv'
[0.478s] INFO:colcon.colcon_core.shell:Creating environment hook '/home/min/dev_ws/pinkbot2/install/minibot_navigation2/share/minibot_navigation2/hook/cmake_prefix_path.sh'
[0.478s] Level 1:colcon.colcon_core.environment:checking '/home/min/dev_ws/pinkbot2/install/minibot_navigation2/bin'
[0.478s] Level 1:colcon.colcon_core.environment:checking '/home/min/dev_ws/pinkbot2/install/minibot_navigation2/lib/pkgconfig/minibot_navigation2.pc'
[0.478s] Level 1:colcon.colcon_core.environment:checking '/home/min/dev_ws/pinkbot2/install/minibot_navigation2/lib/python3.10/site-packages'
[0.479s] Level 1:colcon.colcon_core.environment:checking '/home/min/dev_ws/pinkbot2/install/minibot_navigation2/bin'
[0.479s] INFO:colcon.colcon_core.shell:Creating package script '/home/min/dev_ws/pinkbot2/install/minibot_navigation2/share/minibot_navigation2/package.ps1'
[0.479s] INFO:colcon.colcon_core.shell:Creating package descriptor '/home/min/dev_ws/pinkbot2/install/minibot_navigation2/share/minibot_navigation2/package.dsv'
[0.480s] INFO:colcon.colcon_core.shell:Creating package script '/home/min/dev_ws/pinkbot2/install/minibot_navigation2/share/minibot_navigation2/package.sh'
[0.480s] INFO:colcon.colcon_core.shell:Creating package script '/home/min/dev_ws/pinkbot2/install/minibot_navigation2/share/minibot_navigation2/package.bash'
[0.480s] INFO:colcon.colcon_core.shell:Creating package script '/home/min/dev_ws/pinkbot2/install/minibot_navigation2/share/minibot_navigation2/package.zsh'
[0.480s] Level 1:colcon.colcon_core.environment:create_file_with_runtime_dependencies(/home/min/dev_ws/pinkbot2/install/minibot_navigation2/share/colcon-core/packages/minibot_navigation2)
[0.488s] Level 1:colcon.colcon_core.environment:create_environment_scripts_only(minibot_hardware_interface)
[0.489s] Level 1:colcon.colcon_core.environment:checking '/home/min/dev_ws/pinkbot2/install/minibot_hardware_interface' for CMake module files
[0.489s] DEBUG:colcon.colcon_core.event_handler.log_command:Invoked command in '/home/min/dev_ws/pinkbot2/build/minibot_hardware_interface' returned '0': CMAKE_PREFIX_PATH=${CMAKE_PREFIX_PATH}:/opt/ros/humble /usr/bin/cmake --install /home/min/dev_ws/pinkbot2/build/minibot_hardware_interface
[0.490s] Level 1:colcon.colcon_core.environment:checking '/home/min/dev_ws/pinkbot2/install/minibot_hardware_interface' for CMake config files
[0.490s] Level 1:colcon.colcon_core.shell:create_environment_hook('minibot_hardware_interface', 'cmake_prefix_path')
[0.491s] INFO:colcon.colcon_core.shell:Creating environment hook '/home/min/dev_ws/pinkbot2/install/minibot_hardware_interface/share/minibot_hardware_interface/hook/cmake_prefix_path.ps1'
[0.491s] INFO:colcon.colcon_core.shell:Creating environment descriptor '/home/min/dev_ws/pinkbot2/install/minibot_hardware_interface/share/minibot_hardware_interface/hook/cmake_prefix_path.dsv'
[0.492s] INFO:colcon.colcon_core.shell:Creating environment hook '/home/min/dev_ws/pinkbot2/install/minibot_hardware_interface/share/minibot_hardware_interface/hook/cmake_prefix_path.sh'
[0.492s] Level 1:colcon.colcon_core.environment:checking '/home/min/dev_ws/pinkbot2/install/minibot_hardware_interface/lib'
[0.492s] Level 1:colcon.colcon_core.shell:create_environment_hook('minibot_hardware_interface', 'ld_library_path_lib')
[0.493s] INFO:colcon.colcon_core.shell:Creating environment hook '/home/min/dev_ws/pinkbot2/install/minibot_hardware_interface/share/minibot_hardware_interface/hook/ld_library_path_lib.ps1'
[0.493s] INFO:colcon.colcon_core.shell:Creating environment descriptor '/home/min/dev_ws/pinkbot2/install/minibot_hardware_interface/share/minibot_hardware_interface/hook/ld_library_path_lib.dsv'
[0.493s] INFO:colcon.colcon_core.shell:Creating environment hook '/home/min/dev_ws/pinkbot2/install/minibot_hardware_interface/share/minibot_hardware_interface/hook/ld_library_path_lib.sh'
[0.494s] Level 1:colcon.colcon_core.environment:checking '/home/min/dev_ws/pinkbot2/install/minibot_hardware_interface/bin'
[0.494s] Level 1:colcon.colcon_core.environment:checking '/home/min/dev_ws/pinkbot2/install/minibot_hardware_interface/lib/pkgconfig/minibot_hardware_interface.pc'
[0.494s] Level 1:colcon.colcon_core.environment:checking '/home/min/dev_ws/pinkbot2/install/minibot_hardware_interface/lib/python3.10/site-packages'
[0.495s] Level 1:colcon.colcon_core.environment:checking '/home/min/dev_ws/pinkbot2/install/minibot_hardware_interface/bin'
[0.495s] INFO:colcon.colcon_core.shell:Creating package script '/home/min/dev_ws/pinkbot2/install/minibot_hardware_interface/share/minibot_hardware_interface/package.ps1'
[0.496s] INFO:colcon.colcon_core.shell:Creating package descriptor '/home/min/dev_ws/pinkbot2/install/minibot_hardware_interface/share/minibot_hardware_interface/package.dsv'
[0.496s] INFO:colcon.colcon_core.shell:Creating package script '/home/min/dev_ws/pinkbot2/install/minibot_hardware_interface/share/minibot_hardware_interface/package.sh'
[0.497s] INFO:colcon.colcon_core.shell:Creating package script '/home/min/dev_ws/pinkbot2/install/minibot_hardware_interface/share/minibot_hardware_interface/package.bash'
[0.497s] INFO:colcon.colcon_core.shell:Creating package script '/home/min/dev_ws/pinkbot2/install/minibot_hardware_interface/share/minibot_hardware_interface/package.zsh'
[0.497s] Level 1:colcon.colcon_core.environment:create_file_with_runtime_dependencies(/home/min/dev_ws/pinkbot2/install/minibot_hardware_interface/share/colcon-core/packages/minibot_hardware_interface)
[0.499s] Level 1:colcon.colcon_core.environment:create_environment_scripts_only(minibot_description)
[0.500s] Level 1:colcon.colcon_core.environment:checking '/home/min/dev_ws/pinkbot2/install/minibot_description' for CMake module files
[0.500s] Level 1:colcon.colcon_core.environment:checking '/home/min/dev_ws/pinkbot2/install/minibot_description' for CMake config files
[0.501s] Level 1:colcon.colcon_core.shell:create_environment_hook('minibot_description', 'cmake_prefix_path')
[0.501s] INFO:colcon.colcon_core.shell:Creating environment hook '/home/min/dev_ws/pinkbot2/install/minibot_description/share/minibot_description/hook/cmake_prefix_path.ps1'
[0.502s] INFO:colcon.colcon_core.shell:Creating environment descriptor '/home/min/dev_ws/pinkbot2/install/minibot_description/share/minibot_description/hook/cmake_prefix_path.dsv'
[0.502s] INFO:colcon.colcon_core.shell:Creating environment hook '/home/min/dev_ws/pinkbot2/install/minibot_description/share/minibot_description/hook/cmake_prefix_path.sh'
[0.502s] Level 1:colcon.colcon_core.environment:checking '/home/min/dev_ws/pinkbot2/install/minibot_description/bin'
[0.503s] Level 1:colcon.colcon_core.environment:checking '/home/min/dev_ws/pinkbot2/install/minibot_description/lib/pkgconfig/minibot_description.pc'
[0.503s] Level 1:colcon.colcon_core.environment:checking '/home/min/dev_ws/pinkbot2/install/minibot_description/lib/python3.10/site-packages'
[0.503s] Level 1:colcon.colcon_core.environment:checking '/home/min/dev_ws/pinkbot2/install/minibot_description/bin'
[0.504s] INFO:colcon.colcon_core.shell:Creating package script '/home/min/dev_ws/pinkbot2/install/minibot_description/share/minibot_description/package.ps1'
[0.504s] INFO:colcon.colcon_core.shell:Creating package descriptor '/home/min/dev_ws/pinkbot2/install/minibot_description/share/minibot_description/package.dsv'
[0.505s] INFO:colcon.colcon_core.shell:Creating package script '/home/min/dev_ws/pinkbot2/install/minibot_description/share/minibot_description/package.sh'
[0.505s] INFO:colcon.colcon_core.shell:Creating package script '/home/min/dev_ws/pinkbot2/install/minibot_description/share/minibot_description/package.bash'
[0.506s] INFO:colcon.colcon_core.shell:Creating package script '/home/min/dev_ws/pinkbot2/install/minibot_description/share/minibot_description/package.zsh'
[0.506s] Level 1:colcon.colcon_core.environment:create_file_with_runtime_dependencies(/home/min/dev_ws/pinkbot2/install/minibot_description/share/colcon-core/packages/minibot_description)
[0.506s] INFO:colcon.colcon_ros.task.ament_cmake.build:Building ROS package in '/home/min/dev_ws/pinkbot2/src/pinklab_minibot_robot/minibot_gazebo' with build type 'ament_cmake'
[0.506s] INFO:colcon.colcon_cmake.task.cmake.build:Building CMake package in '/home/min/dev_ws/pinkbot2/src/pinklab_minibot_robot/minibot_gazebo'
[0.507s] INFO:colcon.colcon_core.shell:Skip shell extension 'powershell' for command environment: Not usable outside of PowerShell
[0.507s] DEBUG:colcon.colcon_core.shell:Skip shell extension 'dsv' for command environment
[0.511s] Level 1:colcon.colcon_core.environment:create_environment_scripts_only(minibot_navigation2)
[0.511s] Level 1:colcon.colcon_core.environment:checking '/home/min/dev_ws/pinkbot2/install/minibot_navigation2' for CMake module files
[0.512s] Level 1:colcon.colcon_core.environment:checking '/home/min/dev_ws/pinkbot2/install/minibot_navigation2' for CMake config files
[0.512s] Level 1:colcon.colcon_core.shell:create_environment_hook('minibot_navigation2', 'cmake_prefix_path')
[0.512s] INFO:colcon.colcon_core.shell:Creating environment hook '/home/min/dev_ws/pinkbot2/install/minibot_navigation2/share/minibot_navigation2/hook/cmake_prefix_path.ps1'
[0.513s] INFO:colcon.colcon_core.shell:Creating environment descriptor '/home/min/dev_ws/pinkbot2/install/minibot_navigation2/share/minibot_navigation2/hook/cmake_prefix_path.dsv'
[0.513s] INFO:colcon.colcon_core.shell:Creating environment hook '/home/min/dev_ws/pinkbot2/install/minibot_navigation2/share/minibot_navigation2/hook/cmake_prefix_path.sh'
[0.514s] Level 1:colcon.colcon_core.environment:checking '/home/min/dev_ws/pinkbot2/install/minibot_navigation2/bin'
[0.514s] Level 1:colcon.colcon_core.environment:checking '/home/min/dev_ws/pinkbot2/install/minibot_navigation2/lib/pkgconfig/minibot_navigation2.pc'
[0.514s] Level 1:colcon.colcon_core.environment:checking '/home/min/dev_ws/pinkbot2/install/minibot_navigation2/lib/python3.10/site-packages'
[0.514s] Level 1:colcon.colcon_core.environment:checking '/home/min/dev_ws/pinkbot2/install/minibot_navigation2/bin'
[0.515s] INFO:colcon.colcon_core.shell:Creating package script '/home/min/dev_ws/pinkbot2/install/minibot_navigation2/share/minibot_navigation2/package.ps1'
[0.516s] INFO:colcon.colcon_core.shell:Creating package descriptor '/home/min/dev_ws/pinkbot2/install/minibot_navigation2/share/minibot_navigation2/package.dsv'
[0.516s] INFO:colcon.colcon_core.shell:Creating package script '/home/min/dev_ws/pinkbot2/install/minibot_navigation2/share/minibot_navigation2/package.sh'
[0.517s] INFO:colcon.colcon_core.shell:Creating package script '/home/min/dev_ws/pinkbot2/install/minibot_navigation2/share/minibot_navigation2/package.bash'
[0.517s] INFO:colcon.colcon_core.shell:Creating package script '/home/min/dev_ws/pinkbot2/install/minibot_navigation2/share/minibot_navigation2/package.zsh'
[0.517s] Level 1:colcon.colcon_core.environment:create_file_with_runtime_dependencies(/home/min/dev_ws/pinkbot2/install/minibot_navigation2/share/colcon-core/packages/minibot_navigation2)
[0.521s] Level 1:colcon.colcon_core.environment:create_environment_scripts_only(minibot_hardware_interface)
[0.521s] Level 1:colcon.colcon_core.environment:checking '/home/min/dev_ws/pinkbot2/install/minibot_hardware_interface' for CMake module files
[0.522s] DEBUG:colcon.colcon_core.event_handler.log_command:Invoking command in '/home/min/dev_ws/pinkbot2/build/minibot_gazebo': CMAKE_PREFIX_PATH=/home/min/dev_ws/pinkbot2/install/minibot_description:/home/min/dev_ws/pinkbot2/install/minibot_navigation2:/home/min/dev_ws/pinkbot2/install/minibot_controllers:/home/min/dev_ws/pinkbot2/install/minibot_interfaces:/home/min/dev_ws/pinkbot2/install/minibot_hardware_interface:/home/min/dev_ws/pinkbot2/install/minibot_bringup:/home/min/dev_ws/pinkbot2/install/minibot_gazebo:/opt/ros/humble /usr/bin/cmake --build /home/min/dev_ws/pinkbot2/build/minibot_gazebo -- -j12 -l12
[0.522s] Level 1:colcon.colcon_core.environment:checking '/home/min/dev_ws/pinkbot2/install/minibot_hardware_interface' for CMake config files
[0.522s] Level 1:colcon.colcon_core.shell:create_environment_hook('minibot_hardware_interface', 'cmake_prefix_path')
[0.523s] INFO:colcon.colcon_core.shell:Creating environment hook '/home/min/dev_ws/pinkbot2/install/minibot_hardware_interface/share/minibot_hardware_interface/hook/cmake_prefix_path.ps1'
[0.523s] INFO:colcon.colcon_core.shell:Creating environment descriptor '/home/min/dev_ws/pinkbot2/install/minibot_hardware_interface/share/minibot_hardware_interface/hook/cmake_prefix_path.dsv'
[0.524s] INFO:colcon.colcon_core.shell:Creating environment hook '/home/min/dev_ws/pinkbot2/install/minibot_hardware_interface/share/minibot_hardware_interface/hook/cmake_prefix_path.sh'
[0.524s] Level 1:colcon.colcon_core.environment:checking '/home/min/dev_ws/pinkbot2/install/minibot_hardware_interface/lib'
[0.524s] Level 1:colcon.colcon_core.shell:create_environment_hook('minibot_hardware_interface', 'ld_library_path_lib')
[0.525s] INFO:colcon.colcon_core.shell:Creating environment hook '/home/min/dev_ws/pinkbot2/install/minibot_hardware_interface/share/minibot_hardware_interface/hook/ld_library_path_lib.ps1'
[0.525s] INFO:colcon.colcon_core.shell:Creating environment descriptor '/home/min/dev_ws/pinkbot2/install/minibot_hardware_interface/share/minibot_hardware_interface/hook/ld_library_path_lib.dsv'
[0.526s] INFO:colcon.colcon_core.shell:Creating environment hook '/home/min/dev_ws/pinkbot2/install/minibot_hardware_interface/share/minibot_hardware_interface/hook/ld_library_path_lib.sh'
[0.526s] Level 1:colcon.colcon_core.environment:checking '/home/min/dev_ws/pinkbot2/install/minibot_hardware_interface/bin'
[0.526s] Level 1:colcon.colcon_core.environment:checking '/home/min/dev_ws/pinkbot2/install/minibot_hardware_interface/lib/pkgconfig/minibot_hardware_interface.pc'
[0.526s] Level 1:colcon.colcon_core.environment:checking '/home/min/dev_ws/pinkbot2/install/minibot_hardware_interface/lib/python3.10/site-packages'
[0.527s] Level 1:colcon.colcon_core.environment:checking '/home/min/dev_ws/pinkbot2/install/minibot_hardware_interface/bin'
[0.527s] INFO:colcon.colcon_core.shell:Creating package script '/home/min/dev_ws/pinkbot2/install/minibot_hardware_interface/share/minibot_hardware_interface/package.ps1'
[0.528s] INFO:colcon.colcon_core.shell:Creating package descriptor '/home/min/dev_ws/pinkbot2/install/minibot_hardware_interface/share/minibot_hardware_interface/package.dsv'
[0.528s] INFO:colcon.colcon_core.shell:Creating package script '/home/min/dev_ws/pinkbot2/install/minibot_hardware_interface/share/minibot_hardware_interface/package.sh'
[0.529s] INFO:colcon.colcon_core.shell:Creating package script '/home/min/dev_ws/pinkbot2/install/minibot_hardware_interface/share/minibot_hardware_interface/package.bash'
[0.529s] INFO:colcon.colcon_core.shell:Creating package script '/home/min/dev_ws/pinkbot2/install/minibot_hardware_interface/share/minibot_hardware_interface/package.zsh'
[0.530s] Level 1:colcon.colcon_core.environment:create_file_with_runtime_dependencies(/home/min/dev_ws/pinkbot2/install/minibot_hardware_interface/share/colcon-core/packages/minibot_hardware_interface)
[0.553s] DEBUG:colcon.colcon_core.event_handler.log_command:Invoked command in '/home/min/dev_ws/pinkbot2/build/minibot_gazebo' returned '0': CMAKE_PREFIX_PATH=/home/min/dev_ws/pinkbot2/install/minibot_description:/home/min/dev_ws/pinkbot2/install/minibot_navigation2:/home/min/dev_ws/pinkbot2/install/minibot_controllers:/home/min/dev_ws/pinkbot2/install/minibot_interfaces:/home/min/dev_ws/pinkbot2/install/minibot_hardware_interface:/home/min/dev_ws/pinkbot2/install/minibot_bringup:/home/min/dev_ws/pinkbot2/install/minibot_gazebo:/opt/ros/humble /usr/bin/cmake --build /home/min/dev_ws/pinkbot2/build/minibot_gazebo -- -j12 -l12
[0.571s] DEBUG:colcon.colcon_core.event_handler.log_command:Invoking command in '/home/min/dev_ws/pinkbot2/build/minibot_gazebo': CMAKE_PREFIX_PATH=/home/min/dev_ws/pinkbot2/install/minibot_description:/home/min/dev_ws/pinkbot2/install/minibot_navigation2:/home/min/dev_ws/pinkbot2/install/minibot_controllers:/home/min/dev_ws/pinkbot2/install/minibot_interfaces:/home/min/dev_ws/pinkbot2/install/minibot_hardware_interface:/home/min/dev_ws/pinkbot2/install/minibot_bringup:/home/min/dev_ws/pinkbot2/install/minibot_gazebo:/opt/ros/humble /usr/bin/cmake --install /home/min/dev_ws/pinkbot2/build/minibot_gazebo
[0.579s] Level 1:colcon.colcon_core.environment:create_environment_scripts_only(minibot_gazebo)
[0.580s] Level 1:colcon.colcon_core.environment:checking '/home/min/dev_ws/pinkbot2/install/minibot_gazebo' for CMake module files
[0.580s] Level 1:colcon.colcon_core.environment:checking '/home/min/dev_ws/pinkbot2/install/minibot_gazebo' for CMake config files
[0.581s] DEBUG:colcon.colcon_core.event_handler.log_command:Invoked command in '/home/min/dev_ws/pinkbot2/build/minibot_gazebo' returned '0': CMAKE_PREFIX_PATH=/home/min/dev_ws/pinkbot2/install/minibot_description:/home/min/dev_ws/pinkbot2/install/minibot_navigation2:/home/min/dev_ws/pinkbot2/install/minibot_controllers:/home/min/dev_ws/pinkbot2/install/minibot_interfaces:/home/min/dev_ws/pinkbot2/install/minibot_hardware_interface:/home/min/dev_ws/pinkbot2/install/minibot_bringup:/home/min/dev_ws/pinkbot2/install/minibot_gazebo:/opt/ros/humble /usr/bin/cmake --install /home/min/dev_ws/pinkbot2/build/minibot_gazebo
[0.581s] Level 1:colcon.colcon_core.shell:create_environment_hook('minibot_gazebo', 'cmake_prefix_path')
[0.581s] INFO:colcon.colcon_core.shell:Creating environment hook '/home/min/dev_ws/pinkbot2/install/minibot_gazebo/share/minibot_gazebo/hook/cmake_prefix_path.ps1'
[0.581s] INFO:colcon.colcon_core.shell:Creating environment descriptor '/home/min/dev_ws/pinkbot2/install/minibot_gazebo/share/minibot_gazebo/hook/cmake_prefix_path.dsv'
[0.582s] INFO:colcon.colcon_core.shell:Creating environment hook '/home/min/dev_ws/pinkbot2/install/minibot_gazebo/share/minibot_gazebo/hook/cmake_prefix_path.sh'
[0.582s] Level 1:colcon.colcon_core.environment:checking '/home/min/dev_ws/pinkbot2/install/minibot_gazebo/bin'
[0.582s] Level 1:colcon.colcon_core.environment:checking '/home/min/dev_ws/pinkbot2/install/minibot_gazebo/lib/pkgconfig/minibot_gazebo.pc'
[0.582s] Level 1:colcon.colcon_core.environment:checking '/home/min/dev_ws/pinkbot2/install/minibot_gazebo/lib/python3.10/site-packages'
[0.582s] Level 1:colcon.colcon_core.environment:checking '/home/min/dev_ws/pinkbot2/install/minibot_gazebo/bin'
[0.583s] INFO:colcon.colcon_core.shell:Creating package script '/home/min/dev_ws/pinkbot2/install/minibot_gazebo/share/minibot_gazebo/package.ps1'
[0.583s] INFO:colcon.colcon_core.shell:Creating package descriptor '/home/min/dev_ws/pinkbot2/install/minibot_gazebo/share/minibot_gazebo/package.dsv'
[0.584s] INFO:colcon.colcon_core.shell:Creating package script '/home/min/dev_ws/pinkbot2/install/minibot_gazebo/share/minibot_gazebo/package.sh'
[0.584s] INFO:colcon.colcon_core.shell:Creating package script '/home/min/dev_ws/pinkbot2/install/minibot_gazebo/share/minibot_gazebo/package.bash'
[0.584s] INFO:colcon.colcon_core.shell:Creating package script '/home/min/dev_ws/pinkbot2/install/minibot_gazebo/share/minibot_gazebo/package.zsh'
[0.584s] Level 1:colcon.colcon_core.environment:create_file_with_runtime_dependencies(/home/min/dev_ws/pinkbot2/install/minibot_gazebo/share/colcon-core/packages/minibot_gazebo)
[0.601s] Level 1:colcon.colcon_core.environment:create_environment_scripts_only(minibot_gazebo)
[0.602s] Level 1:colcon.colcon_core.environment:checking '/home/min/dev_ws/pinkbot2/install/minibot_gazebo' for CMake module files
[0.602s] Level 1:colcon.colcon_core.environment:checking '/home/min/dev_ws/pinkbot2/install/minibot_gazebo' for CMake config files
[0.602s] Level 1:colcon.colcon_core.shell:create_environment_hook('minibot_gazebo', 'cmake_prefix_path')
[0.603s] INFO:colcon.colcon_core.shell:Creating environment hook '/home/min/dev_ws/pinkbot2/install/minibot_gazebo/share/minibot_gazebo/hook/cmake_prefix_path.ps1'
[0.603s] INFO:colcon.colcon_core.shell:Creating environment descriptor '/home/min/dev_ws/pinkbot2/install/minibot_gazebo/share/minibot_gazebo/hook/cmake_prefix_path.dsv'
[0.603s] INFO:colcon.colcon_core.shell:Creating environment hook '/home/min/dev_ws/pinkbot2/install/minibot_gazebo/share/minibot_gazebo/hook/cmake_prefix_path.sh'
[0.604s] Level 1:colcon.colcon_core.environment:checking '/home/min/dev_ws/pinkbot2/install/minibot_gazebo/bin'
[0.604s] Level 1:colcon.colcon_core.environment:checking '/home/min/dev_ws/pinkbot2/install/minibot_gazebo/lib/pkgconfig/minibot_gazebo.pc'
[0.604s] Level 1:colcon.colcon_core.environment:checking '/home/min/dev_ws/pinkbot2/install/minibot_gazebo/lib/python3.10/site-packages'
[0.604s] Level 1:colcon.colcon_core.environment:checking '/home/min/dev_ws/pinkbot2/install/minibot_gazebo/bin'
[0.605s] INFO:colcon.colcon_core.shell:Creating package script '/home/min/dev_ws/pinkbot2/install/minibot_gazebo/share/minibot_gazebo/package.ps1'
[0.605s] INFO:colcon.colcon_core.shell:Creating package descriptor '/home/min/dev_ws/pinkbot2/install/minibot_gazebo/share/minibot_gazebo/package.dsv'
[0.605s] INFO:colcon.colcon_core.shell:Creating package script '/home/min/dev_ws/pinkbot2/install/minibot_gazebo/share/minibot_gazebo/package.sh'
[0.606s] INFO:colcon.colcon_core.shell:Creating package script '/home/min/dev_ws/pinkbot2/install/minibot_gazebo/share/minibot_gazebo/package.bash'
[0.606s] INFO:colcon.colcon_core.shell:Creating package script '/home/min/dev_ws/pinkbot2/install/minibot_gazebo/share/minibot_gazebo/package.zsh'
[0.607s] Level 1:colcon.colcon_core.environment:create_file_with_runtime_dependencies(/home/min/dev_ws/pinkbot2/install/minibot_gazebo/share/colcon-core/packages/minibot_gazebo)
[0.607s] INFO:colcon.colcon_ros.task.ament_cmake.build:Building ROS package in '/home/min/dev_ws/pinkbot2/src/pinklab_minibot_robot/minibot_bringup' with build type 'ament_cmake'
[0.607s] INFO:colcon.colcon_cmake.task.cmake.build:Building CMake package in '/home/min/dev_ws/pinkbot2/src/pinklab_minibot_robot/minibot_bringup'
[0.607s] INFO:colcon.colcon_core.shell:Skip shell extension 'powershell' for command environment: Not usable outside of PowerShell
[0.607s] DEBUG:colcon.colcon_core.shell:Skip shell extension 'dsv' for command environment
[0.615s] DEBUG:colcon.colcon_core.event_handler.log_command:Invoking command in '/home/min/dev_ws/pinkbot2/build/minibot_bringup': CMAKE_PREFIX_PATH=/home/min/dev_ws/pinkbot2/install/minibot_gazebo:/home/min/dev_ws/pinkbot2/install/minibot_description:/home/min/dev_ws/pinkbot2/install/minibot_navigation2:/home/min/dev_ws/pinkbot2/install/minibot_controllers:/home/min/dev_ws/pinkbot2/install/minibot_interfaces:/home/min/dev_ws/pinkbot2/install/minibot_hardware_interface:/home/min/dev_ws/pinkbot2/install/minibot_bringup:/opt/ros/humble /usr/bin/cmake --build /home/min/dev_ws/pinkbot2/build/minibot_bringup -- -j12 -l12
[0.647s] DEBUG:colcon.colcon_core.event_handler.log_command:Invoked command in '/home/min/dev_ws/pinkbot2/build/minibot_bringup' returned '0': CMAKE_PREFIX_PATH=/home/min/dev_ws/pinkbot2/install/minibot_gazebo:/home/min/dev_ws/pinkbot2/install/minibot_description:/home/min/dev_ws/pinkbot2/install/minibot_navigation2:/home/min/dev_ws/pinkbot2/install/minibot_controllers:/home/min/dev_ws/pinkbot2/install/minibot_interfaces:/home/min/dev_ws/pinkbot2/install/minibot_hardware_interface:/home/min/dev_ws/pinkbot2/install/minibot_bringup:/opt/ros/humble /usr/bin/cmake --build /home/min/dev_ws/pinkbot2/build/minibot_bringup -- -j12 -l12
[0.665s] DEBUG:colcon.colcon_core.event_handler.log_command:Invoking command in '/home/min/dev_ws/pinkbot2/build/minibot_bringup': CMAKE_PREFIX_PATH=/home/min/dev_ws/pinkbot2/install/minibot_gazebo:/home/min/dev_ws/pinkbot2/install/minibot_description:/home/min/dev_ws/pinkbot2/install/minibot_navigation2:/home/min/dev_ws/pinkbot2/install/minibot_controllers:/home/min/dev_ws/pinkbot2/install/minibot_interfaces:/home/min/dev_ws/pinkbot2/install/minibot_hardware_interface:/home/min/dev_ws/pinkbot2/install/minibot_bringup:/opt/ros/humble /usr/bin/cmake --install /home/min/dev_ws/pinkbot2/build/minibot_bringup
[0.673s] Level 1:colcon.colcon_core.environment:create_environment_scripts_only(minibot_bringup)
[0.674s] Level 1:colcon.colcon_core.environment:checking '/home/min/dev_ws/pinkbot2/install/minibot_bringup' for CMake module files
[0.674s] DEBUG:colcon.colcon_core.event_handler.log_command:Invoked command in '/home/min/dev_ws/pinkbot2/build/minibot_bringup' returned '0': CMAKE_PREFIX_PATH=/home/min/dev_ws/pinkbot2/install/minibot_gazebo:/home/min/dev_ws/pinkbot2/install/minibot_description:/home/min/dev_ws/pinkbot2/install/minibot_navigation2:/home/min/dev_ws/pinkbot2/install/minibot_controllers:/home/min/dev_ws/pinkbot2/install/minibot_interfaces:/home/min/dev_ws/pinkbot2/install/minibot_hardware_interface:/home/min/dev_ws/pinkbot2/install/minibot_bringup:/opt/ros/humble /usr/bin/cmake --install /home/min/dev_ws/pinkbot2/build/minibot_bringup
[0.675s] Level 1:colcon.colcon_core.environment:checking '/home/min/dev_ws/pinkbot2/install/minibot_bringup' for CMake config files
[0.675s] Level 1:colcon.colcon_core.shell:create_environment_hook('minibot_bringup', 'cmake_prefix_path')
[0.675s] INFO:colcon.colcon_core.shell:Creating environment hook '/home/min/dev_ws/pinkbot2/install/minibot_bringup/share/minibot_bringup/hook/cmake_prefix_path.ps1'
[0.676s] INFO:colcon.colcon_core.shell:Creating environment descriptor '/home/min/dev_ws/pinkbot2/install/minibot_bringup/share/minibot_bringup/hook/cmake_prefix_path.dsv'
[0.676s] INFO:colcon.colcon_core.shell:Creating environment hook '/home/min/dev_ws/pinkbot2/install/minibot_bringup/share/minibot_bringup/hook/cmake_prefix_path.sh'
[0.677s] Level 1:colcon.colcon_core.environment:checking '/home/min/dev_ws/pinkbot2/install/minibot_bringup/bin'
[0.677s] Level 1:colcon.colcon_core.environment:checking '/home/min/dev_ws/pinkbot2/install/minibot_bringup/lib/pkgconfig/minibot_bringup.pc'
[0.677s] Level 1:colcon.colcon_core.environment:checking '/home/min/dev_ws/pinkbot2/install/minibot_bringup/lib/python3.10/site-packages'
[0.677s] Level 1:colcon.colcon_core.environment:checking '/home/min/dev_ws/pinkbot2/install/minibot_bringup/bin'
[0.678s] INFO:colcon.colcon_core.shell:Creating package script '/home/min/dev_ws/pinkbot2/install/minibot_bringup/share/minibot_bringup/package.ps1'
[0.678s] INFO:colcon.colcon_core.shell:Creating package descriptor '/home/min/dev_ws/pinkbot2/install/minibot_bringup/share/minibot_bringup/package.dsv'
[0.678s] INFO:colcon.colcon_core.shell:Creating package script '/home/min/dev_ws/pinkbot2/install/minibot_bringup/share/minibot_bringup/package.sh'
[0.679s] INFO:colcon.colcon_core.shell:Creating package script '/home/min/dev_ws/pinkbot2/install/minibot_bringup/share/minibot_bringup/package.bash'
[0.679s] INFO:colcon.colcon_core.shell:Creating package script '/home/min/dev_ws/pinkbot2/install/minibot_bringup/share/minibot_bringup/package.zsh'
[0.680s] Level 1:colcon.colcon_core.environment:create_file_with_runtime_dependencies(/home/min/dev_ws/pinkbot2/install/minibot_bringup/share/colcon-core/packages/minibot_bringup)
[0.697s] Level 1:colcon.colcon_core.environment:create_environment_scripts_only(minibot_bringup)
[0.697s] Level 1:colcon.colcon_core.environment:checking '/home/min/dev_ws/pinkbot2/install/minibot_bringup' for CMake module files
[0.698s] Level 1:colcon.colcon_core.environment:checking '/home/min/dev_ws/pinkbot2/install/minibot_bringup' for CMake config files
[0.698s] Level 1:colcon.colcon_core.shell:create_environment_hook('minibot_bringup', 'cmake_prefix_path')
[0.698s] INFO:colcon.colcon_core.shell:Creating environment hook '/home/min/dev_ws/pinkbot2/install/minibot_bringup/share/minibot_bringup/hook/cmake_prefix_path.ps1'
[0.699s] INFO:colcon.colcon_core.shell:Creating environment descriptor '/home/min/dev_ws/pinkbot2/install/minibot_bringup/share/minibot_bringup/hook/cmake_prefix_path.dsv'
[0.699s] INFO:colcon.colcon_core.shell:Creating environment hook '/home/min/dev_ws/pinkbot2/install/minibot_bringup/share/minibot_bringup/hook/cmake_prefix_path.sh'
[0.699s] Level 1:colcon.colcon_core.environment:checking '/home/min/dev_ws/pinkbot2/install/minibot_bringup/bin'
[0.699s] Level 1:colcon.colcon_core.environment:checking '/home/min/dev_ws/pinkbot2/install/minibot_bringup/lib/pkgconfig/minibot_bringup.pc'
[0.699s] Level 1:colcon.colcon_core.environment:checking '/home/min/dev_ws/pinkbot2/install/minibot_bringup/lib/python3.10/site-packages'
[0.700s] Level 1:colcon.colcon_core.environment:checking '/home/min/dev_ws/pinkbot2/install/minibot_bringup/bin'
[0.700s] INFO:colcon.colcon_core.shell:Creating package script '/home/min/dev_ws/pinkbot2/install/minibot_bringup/share/minibot_bringup/package.ps1'
[0.700s] INFO:colcon.colcon_core.shell:Creating package descriptor '/home/min/dev_ws/pinkbot2/install/minibot_bringup/share/minibot_bringup/package.dsv'
[0.701s] INFO:colcon.colcon_core.shell:Creating package script '/home/min/dev_ws/pinkbot2/install/minibot_bringup/share/minibot_bringup/package.sh'
[0.701s] INFO:colcon.colcon_core.shell:Creating package script '/home/min/dev_ws/pinkbot2/install/minibot_bringup/share/minibot_bringup/package.bash'
[0.701s] INFO:colcon.colcon_core.shell:Creating package script '/home/min/dev_ws/pinkbot2/install/minibot_bringup/share/minibot_bringup/package.zsh'
[0.702s] Level 1:colcon.colcon_core.environment:create_file_with_runtime_dependencies(/home/min/dev_ws/pinkbot2/install/minibot_bringup/share/colcon-core/packages/minibot_bringup)
[0.744s] DEBUG:colcon.colcon_core.event_handler.log_command:Invoked command in '/home/min/dev_ws/pinkbot2/build/minibot_interfaces' returned '0': CMAKE_PREFIX_PATH=${CMAKE_PREFIX_PATH}:/opt/ros/humble /usr/bin/cmake --build /home/min/dev_ws/pinkbot2/build/minibot_interfaces -- -j12 -l12
[0.804s] DEBUG:colcon.colcon_core.event_handler.log_command:Invoking command in '/home/min/dev_ws/pinkbot2/build/minibot_interfaces': CMAKE_PREFIX_PATH=${CMAKE_PREFIX_PATH}:/opt/ros/humble /usr/bin/cmake --install /home/min/dev_ws/pinkbot2/build/minibot_interfaces
[0.846s] Level 1:colcon.colcon_core.environment:create_environment_scripts_only(minibot_interfaces)
[0.846s] Level 1:colcon.colcon_core.environment:checking '/home/min/dev_ws/pinkbot2/install/minibot_interfaces' for CMake module files
[0.847s] DEBUG:colcon.colcon_core.event_handler.log_command:Invoked command in '/home/min/dev_ws/pinkbot2/build/minibot_interfaces' returned '0': CMAKE_PREFIX_PATH=${CMAKE_PREFIX_PATH}:/opt/ros/humble /usr/bin/cmake --install /home/min/dev_ws/pinkbot2/build/minibot_interfaces
[0.847s] Level 1:colcon.colcon_core.environment:checking '/home/min/dev_ws/pinkbot2/install/minibot_interfaces' for CMake config files
[0.848s] Level 1:colcon.colcon_core.shell:create_environment_hook('minibot_interfaces', 'cmake_prefix_path')
[0.848s] INFO:colcon.colcon_core.shell:Creating environment hook '/home/min/dev_ws/pinkbot2/install/minibot_interfaces/share/minibot_interfaces/hook/cmake_prefix_path.ps1'
[0.848s] INFO:colcon.colcon_core.shell:Creating environment descriptor '/home/min/dev_ws/pinkbot2/install/minibot_interfaces/share/minibot_interfaces/hook/cmake_prefix_path.dsv'
[0.848s] INFO:colcon.colcon_core.shell:Creating environment hook '/home/min/dev_ws/pinkbot2/install/minibot_interfaces/share/minibot_interfaces/hook/cmake_prefix_path.sh'
[0.849s] Level 1:colcon.colcon_core.environment:checking '/home/min/dev_ws/pinkbot2/install/minibot_interfaces/lib'
[0.849s] Level 1:colcon.colcon_core.shell:create_environment_hook('minibot_interfaces', 'ld_library_path_lib')
[0.849s] INFO:colcon.colcon_core.shell:Creating environment hook '/home/min/dev_ws/pinkbot2/install/minibot_interfaces/share/minibot_interfaces/hook/ld_library_path_lib.ps1'
[0.849s] INFO:colcon.colcon_core.shell:Creating environment descriptor '/home/min/dev_ws/pinkbot2/install/minibot_interfaces/share/minibot_interfaces/hook/ld_library_path_lib.dsv'
[0.849s] INFO:colcon.colcon_core.shell:Creating environment hook '/home/min/dev_ws/pinkbot2/install/minibot_interfaces/share/minibot_interfaces/hook/ld_library_path_lib.sh'
[0.850s] Level 1:colcon.colcon_core.environment:checking '/home/min/dev_ws/pinkbot2/install/minibot_interfaces/bin'
[0.850s] Level 1:colcon.colcon_core.environment:checking '/home/min/dev_ws/pinkbot2/install/minibot_interfaces/lib/pkgconfig/minibot_interfaces.pc'
[0.850s] Level 1:colcon.colcon_core.environment:checking '/home/min/dev_ws/pinkbot2/install/minibot_interfaces/lib/python3.10/site-packages'
[0.850s] Level 1:colcon.colcon_core.environment:checking '/home/min/dev_ws/pinkbot2/install/minibot_interfaces/bin'
[0.850s] INFO:colcon.colcon_core.shell:Creating package script '/home/min/dev_ws/pinkbot2/install/minibot_interfaces/share/minibot_interfaces/package.ps1'
[0.851s] INFO:colcon.colcon_core.shell:Creating package descriptor '/home/min/dev_ws/pinkbot2/install/minibot_interfaces/share/minibot_interfaces/package.dsv'
[0.851s] INFO:colcon.colcon_core.shell:Creating package script '/home/min/dev_ws/pinkbot2/install/minibot_interfaces/share/minibot_interfaces/package.sh'
[0.851s] INFO:colcon.colcon_core.shell:Creating package script '/home/min/dev_ws/pinkbot2/install/minibot_interfaces/share/minibot_interfaces/package.bash'
[0.852s] INFO:colcon.colcon_core.shell:Creating package script '/home/min/dev_ws/pinkbot2/install/minibot_interfaces/share/minibot_interfaces/package.zsh'
[0.852s] Level 1:colcon.colcon_core.environment:create_file_with_runtime_dependencies(/home/min/dev_ws/pinkbot2/install/minibot_interfaces/share/colcon-core/packages/minibot_interfaces)
[0.911s] Level 1:colcon.colcon_core.environment:create_environment_scripts_only(minibot_interfaces)
[0.912s] Level 1:colcon.colcon_core.environment:checking '/home/min/dev_ws/pinkbot2/install/minibot_interfaces' for CMake module files
[0.912s] Level 1:colcon.colcon_core.environment:checking '/home/min/dev_ws/pinkbot2/install/minibot_interfaces' for CMake config files
[0.913s] Level 1:colcon.colcon_core.shell:create_environment_hook('minibot_interfaces', 'cmake_prefix_path')
[0.913s] INFO:colcon.colcon_core.shell:Creating environment hook '/home/min/dev_ws/pinkbot2/install/minibot_interfaces/share/minibot_interfaces/hook/cmake_prefix_path.ps1'
[0.913s] INFO:colcon.colcon_core.shell:Creating environment descriptor '/home/min/dev_ws/pinkbot2/install/minibot_interfaces/share/minibot_interfaces/hook/cmake_prefix_path.dsv'
[0.913s] INFO:colcon.colcon_core.shell:Creating environment hook '/home/min/dev_ws/pinkbot2/install/minibot_interfaces/share/minibot_interfaces/hook/cmake_prefix_path.sh'
[0.914s] Level 1:colcon.colcon_core.environment:checking '/home/min/dev_ws/pinkbot2/install/minibot_interfaces/lib'
[0.914s] Level 1:colcon.colcon_core.shell:create_environment_hook('minibot_interfaces', 'ld_library_path_lib')
[0.914s] INFO:colcon.colcon_core.shell:Creating environment hook '/home/min/dev_ws/pinkbot2/install/minibot_interfaces/share/minibot_interfaces/hook/ld_library_path_lib.ps1'
[0.914s] INFO:colcon.colcon_core.shell:Creating environment descriptor '/home/min/dev_ws/pinkbot2/install/minibot_interfaces/share/minibot_interfaces/hook/ld_library_path_lib.dsv'
[0.914s] INFO:colcon.colcon_core.shell:Creating environment hook '/home/min/dev_ws/pinkbot2/install/minibot_interfaces/share/minibot_interfaces/hook/ld_library_path_lib.sh'
[0.915s] Level 1:colcon.colcon_core.environment:checking '/home/min/dev_ws/pinkbot2/install/minibot_interfaces/bin'
[0.915s] Level 1:colcon.colcon_core.environment:checking '/home/min/dev_ws/pinkbot2/install/minibot_interfaces/lib/pkgconfig/minibot_interfaces.pc'
[0.915s] Level 1:colcon.colcon_core.environment:checking '/home/min/dev_ws/pinkbot2/install/minibot_interfaces/lib/python3.10/site-packages'
[0.915s] Level 1:colcon.colcon_core.environment:checking '/home/min/dev_ws/pinkbot2/install/minibot_interfaces/bin'
[0.915s] INFO:colcon.colcon_core.shell:Creating package script '/home/min/dev_ws/pinkbot2/install/minibot_interfaces/share/minibot_interfaces/package.ps1'
[0.916s] INFO:colcon.colcon_core.shell:Creating package descriptor '/home/min/dev_ws/pinkbot2/install/minibot_interfaces/share/minibot_interfaces/package.dsv'
[0.916s] INFO:colcon.colcon_core.shell:Creating package script '/home/min/dev_ws/pinkbot2/install/minibot_interfaces/share/minibot_interfaces/package.sh'
[0.916s] INFO:colcon.colcon_core.shell:Creating package script '/home/min/dev_ws/pinkbot2/install/minibot_interfaces/share/minibot_interfaces/package.bash'
[0.917s] INFO:colcon.colcon_core.shell:Creating package script '/home/min/dev_ws/pinkbot2/install/minibot_interfaces/share/minibot_interfaces/package.zsh'
[0.917s] Level 1:colcon.colcon_core.environment:create_file_with_runtime_dependencies(/home/min/dev_ws/pinkbot2/install/minibot_interfaces/share/colcon-core/packages/minibot_interfaces)
[0.917s] INFO:colcon.colcon_ros.task.ament_cmake.build:Building ROS package in '/home/min/dev_ws/pinkbot2/src/pinklab_minibot_robot/minibot_controllers' with build type 'ament_cmake'
[0.917s] INFO:colcon.colcon_cmake.task.cmake.build:Building CMake package in '/home/min/dev_ws/pinkbot2/src/pinklab_minibot_robot/minibot_controllers'
[0.917s] INFO:colcon.colcon_core.shell:Skip shell extension 'powershell' for command environment: Not usable outside of PowerShell
[0.917s] DEBUG:colcon.colcon_core.shell:Skip shell extension 'dsv' for command environment
[0.926s] DEBUG:colcon.colcon_core.event_handler.log_command:Invoking command in '/home/min/dev_ws/pinkbot2/build/minibot_controllers': CMAKE_PREFIX_PATH=/home/min/dev_ws/pinkbot2/install/minibot_interfaces:/home/min/dev_ws/pinkbot2/install/minibot_navigation2:/home/min/dev_ws/pinkbot2/install/minibot_controllers:/home/min/dev_ws/pinkbot2/install/minibot_hardware_interface:/home/min/dev_ws/pinkbot2/install/minibot_bringup:/home/min/dev_ws/pinkbot2/install/minibot_gazebo:/home/min/dev_ws/pinkbot2/install/minibot_description:/opt/ros/humble LD_LIBRARY_PATH=/home/min/dev_ws/pinkbot2/install/minibot_interfaces/lib:/home/min/dev_ws/pinkbot2/install/minibot_controllers/lib:/home/min/dev_ws/pinkbot2/install/minibot_hardware_interface/lib:/usr/lib/x86_64-linux-gnu/gazebo-11/plugins:/opt/ros/humble/opt/rviz_ogre_vendor/lib:/opt/ros/humble/lib/x86_64-linux-gnu:/opt/ros/humble/lib:/usr/local/cuda/lib64:/usr/local/cuda/extras/CUPTI/lib64:/usr/local/cuda-12.1/lib64:/usr/local/cuda-12.1/lib64:/usr/local/cuda-12.1/lib64/:/usr/lib/x86_64-linux-gnu/gazebo-11/plugins:/usr/lib/x86_64-linux-gnu/gazebo-11/plugins:/usr/lib/x86_64-linux-gnu/gazebo-11/plugins:/usr/lib/x86_64-linux-gnu/gazebo-11/plugins:/usr/lib/x86_64-linux-gnu/gazebo-11/plugins:/usr/lib/x86_64-linux-gnu/gazebo-11/plugins /usr/bin/cmake --build /home/min/dev_ws/pinkbot2/build/minibot_controllers -- -j12 -l12
[0.985s] DEBUG:colcon.colcon_core.event_handler.log_command:Invoked command in '/home/min/dev_ws/pinkbot2/build/minibot_controllers' returned '0': CMAKE_PREFIX_PATH=/home/min/dev_ws/pinkbot2/install/minibot_interfaces:/home/min/dev_ws/pinkbot2/install/minibot_navigation2:/home/min/dev_ws/pinkbot2/install/minibot_controllers:/home/min/dev_ws/pinkbot2/install/minibot_hardware_interface:/home/min/dev_ws/pinkbot2/install/minibot_bringup:/home/min/dev_ws/pinkbot2/install/minibot_gazebo:/home/min/dev_ws/pinkbot2/install/minibot_description:/opt/ros/humble LD_LIBRARY_PATH=/home/min/dev_ws/pinkbot2/install/minibot_interfaces/lib:/home/min/dev_ws/pinkbot2/install/minibot_controllers/lib:/home/min/dev_ws/pinkbot2/install/minibot_hardware_interface/lib:/usr/lib/x86_64-linux-gnu/gazebo-11/plugins:/opt/ros/humble/opt/rviz_ogre_vendor/lib:/opt/ros/humble/lib/x86_64-linux-gnu:/opt/ros/humble/lib:/usr/local/cuda/lib64:/usr/local/cuda/extras/CUPTI/lib64:/usr/local/cuda-12.1/lib64:/usr/local/cuda-12.1/lib64:/usr/local/cuda-12.1/lib64/:/usr/lib/x86_64-linux-gnu/gazebo-11/plugins:/usr/lib/x86_64-linux-gnu/gazebo-11/plugins:/usr/lib/x86_64-linux-gnu/gazebo-11/plugins:/usr/lib/x86_64-linux-gnu/gazebo-11/plugins:/usr/lib/x86_64-linux-gnu/gazebo-11/plugins:/usr/lib/x86_64-linux-gnu/gazebo-11/plugins /usr/bin/cmake --build /home/min/dev_ws/pinkbot2/build/minibot_controllers -- -j12 -l12
[1.004s] DEBUG:colcon.colcon_core.event_handler.log_command:Invoking command in '/home/min/dev_ws/pinkbot2/build/minibot_controllers': CMAKE_PREFIX_PATH=/home/min/dev_ws/pinkbot2/install/minibot_interfaces:/home/min/dev_ws/pinkbot2/install/minibot_navigation2:/home/min/dev_ws/pinkbot2/install/minibot_controllers:/home/min/dev_ws/pinkbot2/install/minibot_hardware_interface:/home/min/dev_ws/pinkbot2/install/minibot_bringup:/home/min/dev_ws/pinkbot2/install/minibot_gazebo:/home/min/dev_ws/pinkbot2/install/minibot_description:/opt/ros/humble LD_LIBRARY_PATH=/home/min/dev_ws/pinkbot2/install/minibot_interfaces/lib:/home/min/dev_ws/pinkbot2/install/minibot_controllers/lib:/home/min/dev_ws/pinkbot2/install/minibot_hardware_interface/lib:/usr/lib/x86_64-linux-gnu/gazebo-11/plugins:/opt/ros/humble/opt/rviz_ogre_vendor/lib:/opt/ros/humble/lib/x86_64-linux-gnu:/opt/ros/humble/lib:/usr/local/cuda/lib64:/usr/local/cuda/extras/CUPTI/lib64:/usr/local/cuda-12.1/lib64:/usr/local/cuda-12.1/lib64:/usr/local/cuda-12.1/lib64/:/usr/lib/x86_64-linux-gnu/gazebo-11/plugins:/usr/lib/x86_64-linux-gnu/gazebo-11/plugins:/usr/lib/x86_64-linux-gnu/gazebo-11/plugins:/usr/lib/x86_64-linux-gnu/gazebo-11/plugins:/usr/lib/x86_64-linux-gnu/gazebo-11/plugins:/usr/lib/x86_64-linux-gnu/gazebo-11/plugins /usr/bin/cmake --install /home/min/dev_ws/pinkbot2/build/minibot_controllers
[1.013s] Level 1:colcon.colcon_core.environment:create_environment_scripts_only(minibot_controllers)
[1.013s] Level 1:colcon.colcon_core.environment:checking '/home/min/dev_ws/pinkbot2/install/minibot_controllers' for CMake module files
[1.013s] DEBUG:colcon.colcon_core.event_handler.log_command:Invoked command in '/home/min/dev_ws/pinkbot2/build/minibot_controllers' returned '0': CMAKE_PREFIX_PATH=/home/min/dev_ws/pinkbot2/install/minibot_interfaces:/home/min/dev_ws/pinkbot2/install/minibot_navigation2:/home/min/dev_ws/pinkbot2/install/minibot_controllers:/home/min/dev_ws/pinkbot2/install/minibot_hardware_interface:/home/min/dev_ws/pinkbot2/install/minibot_bringup:/home/min/dev_ws/pinkbot2/install/minibot_gazebo:/home/min/dev_ws/pinkbot2/install/minibot_description:/opt/ros/humble LD_LIBRARY_PATH=/home/min/dev_ws/pinkbot2/install/minibot_interfaces/lib:/home/min/dev_ws/pinkbot2/install/minibot_controllers/lib:/home/min/dev_ws/pinkbot2/install/minibot_hardware_interface/lib:/usr/lib/x86_64-linux-gnu/gazebo-11/plugins:/opt/ros/humble/opt/rviz_ogre_vendor/lib:/opt/ros/humble/lib/x86_64-linux-gnu:/opt/ros/humble/lib:/usr/local/cuda/lib64:/usr/local/cuda/extras/CUPTI/lib64:/usr/local/cuda-12.1/lib64:/usr/local/cuda-12.1/lib64:/usr/local/cuda-12.1/lib64/:/usr/lib/x86_64-linux-gnu/gazebo-11/plugins:/usr/lib/x86_64-linux-gnu/gazebo-11/plugins:/usr/lib/x86_64-linux-gnu/gazebo-11/plugins:/usr/lib/x86_64-linux-gnu/gazebo-11/plugins:/usr/lib/x86_64-linux-gnu/gazebo-11/plugins:/usr/lib/x86_64-linux-gnu/gazebo-11/plugins /usr/bin/cmake --install /home/min/dev_ws/pinkbot2/build/minibot_controllers
[1.014s] Level 1:colcon.colcon_core.environment:checking '/home/min/dev_ws/pinkbot2/install/minibot_controllers' for CMake config files
[1.014s] Level 1:colcon.colcon_core.shell:create_environment_hook('minibot_controllers', 'cmake_prefix_path')
[1.014s] INFO:colcon.colcon_core.shell:Creating environment hook '/home/min/dev_ws/pinkbot2/install/minibot_controllers/share/minibot_controllers/hook/cmake_prefix_path.ps1'
[1.015s] INFO:colcon.colcon_core.shell:Creating environment descriptor '/home/min/dev_ws/pinkbot2/install/minibot_controllers/share/minibot_controllers/hook/cmake_prefix_path.dsv'
[1.015s] INFO:colcon.colcon_core.shell:Creating environment hook '/home/min/dev_ws/pinkbot2/install/minibot_controllers/share/minibot_controllers/hook/cmake_prefix_path.sh'
[1.015s] Level 1:colcon.colcon_core.environment:checking '/home/min/dev_ws/pinkbot2/install/minibot_controllers/lib'
[1.015s] Level 1:colcon.colcon_core.shell:create_environment_hook('minibot_controllers', 'ld_library_path_lib')
[1.015s] INFO:colcon.colcon_core.shell:Creating environment hook '/home/min/dev_ws/pinkbot2/install/minibot_controllers/share/minibot_controllers/hook/ld_library_path_lib.ps1'
[1.016s] INFO:colcon.colcon_core.shell:Creating environment descriptor '/home/min/dev_ws/pinkbot2/install/minibot_controllers/share/minibot_controllers/hook/ld_library_path_lib.dsv'
[1.016s] INFO:colcon.colcon_core.shell:Creating environment hook '/home/min/dev_ws/pinkbot2/install/minibot_controllers/share/minibot_controllers/hook/ld_library_path_lib.sh'
[1.016s] Level 1:colcon.colcon_core.environment:checking '/home/min/dev_ws/pinkbot2/install/minibot_controllers/bin'
[1.016s] Level 1:colcon.colcon_core.environment:checking '/home/min/dev_ws/pinkbot2/install/minibot_controllers/lib/pkgconfig/minibot_controllers.pc'
[1.016s] Level 1:colcon.colcon_core.environment:checking '/home/min/dev_ws/pinkbot2/install/minibot_controllers/lib/python3.10/site-packages'
[1.017s] Level 1:colcon.colcon_core.environment:checking '/home/min/dev_ws/pinkbot2/install/minibot_controllers/bin'
[1.017s] INFO:colcon.colcon_core.shell:Creating package script '/home/min/dev_ws/pinkbot2/install/minibot_controllers/share/minibot_controllers/package.ps1'
[1.017s] INFO:colcon.colcon_core.shell:Creating package descriptor '/home/min/dev_ws/pinkbot2/install/minibot_controllers/share/minibot_controllers/package.dsv'
[1.017s] INFO:colcon.colcon_core.shell:Creating package script '/home/min/dev_ws/pinkbot2/install/minibot_controllers/share/minibot_controllers/package.sh'
[1.018s] INFO:colcon.colcon_core.shell:Creating package script '/home/min/dev_ws/pinkbot2/install/minibot_controllers/share/minibot_controllers/package.bash'
[1.018s] INFO:colcon.colcon_core.shell:Creating package script '/home/min/dev_ws/pinkbot2/install/minibot_controllers/share/minibot_controllers/package.zsh'
[1.018s] Level 1:colcon.colcon_core.environment:create_file_with_runtime_dependencies(/home/min/dev_ws/pinkbot2/install/minibot_controllers/share/colcon-core/packages/minibot_controllers)
[1.038s] Level 1:colcon.colcon_core.environment:create_environment_scripts_only(minibot_controllers)
[1.038s] Level 1:colcon.colcon_core.environment:checking '/home/min/dev_ws/pinkbot2/install/minibot_controllers' for CMake module files
[1.038s] Level 1:colcon.colcon_core.environment:checking '/home/min/dev_ws/pinkbot2/install/minibot_controllers' for CMake config files
[1.039s] Level 1:colcon.colcon_core.shell:create_environment_hook('minibot_controllers', 'cmake_prefix_path')
[1.039s] INFO:colcon.colcon_core.shell:Creating environment hook '/home/min/dev_ws/pinkbot2/install/minibot_controllers/share/minibot_controllers/hook/cmake_prefix_path.ps1'
[1.039s] INFO:colcon.colcon_core.shell:Creating environment descriptor '/home/min/dev_ws/pinkbot2/install/minibot_controllers/share/minibot_controllers/hook/cmake_prefix_path.dsv'
[1.039s] INFO:colcon.colcon_core.shell:Creating environment hook '/home/min/dev_ws/pinkbot2/install/minibot_controllers/share/minibot_controllers/hook/cmake_prefix_path.sh'
[1.040s] Level 1:colcon.colcon_core.environment:checking '/home/min/dev_ws/pinkbot2/install/minibot_controllers/lib'
[1.040s] Level 1:colcon.colcon_core.shell:create_environment_hook('minibot_controllers', 'ld_library_path_lib')
[1.040s] INFO:colcon.colcon_core.shell:Creating environment hook '/home/min/dev_ws/pinkbot2/install/minibot_controllers/share/minibot_controllers/hook/ld_library_path_lib.ps1'
[1.040s] INFO:colcon.colcon_core.shell:Creating environment descriptor '/home/min/dev_ws/pinkbot2/install/minibot_controllers/share/minibot_controllers/hook/ld_library_path_lib.dsv'
[1.041s] INFO:colcon.colcon_core.shell:Creating environment hook '/home/min/dev_ws/pinkbot2/install/minibot_controllers/share/minibot_controllers/hook/ld_library_path_lib.sh'
[1.041s] Level 1:colcon.colcon_core.environment:checking '/home/min/dev_ws/pinkbot2/install/minibot_controllers/bin'
[1.041s] Level 1:colcon.colcon_core.environment:checking '/home/min/dev_ws/pinkbot2/install/minibot_controllers/lib/pkgconfig/minibot_controllers.pc'
[1.041s] Level 1:colcon.colcon_core.environment:checking '/home/min/dev_ws/pinkbot2/install/minibot_controllers/lib/python3.10/site-packages'
[1.041s] Level 1:colcon.colcon_core.environment:checking '/home/min/dev_ws/pinkbot2/install/minibot_controllers/bin'
[1.041s] INFO:colcon.colcon_core.shell:Creating package script '/home/min/dev_ws/pinkbot2/install/minibot_controllers/share/minibot_controllers/package.ps1'
[1.042s] INFO:colcon.colcon_core.shell:Creating package descriptor '/home/min/dev_ws/pinkbot2/install/minibot_controllers/share/minibot_controllers/package.dsv'
[1.042s] INFO:colcon.colcon_core.shell:Creating package script '/home/min/dev_ws/pinkbot2/install/minibot_controllers/share/minibot_controllers/package.sh'
[1.043s] INFO:colcon.colcon_core.shell:Creating package script '/home/min/dev_ws/pinkbot2/install/minibot_controllers/share/minibot_controllers/package.bash'
[1.043s] INFO:colcon.colcon_core.shell:Creating package script '/home/min/dev_ws/pinkbot2/install/minibot_controllers/share/minibot_controllers/package.zsh'
[1.043s] Level 1:colcon.colcon_core.environment:create_file_with_runtime_dependencies(/home/min/dev_ws/pinkbot2/install/minibot_controllers/share/colcon-core/packages/minibot_controllers)
[1.043s] DEBUG:colcon.colcon_parallel_executor.executor.parallel:closing loop
[1.044s] DEBUG:colcon.colcon_parallel_executor.executor.parallel:loop closed
[1.044s] DEBUG:colcon.colcon_parallel_executor.executor.parallel:run_until_complete finished with '0'
[1.044s] DEBUG:colcon.colcon_core.event_reactor:joining thread
[1.048s] INFO:colcon.colcon_core.plugin_system:Skipping extension 'colcon_notification.desktop_notification.terminal_notifier': Not used on non-Darwin systems
[1.048s] INFO:colcon.colcon_core.plugin_system:Skipping extension 'colcon_notification.desktop_notification.win32': Not used on non-Windows systems
[1.048s] INFO:colcon.colcon_notification.desktop_notification:Sending desktop notification using 'notify2'
[1.057s] DEBUG:colcon.colcon_core.event_reactor:joined thread
[1.057s] INFO:colcon.colcon_core.shell:Creating prefix script '/home/min/dev_ws/pinkbot2/install/local_setup.ps1'
[1.058s] INFO:colcon.colcon_core.shell:Creating prefix util module '/home/min/dev_ws/pinkbot2/install/_local_setup_util_ps1.py'
[1.059s] INFO:colcon.colcon_core.shell:Creating prefix chain script '/home/min/dev_ws/pinkbot2/install/setup.ps1'
[1.060s] INFO:colcon.colcon_core.shell:Creating prefix script '/home/min/dev_ws/pinkbot2/install/local_setup.sh'
[1.060s] INFO:colcon.colcon_core.shell:Creating prefix util module '/home/min/dev_ws/pinkbot2/install/_local_setup_util_sh.py'
[1.061s] INFO:colcon.colcon_core.shell:Creating prefix chain script '/home/min/dev_ws/pinkbot2/install/setup.sh'
[1.062s] INFO:colcon.colcon_core.shell:Creating prefix script '/home/min/dev_ws/pinkbot2/install/local_setup.bash'
[1.062s] INFO:colcon.colcon_core.shell:Creating prefix chain script '/home/min/dev_ws/pinkbot2/install/setup.bash'
[1.063s] INFO:colcon.colcon_core.shell:Creating prefix script '/home/min/dev_ws/pinkbot2/install/local_setup.zsh'
[1.063s] INFO:colcon.colcon_core.shell:Creating prefix chain script '/home/min/dev_ws/pinkbot2/install/setup.zsh'
